#
# There is insufficient memory for the Java Runtime Environment to continue.
# Native memory allocation (malloc) failed to allocate 842416 bytes for Chunk::new
# Possible reasons:
#   The system is out of physical RAM or swap space
#   The process is running with CompressedOops enabled, and the Java Heap may be blocking the growth of the native heap
# Possible solutions:
#   Reduce memory load on the system
#   Increase physical memory or swap space
#   Check if swap backing store is full
#   Decrease Java heap size (-Xmx/-Xms)
#   Decrease number of Java threads
#   Decrease Java thread stack sizes (-Xss)
#   Set larger code cache with -XX:ReservedCodeCacheSize=
#   JVM is running with Unscaled Compressed Oops mode in which the Java heap is
#     placed in the first 4GB address space. The Java Heap base address is the
#     maximum limit for the native heap growth. Please use -XX:HeapBaseMinAddress
#     to set the Java Heap base and to place the Java Heap above 4GB virtual address.
# This output file may be truncated or incomplete.
#
#  Out of Memory Error (arena.cpp:189), pid=20864, tid=20016
#
# JRE version: OpenJDK Runtime Environment JBR-17.0.7+7-1000.6-jcef (17.0.7+7) (build 17.0.7+7-b1000.6)
# Java VM: OpenJDK 64-Bit Server VM JBR-17.0.7+7-1000.6-jcef (17.0.7+7-b1000.6, mixed mode, tiered, compressed oops, compressed class ptrs, g1 gc, windows-amd64)
# No core dump will be written. Minidumps are not enabled by default on client versions of Windows
#

---------------  S U M M A R Y ------------

Command Line: --add-opens=java.base/java.util.concurrent.atomic=ALL-UNNAMED -XX:MaxMetaspaceSize=384m -XX:+HeapDumpOnOutOfMemoryError --add-opens=java.base/java.util=ALL-UNNAMED --add-opens=java.base/java.lang=ALL-UNNAMED --add-opens=java.base/java.lang.invoke=ALL-UNNAMED --add-opens=java.prefs/java.util.prefs=ALL-UNNAMED --add-opens=java.base/java.nio.charset=ALL-UNNAMED --add-opens=java.base/java.net=ALL-UNNAMED --add-opens=java.base/java.util.concurrent.atomic=ALL-UNNAMED -Xms256m -Xmx512m -Dfile.encoding=UTF-8 -Duser.country=JP -Duser.language=ja -Duser.variant -javaagent:C:\demo\gradle\wrapper\dists\gradle-8.8-bin\dl7vupf4psengwqhwktix4v1\gradle-8.8\lib\agents\gradle-instrumentation-agent-8.8.jar org.gradle.launcher.daemon.bootstrap.GradleDaemon 8.8

Host: Intel(R) Celeron(R) CPU 3965Y @ 1.50GHz, 2 cores, 3G,  Windows 10 , 64 bit Build 19041 (10.0.19041.4842)
Time: Fri Sep 27 11:50:24 2024  Windows 10 , 64 bit Build 19041 (10.0.19041.4842) elapsed time: 30.227026 seconds (0d 0h 0m 30s)

---------------  T H R E A D  ---------------

Current thread (0x0000022663270460):  JavaThread "C2 CompilerThread0" daemon [_thread_in_native, id=20016, stack(0x0000006916b00000,0x0000006916c00000)]


Current CompileTask:
C2:  30227 3943   !   4       java.lang.ClassLoader::loadClass (121 bytes)

Stack: [0x0000006916b00000,0x0000006916c00000]
Native frames: (J=compiled Java code, j=interpreted, Vv=VM code, C=native code)
V  [jvm.dll+0x683bfa]


---------------  P R O C E S S  ---------------

Threads class SMR info:
_java_thread_list=0x000002266f3eac50, length=33, elements={
0x000002264d0f0010, 0x000002266323c270, 0x000002266323e890, 0x000002266326baa0,
0x000002266326e370, 0x000002266326ed20, 0x000002266326f6d0, 0x0000022663270460,
0x0000022663285010, 0x00000226632f13a0, 0x00000226633ac830, 0x00000226634d70b0,
0x000002266c385640, 0x000002266c2be580, 0x000002266c765550, 0x000002266c433f20,
0x000002266c93e030, 0x000002266c4a7400, 0x000002266bd33e90, 0x000002266bc59030,
0x000002266c407740, 0x000002266c409dc0, 0x000002266c40a290, 0x000002266c407c10,
0x000002266c4080e0, 0x000002266c40a760, 0x000002266c4085b0, 0x000002266c40ac30,
0x000002266c408f50, 0x000002266c408a80, 0x000002266d415110, 0x000002266d418fa0,
0x000002266d419e10
}

Java Threads: ( => current thread )
  0x000002264d0f0010 JavaThread "main" [_thread_blocked, id=17752, stack(0x0000006915e00000,0x0000006915f00000)]
  0x000002266323c270 JavaThread "Reference Handler" daemon [_thread_blocked, id=14836, stack(0x0000006916500000,0x0000006916600000)]
  0x000002266323e890 JavaThread "Finalizer" daemon [_thread_blocked, id=14136, stack(0x0000006916600000,0x0000006916700000)]
  0x000002266326baa0 JavaThread "Signal Dispatcher" daemon [_thread_blocked, id=12256, stack(0x0000006916700000,0x0000006916800000)]
  0x000002266326e370 JavaThread "Attach Listener" daemon [_thread_blocked, id=18360, stack(0x0000006916800000,0x0000006916900000)]
  0x000002266326ed20 JavaThread "Service Thread" daemon [_thread_blocked, id=15236, stack(0x0000006916900000,0x0000006916a00000)]
  0x000002266326f6d0 JavaThread "Monitor Deflation Thread" daemon [_thread_blocked, id=15012, stack(0x0000006916a00000,0x0000006916b00000)]
=>0x0000022663270460 JavaThread "C2 CompilerThread0" daemon [_thread_in_native, id=20016, stack(0x0000006916b00000,0x0000006916c00000)]
  0x0000022663285010 JavaThread "C1 CompilerThread0" daemon [_thread_blocked, id=8568, stack(0x0000006916c00000,0x0000006916d00000)]
  0x00000226632f13a0 JavaThread "Sweeper thread" daemon [_thread_blocked, id=4292, stack(0x0000006916d00000,0x0000006916e00000)]
  0x00000226633ac830 JavaThread "Common-Cleaner" daemon [_thread_blocked, id=14668, stack(0x0000006916e00000,0x0000006916f00000)]
  0x00000226634d70b0 JavaThread "Notification Thread" daemon [_thread_blocked, id=9184, stack(0x0000006916f00000,0x0000006917000000)]
  0x000002266c385640 JavaThread "Daemon health stats" [_thread_blocked, id=18464, stack(0x0000006917200000,0x0000006917300000)]
  0x000002266c2be580 JavaThread "Incoming local TCP Connector on port 57548" [_thread_in_native, id=7888, stack(0x0000006917300000,0x0000006917400000)]
  0x000002266c765550 JavaThread "Daemon periodic checks" [_thread_blocked, id=10640, stack(0x0000006917400000,0x0000006917500000)]
  0x000002266c433f20 JavaThread "Daemon" [_thread_blocked, id=15976, stack(0x0000006917500000,0x0000006917600000)]
  0x000002266c93e030 JavaThread "Handler for socket connection from /127.0.0.1:57548 to /127.0.0.1:57549" [_thread_in_native, id=16712, stack(0x0000006917600000,0x0000006917700000)]
  0x000002266c4a7400 JavaThread "Cancel handler" [_thread_blocked, id=13236, stack(0x0000006917700000,0x0000006917800000)]
  0x000002266bd33e90 JavaThread "Daemon worker" [_thread_in_Java, id=14120, stack(0x0000006917800000,0x0000006917900000)]
  0x000002266bc59030 JavaThread "Asynchronous log dispatcher for DefaultDaemonConnection: socket connection from /127.0.0.1:57548 to /127.0.0.1:57549" [_thread_blocked, id=19268, stack(0x0000006917900000,0x0000006917a00000)]
  0x000002266c407740 JavaThread "Stdin handler" [_thread_blocked, id=2496, stack(0x0000006917a00000,0x0000006917b00000)]
  0x000002266c409dc0 JavaThread "Daemon client event forwarder" [_thread_blocked, id=17508, stack(0x0000006917b00000,0x0000006917c00000)]
  0x000002266c40a290 JavaThread "Cache worker for journal cache (C:\demo\gradle\caches\journal-1)" [_thread_blocked, id=5792, stack(0x0000006917c00000,0x0000006917d00000)]
  0x000002266c407c10 JavaThread "File lock request listener" [_thread_in_native, id=5548, stack(0x0000006917d00000,0x0000006917e00000)]
  0x000002266c4080e0 JavaThread "Cache worker for file hash cache (C:\demo\gradle\caches\8.8\fileHashes)" [_thread_blocked, id=8836, stack(0x0000006917e00000,0x0000006917f00000)]
  0x000002266c40a760 JavaThread "Cache worker for file hash cache (C:\petmanagment\.gradle\8.8\fileHashes)" [_thread_blocked, id=2080, stack(0x0000006917f00000,0x0000006918000000)]
  0x000002266c4085b0 JavaThread "File watcher server" daemon [_thread_in_native, id=15920, stack(0x0000006918000000,0x0000006918100000)]
  0x000002266c40ac30 JavaThread "File watcher consumer" daemon [_thread_blocked, id=20124, stack(0x0000006918100000,0x0000006918200000)]
  0x000002266c408f50 JavaThread "Cache worker for checksums cache (C:\petmanagment\.gradle\8.8\checksums)" [_thread_blocked, id=3872, stack(0x0000006918200000,0x0000006918300000)]
  0x000002266c408a80 JavaThread "Cache worker for file content cache (C:\demo\gradle\caches\8.8\fileContent)" [_thread_blocked, id=11380, stack(0x0000006918300000,0x0000006918400000)]
  0x000002266d415110 JavaThread "jar transforms" [_thread_blocked, id=6596, stack(0x0000006918600000,0x0000006918700000)]
  0x000002266d418fa0 JavaThread "jar transforms Thread 2" [_thread_blocked, id=236, stack(0x0000006918700000,0x0000006918800000)]
  0x000002266d419e10 JavaThread "DisconnectableInputStream source reader" daemon [_thread_blocked, id=7468, stack(0x0000006918400000,0x0000006918500000)]

Other Threads:
  0x000002264b0dec50 VMThread "VM Thread" [stack: 0x0000006916400000,0x0000006916500000] [id=656]
  0x0000022663510030 WatcherThread [stack: 0x0000006917000000,0x0000006917100000] [id=6060]
  0x000002264d11b5c0 GCTaskThread "GC Thread#0" [stack: 0x0000006915f00000,0x0000006916000000] [id=13300]
  0x0000022663594820 GCTaskThread "GC Thread#1" [stack: 0x0000006917100000,0x0000006917200000] [id=18756]
  0x000002264d1227e0 ConcurrentGCThread "G1 Main Marker" [stack: 0x0000006916000000,0x0000006916100000] [id=2960]
  0x000002264d1231f0 ConcurrentGCThread "G1 Conc#0" [stack: 0x0000006916100000,0x0000006916200000] [id=13296]
  0x000002264d18e9f0 ConcurrentGCThread "G1 Refine#0" [stack: 0x0000006916200000,0x0000006916300000] [id=21392]
  0x0000022662ef9340 ConcurrentGCThread "G1 Service" [stack: 0x0000006916300000,0x0000006916400000] [id=19252]

Threads with active compile tasks:
C2 CompilerThread0    30623 3943   !   4       java.lang.ClassLoader::loadClass (121 bytes)

VM state: not at safepoint (normal execution)

VM Mutex/Monitor currently owned by a thread: None

OutOfMemory and StackOverflow Exception counts:
OutOfMemoryError java_heap_errors=1
LinkageErrors=80

Heap address: 0x00000000e0000000, size: 512 MB, Compressed Oops mode: 32-bit

CDS archive(s) not mapped
Compressed class space mapped at: 0x0000000100000000-0x0000000114000000, reserved size: 335544320
Narrow klass base: 0x0000000000000000, Narrow klass shift: 3, Narrow klass range: 0x114000000

GC Precious Log:
 CPUs: 2 total, 2 available
 Memory: 4009M
 Large Page Support: Disabled
 NUMA Support: Disabled
 Compressed Oops: Enabled (32-bit)
 Heap Region Size: 1M
 Heap Min Capacity: 256M
 Heap Initial Capacity: 256M
 Heap Max Capacity: 512M
 Pre-touch: Disabled
 Parallel Workers: 2
 Concurrent Workers: 1
 Concurrent Refinement Workers: 2
 Periodic GC: Disabled

Heap:
 garbage-first heap   total 262144K, used 92970K [0x00000000e0000000, 0x0000000100000000)
  region size 1024K, 66 young (67584K), 1 survivors (1024K)
 Metaspace       used 44761K, committed 45184K, reserved 393216K
  class space    used 6003K, committed 6208K, reserved 327680K

Heap Regions: E=young(eden), S=young(survivor), O=old, HS=humongous(starts), HC=humongous(continues), CS=collection set, F=free, OA=open archive, CA=closed archive, TAMS=top-at-mark-start (previous, next)
|   0|0x00000000e0000000, 0x00000000e0100000, 0x00000000e0100000|100%|HS|  |TAMS 0x00000000e0100000, 0x00000000e0000000| Complete 
|   1|0x00000000e0100000, 0x00000000e0200000, 0x00000000e0200000|100%|HC|  |TAMS 0x00000000e0200000, 0x00000000e0100000| Complete 
|   2|0x00000000e0200000, 0x00000000e0300000, 0x00000000e0300000|100%|HC|  |TAMS 0x00000000e0300000, 0x00000000e0200000| Complete 
|   3|0x00000000e0300000, 0x00000000e0400000, 0x00000000e0400000|100%|HC|  |TAMS 0x00000000e0400000, 0x00000000e0300000| Complete 
|   4|0x00000000e0400000, 0x00000000e0500000, 0x00000000e0500000|100%| O|  |TAMS 0x00000000e0500000, 0x00000000e0400000| Untracked 
|   5|0x00000000e0500000, 0x00000000e0600000, 0x00000000e0600000|100%| O|  |TAMS 0x00000000e0600000, 0x00000000e0500000| Untracked 
|   6|0x00000000e0600000, 0x00000000e0700000, 0x00000000e0700000|100%|HS|  |TAMS 0x00000000e0600000, 0x00000000e0600000| Complete 
|   7|0x00000000e0700000, 0x00000000e0800000, 0x00000000e0800000|100%| O|  |TAMS 0x00000000e0800000, 0x00000000e0700000| Untracked 
|   8|0x00000000e0800000, 0x00000000e0900000, 0x00000000e0900000|100%| O|  |TAMS 0x00000000e0900000, 0x00000000e0800000| Untracked 
|   9|0x00000000e0900000, 0x00000000e0a00000, 0x00000000e0a00000|100%| O|  |TAMS 0x00000000e0a00000, 0x00000000e0900000| Untracked 
|  10|0x00000000e0a00000, 0x00000000e0b00000, 0x00000000e0b00000|100%| O|  |TAMS 0x00000000e0b00000, 0x00000000e0a00000| Untracked 
|  11|0x00000000e0b00000, 0x00000000e0c00000, 0x00000000e0c00000|100%|HS|  |TAMS 0x00000000e0c00000, 0x00000000e0b00000| Complete 
|  12|0x00000000e0c00000, 0x00000000e0d00000, 0x00000000e0d00000|100%| O|  |TAMS 0x00000000e0d00000, 0x00000000e0c00000| Untracked 
|  13|0x00000000e0d00000, 0x00000000e0e00000, 0x00000000e0e00000|100%| O|  |TAMS 0x00000000e0e00000, 0x00000000e0d00000| Untracked 
|  14|0x00000000e0e00000, 0x00000000e0f00000, 0x00000000e0f00000|100%| O|  |TAMS 0x00000000e0f00000, 0x00000000e0e00000| Untracked 
|  15|0x00000000e0f00000, 0x00000000e1000000, 0x00000000e1000000|100%| O|  |TAMS 0x00000000e1000000, 0x00000000e0f00000| Untracked 
|  16|0x00000000e1000000, 0x00000000e1100000, 0x00000000e1100000|100%| O|  |TAMS 0x00000000e1100000, 0x00000000e1000000| Untracked 
|  17|0x00000000e1100000, 0x00000000e1200000, 0x00000000e1200000|100%| O|  |TAMS 0x00000000e1200000, 0x00000000e1100000| Untracked 
|  18|0x00000000e1200000, 0x00000000e1300000, 0x00000000e1300000|100%| O|  |TAMS 0x00000000e1300000, 0x00000000e1200000| Untracked 
|  19|0x00000000e1300000, 0x00000000e1400000, 0x00000000e1400000|100%| O|  |TAMS 0x00000000e1400000, 0x00000000e1300000| Untracked 
|  20|0x00000000e1400000, 0x00000000e1500000, 0x00000000e1500000|100%| O|  |TAMS 0x00000000e1500000, 0x00000000e1400000| Untracked 
|  21|0x00000000e1500000, 0x00000000e1600000, 0x00000000e1600000|100%| O|  |TAMS 0x00000000e1600000, 0x00000000e1500000| Untracked 
|  22|0x00000000e1600000, 0x00000000e1700000, 0x00000000e1700000|100%| O|  |TAMS 0x00000000e1700000, 0x00000000e1600000| Untracked 
|  23|0x00000000e1700000, 0x00000000e1800000, 0x00000000e1800000|100%| O|  |TAMS 0x00000000e1800000, 0x00000000e1700000| Untracked 
|  24|0x00000000e1800000, 0x00000000e1900000, 0x00000000e1900000|100%| O|  |TAMS 0x00000000e1900000, 0x00000000e1800000| Untracked 
|  25|0x00000000e1900000, 0x00000000e1946000, 0x00000000e1a00000| 27%| O|  |TAMS 0x00000000e1946000, 0x00000000e1900000| Untracked 
|  26|0x00000000e1a00000, 0x00000000e1b00000, 0x00000000e1b00000|100%|HS|  |TAMS 0x00000000e1a00000, 0x00000000e1a00000| Complete 
|  27|0x00000000e1b00000, 0x00000000e1c00000, 0x00000000e1c00000|100%|HC|  |TAMS 0x00000000e1b00000, 0x00000000e1b00000| Complete 
|  28|0x00000000e1c00000, 0x00000000e1c00000, 0x00000000e1d00000|  0%| F|  |TAMS 0x00000000e1c00000, 0x00000000e1c00000| Untracked 
|  29|0x00000000e1d00000, 0x00000000e1d00000, 0x00000000e1e00000|  0%| F|  |TAMS 0x00000000e1d00000, 0x00000000e1d00000| Untracked 
|  30|0x00000000e1e00000, 0x00000000e1e00000, 0x00000000e1f00000|  0%| F|  |TAMS 0x00000000e1e00000, 0x00000000e1e00000| Untracked 
|  31|0x00000000e1f00000, 0x00000000e1f00000, 0x00000000e2000000|  0%| F|  |TAMS 0x00000000e1f00000, 0x00000000e1f00000| Untracked 
|  32|0x00000000e2000000, 0x00000000e2000000, 0x00000000e2100000|  0%| F|  |TAMS 0x00000000e2000000, 0x00000000e2000000| Untracked 
|  33|0x00000000e2100000, 0x00000000e2100000, 0x00000000e2200000|  0%| F|  |TAMS 0x00000000e2100000, 0x00000000e2100000| Untracked 
|  34|0x00000000e2200000, 0x00000000e2200000, 0x00000000e2300000|  0%| F|  |TAMS 0x00000000e2200000, 0x00000000e2200000| Untracked 
|  35|0x00000000e2300000, 0x00000000e2300000, 0x00000000e2400000|  0%| F|  |TAMS 0x00000000e2300000, 0x00000000e2300000| Untracked 
|  36|0x00000000e2400000, 0x00000000e2400000, 0x00000000e2500000|  0%| F|  |TAMS 0x00000000e2400000, 0x00000000e2400000| Untracked 
|  37|0x00000000e2500000, 0x00000000e2500000, 0x00000000e2600000|  0%| F|  |TAMS 0x00000000e2500000, 0x00000000e2500000| Untracked 
|  38|0x00000000e2600000, 0x00000000e2600000, 0x00000000e2700000|  0%| F|  |TAMS 0x00000000e2600000, 0x00000000e2600000| Untracked 
|  39|0x00000000e2700000, 0x00000000e2700000, 0x00000000e2800000|  0%| F|  |TAMS 0x00000000e2700000, 0x00000000e2700000| Untracked 
|  40|0x00000000e2800000, 0x00000000e2800000, 0x00000000e2900000|  0%| F|  |TAMS 0x00000000e2800000, 0x00000000e2800000| Untracked 
|  41|0x00000000e2900000, 0x00000000e2900000, 0x00000000e2a00000|  0%| F|  |TAMS 0x00000000e2900000, 0x00000000e2900000| Untracked 
|  42|0x00000000e2a00000, 0x00000000e2a00000, 0x00000000e2b00000|  0%| F|  |TAMS 0x00000000e2a00000, 0x00000000e2a00000| Untracked 
|  43|0x00000000e2b00000, 0x00000000e2b00000, 0x00000000e2c00000|  0%| F|  |TAMS 0x00000000e2b00000, 0x00000000e2b00000| Untracked 
|  44|0x00000000e2c00000, 0x00000000e2c00000, 0x00000000e2d00000|  0%| F|  |TAMS 0x00000000e2c00000, 0x00000000e2c00000| Untracked 
|  45|0x00000000e2d00000, 0x00000000e2d00000, 0x00000000e2e00000|  0%| F|  |TAMS 0x00000000e2d00000, 0x00000000e2d00000| Untracked 
|  46|0x00000000e2e00000, 0x00000000e2e00000, 0x00000000e2f00000|  0%| F|  |TAMS 0x00000000e2e00000, 0x00000000e2e00000| Untracked 
|  47|0x00000000e2f00000, 0x00000000e2f00000, 0x00000000e3000000|  0%| F|  |TAMS 0x00000000e2f00000, 0x00000000e2f00000| Untracked 
|  48|0x00000000e3000000, 0x00000000e3000000, 0x00000000e3100000|  0%| F|  |TAMS 0x00000000e3000000, 0x00000000e3000000| Untracked 
|  49|0x00000000e3100000, 0x00000000e3100000, 0x00000000e3200000|  0%| F|  |TAMS 0x00000000e3100000, 0x00000000e3100000| Untracked 
|  50|0x00000000e3200000, 0x00000000e3200000, 0x00000000e3300000|  0%| F|  |TAMS 0x00000000e3200000, 0x00000000e3200000| Untracked 
|  51|0x00000000e3300000, 0x00000000e3300000, 0x00000000e3400000|  0%| F|  |TAMS 0x00000000e3300000, 0x00000000e3300000| Untracked 
|  52|0x00000000e3400000, 0x00000000e3400000, 0x00000000e3500000|  0%| F|  |TAMS 0x00000000e3400000, 0x00000000e3400000| Untracked 
|  53|0x00000000e3500000, 0x00000000e3500000, 0x00000000e3600000|  0%| F|  |TAMS 0x00000000e3500000, 0x00000000e3500000| Untracked 
|  54|0x00000000e3600000, 0x00000000e3600000, 0x00000000e3700000|  0%| F|  |TAMS 0x00000000e3600000, 0x00000000e3600000| Untracked 
|  55|0x00000000e3700000, 0x00000000e3700000, 0x00000000e3800000|  0%| F|  |TAMS 0x00000000e3700000, 0x00000000e3700000| Untracked 
|  56|0x00000000e3800000, 0x00000000e3800000, 0x00000000e3900000|  0%| F|  |TAMS 0x00000000e3800000, 0x00000000e3800000| Untracked 
|  57|0x00000000e3900000, 0x00000000e3900000, 0x00000000e3a00000|  0%| F|  |TAMS 0x00000000e3900000, 0x00000000e3900000| Untracked 
|  58|0x00000000e3a00000, 0x00000000e3a00000, 0x00000000e3b00000|  0%| F|  |TAMS 0x00000000e3a00000, 0x00000000e3a00000| Untracked 
|  59|0x00000000e3b00000, 0x00000000e3b00000, 0x00000000e3c00000|  0%| F|  |TAMS 0x00000000e3b00000, 0x00000000e3b00000| Untracked 
|  60|0x00000000e3c00000, 0x00000000e3c00000, 0x00000000e3d00000|  0%| F|  |TAMS 0x00000000e3c00000, 0x00000000e3c00000| Untracked 
|  61|0x00000000e3d00000, 0x00000000e3d00000, 0x00000000e3e00000|  0%| F|  |TAMS 0x00000000e3d00000, 0x00000000e3d00000| Untracked 
|  62|0x00000000e3e00000, 0x00000000e3e00000, 0x00000000e3f00000|  0%| F|  |TAMS 0x00000000e3e00000, 0x00000000e3e00000| Untracked 
|  63|0x00000000e3f00000, 0x00000000e3f00000, 0x00000000e4000000|  0%| F|  |TAMS 0x00000000e3f00000, 0x00000000e3f00000| Untracked 
|  64|0x00000000e4000000, 0x00000000e4000000, 0x00000000e4100000|  0%| F|  |TAMS 0x00000000e4000000, 0x00000000e4000000| Untracked 
|  65|0x00000000e4100000, 0x00000000e4100000, 0x00000000e4200000|  0%| F|  |TAMS 0x00000000e4100000, 0x00000000e4100000| Untracked 
|  66|0x00000000e4200000, 0x00000000e4200000, 0x00000000e4300000|  0%| F|  |TAMS 0x00000000e4200000, 0x00000000e4200000| Untracked 
|  67|0x00000000e4300000, 0x00000000e4300000, 0x00000000e4400000|  0%| F|  |TAMS 0x00000000e4300000, 0x00000000e4300000| Untracked 
|  68|0x00000000e4400000, 0x00000000e4400000, 0x00000000e4500000|  0%| F|  |TAMS 0x00000000e4400000, 0x00000000e4400000| Untracked 
|  69|0x00000000e4500000, 0x00000000e4500000, 0x00000000e4600000|  0%| F|  |TAMS 0x00000000e4500000, 0x00000000e4500000| Untracked 
|  70|0x00000000e4600000, 0x00000000e4600000, 0x00000000e4700000|  0%| F|  |TAMS 0x00000000e4600000, 0x00000000e4600000| Untracked 
|  71|0x00000000e4700000, 0x00000000e4700000, 0x00000000e4800000|  0%| F|  |TAMS 0x00000000e4700000, 0x00000000e4700000| Untracked 
|  72|0x00000000e4800000, 0x00000000e4800000, 0x00000000e4900000|  0%| F|  |TAMS 0x00000000e4800000, 0x00000000e4800000| Untracked 
|  73|0x00000000e4900000, 0x00000000e4900000, 0x00000000e4a00000|  0%| F|  |TAMS 0x00000000e4900000, 0x00000000e4900000| Untracked 
|  74|0x00000000e4a00000, 0x00000000e4a00000, 0x00000000e4b00000|  0%| F|  |TAMS 0x00000000e4a00000, 0x00000000e4a00000| Untracked 
|  75|0x00000000e4b00000, 0x00000000e4b00000, 0x00000000e4c00000|  0%| F|  |TAMS 0x00000000e4b00000, 0x00000000e4b00000| Untracked 
|  76|0x00000000e4c00000, 0x00000000e4c00000, 0x00000000e4d00000|  0%| F|  |TAMS 0x00000000e4c00000, 0x00000000e4c00000| Untracked 
|  77|0x00000000e4d00000, 0x00000000e4d00000, 0x00000000e4e00000|  0%| F|  |TAMS 0x00000000e4d00000, 0x00000000e4d00000| Untracked 
|  78|0x00000000e4e00000, 0x00000000e4e00000, 0x00000000e4f00000|  0%| F|  |TAMS 0x00000000e4e00000, 0x00000000e4e00000| Untracked 
|  79|0x00000000e4f00000, 0x00000000e4f00000, 0x00000000e5000000|  0%| F|  |TAMS 0x00000000e4f00000, 0x00000000e4f00000| Untracked 
|  80|0x00000000e5000000, 0x00000000e5000000, 0x00000000e5100000|  0%| F|  |TAMS 0x00000000e5000000, 0x00000000e5000000| Untracked 
|  81|0x00000000e5100000, 0x00000000e5100000, 0x00000000e5200000|  0%| F|  |TAMS 0x00000000e5100000, 0x00000000e5100000| Untracked 
|  82|0x00000000e5200000, 0x00000000e5200000, 0x00000000e5300000|  0%| F|  |TAMS 0x00000000e5200000, 0x00000000e5200000| Untracked 
|  83|0x00000000e5300000, 0x00000000e5300000, 0x00000000e5400000|  0%| F|  |TAMS 0x00000000e5300000, 0x00000000e5300000| Untracked 
|  84|0x00000000e5400000, 0x00000000e5400000, 0x00000000e5500000|  0%| F|  |TAMS 0x00000000e5400000, 0x00000000e5400000| Untracked 
|  85|0x00000000e5500000, 0x00000000e5500000, 0x00000000e5600000|  0%| F|  |TAMS 0x00000000e5500000, 0x00000000e5500000| Untracked 
|  86|0x00000000e5600000, 0x00000000e5600000, 0x00000000e5700000|  0%| F|  |TAMS 0x00000000e5600000, 0x00000000e5600000| Untracked 
|  87|0x00000000e5700000, 0x00000000e5700000, 0x00000000e5800000|  0%| F|  |TAMS 0x00000000e5700000, 0x00000000e5700000| Untracked 
|  88|0x00000000e5800000, 0x00000000e5800000, 0x00000000e5900000|  0%| F|  |TAMS 0x00000000e5800000, 0x00000000e5800000| Untracked 
|  89|0x00000000e5900000, 0x00000000e5900000, 0x00000000e5a00000|  0%| F|  |TAMS 0x00000000e5900000, 0x00000000e5900000| Untracked 
|  90|0x00000000e5a00000, 0x00000000e5a00000, 0x00000000e5b00000|  0%| F|  |TAMS 0x00000000e5a00000, 0x00000000e5a00000| Untracked 
|  91|0x00000000e5b00000, 0x00000000e5b00000, 0x00000000e5c00000|  0%| F|  |TAMS 0x00000000e5b00000, 0x00000000e5b00000| Untracked 
|  92|0x00000000e5c00000, 0x00000000e5c00000, 0x00000000e5d00000|  0%| F|  |TAMS 0x00000000e5c00000, 0x00000000e5c00000| Untracked 
|  93|0x00000000e5d00000, 0x00000000e5d00000, 0x00000000e5e00000|  0%| F|  |TAMS 0x00000000e5d00000, 0x00000000e5d00000| Untracked 
|  94|0x00000000e5e00000, 0x00000000e5e00000, 0x00000000e5f00000|  0%| F|  |TAMS 0x00000000e5e00000, 0x00000000e5e00000| Untracked 
|  95|0x00000000e5f00000, 0x00000000e5f00000, 0x00000000e6000000|  0%| F|  |TAMS 0x00000000e5f00000, 0x00000000e5f00000| Untracked 
|  96|0x00000000e6000000, 0x00000000e6000000, 0x00000000e6100000|  0%| F|  |TAMS 0x00000000e6000000, 0x00000000e6000000| Untracked 
|  97|0x00000000e6100000, 0x00000000e6100000, 0x00000000e6200000|  0%| F|  |TAMS 0x00000000e6100000, 0x00000000e6100000| Untracked 
|  98|0x00000000e6200000, 0x00000000e6200000, 0x00000000e6300000|  0%| F|  |TAMS 0x00000000e6200000, 0x00000000e6200000| Untracked 
|  99|0x00000000e6300000, 0x00000000e6300000, 0x00000000e6400000|  0%| F|  |TAMS 0x00000000e6300000, 0x00000000e6300000| Untracked 
| 100|0x00000000e6400000, 0x00000000e6400000, 0x00000000e6500000|  0%| F|  |TAMS 0x00000000e6400000, 0x00000000e6400000| Untracked 
| 101|0x00000000e6500000, 0x00000000e6500000, 0x00000000e6600000|  0%| F|  |TAMS 0x00000000e6500000, 0x00000000e6500000| Untracked 
| 102|0x00000000e6600000, 0x00000000e6600000, 0x00000000e6700000|  0%| F|  |TAMS 0x00000000e6600000, 0x00000000e6600000| Untracked 
| 103|0x00000000e6700000, 0x00000000e6700000, 0x00000000e6800000|  0%| F|  |TAMS 0x00000000e6700000, 0x00000000e6700000| Untracked 
| 104|0x00000000e6800000, 0x00000000e6800000, 0x00000000e6900000|  0%| F|  |TAMS 0x00000000e6800000, 0x00000000e6800000| Untracked 
| 105|0x00000000e6900000, 0x00000000e6900000, 0x00000000e6a00000|  0%| F|  |TAMS 0x00000000e6900000, 0x00000000e6900000| Untracked 
| 106|0x00000000e6a00000, 0x00000000e6a00000, 0x00000000e6b00000|  0%| F|  |TAMS 0x00000000e6a00000, 0x00000000e6a00000| Untracked 
| 107|0x00000000e6b00000, 0x00000000e6b00000, 0x00000000e6c00000|  0%| F|  |TAMS 0x00000000e6b00000, 0x00000000e6b00000| Untracked 
| 108|0x00000000e6c00000, 0x00000000e6c00000, 0x00000000e6d00000|  0%| F|  |TAMS 0x00000000e6c00000, 0x00000000e6c00000| Untracked 
| 109|0x00000000e6d00000, 0x00000000e6d00000, 0x00000000e6e00000|  0%| F|  |TAMS 0x00000000e6d00000, 0x00000000e6d00000| Untracked 
| 110|0x00000000e6e00000, 0x00000000e6e00000, 0x00000000e6f00000|  0%| F|  |TAMS 0x00000000e6e00000, 0x00000000e6e00000| Untracked 
| 111|0x00000000e6f00000, 0x00000000e6f00000, 0x00000000e7000000|  0%| F|  |TAMS 0x00000000e6f00000, 0x00000000e6f00000| Untracked 
| 112|0x00000000e7000000, 0x00000000e7000000, 0x00000000e7100000|  0%| F|  |TAMS 0x00000000e7000000, 0x00000000e7000000| Untracked 
| 113|0x00000000e7100000, 0x00000000e7100000, 0x00000000e7200000|  0%| F|  |TAMS 0x00000000e7100000, 0x00000000e7100000| Untracked 
| 114|0x00000000e7200000, 0x00000000e7200000, 0x00000000e7300000|  0%| F|  |TAMS 0x00000000e7200000, 0x00000000e7200000| Untracked 
| 115|0x00000000e7300000, 0x00000000e7300000, 0x00000000e7400000|  0%| F|  |TAMS 0x00000000e7300000, 0x00000000e7300000| Untracked 
| 116|0x00000000e7400000, 0x00000000e7400000, 0x00000000e7500000|  0%| F|  |TAMS 0x00000000e7400000, 0x00000000e7400000| Untracked 
| 117|0x00000000e7500000, 0x00000000e7500000, 0x00000000e7600000|  0%| F|  |TAMS 0x00000000e7500000, 0x00000000e7500000| Untracked 
| 118|0x00000000e7600000, 0x00000000e7600000, 0x00000000e7700000|  0%| F|  |TAMS 0x00000000e7600000, 0x00000000e7600000| Untracked 
| 119|0x00000000e7700000, 0x00000000e7700000, 0x00000000e7800000|  0%| F|  |TAMS 0x00000000e7700000, 0x00000000e7700000| Untracked 
| 120|0x00000000e7800000, 0x00000000e7800000, 0x00000000e7900000|  0%| F|  |TAMS 0x00000000e7800000, 0x00000000e7800000| Untracked 
| 121|0x00000000e7900000, 0x00000000e7900000, 0x00000000e7a00000|  0%| F|  |TAMS 0x00000000e7900000, 0x00000000e7900000| Untracked 
| 122|0x00000000e7a00000, 0x00000000e7a00000, 0x00000000e7b00000|  0%| F|  |TAMS 0x00000000e7a00000, 0x00000000e7a00000| Untracked 
| 123|0x00000000e7b00000, 0x00000000e7b00000, 0x00000000e7c00000|  0%| F|  |TAMS 0x00000000e7b00000, 0x00000000e7b00000| Untracked 
| 124|0x00000000e7c00000, 0x00000000e7c00000, 0x00000000e7d00000|  0%| F|  |TAMS 0x00000000e7c00000, 0x00000000e7c00000| Untracked 
| 125|0x00000000e7d00000, 0x00000000e7d00000, 0x00000000e7e00000|  0%| F|  |TAMS 0x00000000e7d00000, 0x00000000e7d00000| Untracked 
| 126|0x00000000e7e00000, 0x00000000e7e00000, 0x00000000e7f00000|  0%| F|  |TAMS 0x00000000e7e00000, 0x00000000e7e00000| Untracked 
| 127|0x00000000e7f00000, 0x00000000e7f00000, 0x00000000e8000000|  0%| F|  |TAMS 0x00000000e7f00000, 0x00000000e7f00000| Untracked 
| 128|0x00000000e8000000, 0x00000000e8000000, 0x00000000e8100000|  0%| F|  |TAMS 0x00000000e8000000, 0x00000000e8000000| Untracked 
| 129|0x00000000e8100000, 0x00000000e8100000, 0x00000000e8200000|  0%| F|  |TAMS 0x00000000e8100000, 0x00000000e8100000| Untracked 
| 130|0x00000000e8200000, 0x00000000e8200000, 0x00000000e8300000|  0%| F|  |TAMS 0x00000000e8200000, 0x00000000e8200000| Untracked 
| 131|0x00000000e8300000, 0x00000000e8300000, 0x00000000e8400000|  0%| F|  |TAMS 0x00000000e8300000, 0x00000000e8300000| Untracked 
| 132|0x00000000e8400000, 0x00000000e8400000, 0x00000000e8500000|  0%| F|  |TAMS 0x00000000e8400000, 0x00000000e8400000| Untracked 
| 133|0x00000000e8500000, 0x00000000e8500000, 0x00000000e8600000|  0%| F|  |TAMS 0x00000000e8500000, 0x00000000e8500000| Untracked 
| 134|0x00000000e8600000, 0x00000000e8600000, 0x00000000e8700000|  0%| F|  |TAMS 0x00000000e8600000, 0x00000000e8600000| Untracked 
| 135|0x00000000e8700000, 0x00000000e8700000, 0x00000000e8800000|  0%| F|  |TAMS 0x00000000e8700000, 0x00000000e8700000| Untracked 
| 136|0x00000000e8800000, 0x00000000e8800000, 0x00000000e8900000|  0%| F|  |TAMS 0x00000000e8800000, 0x00000000e8800000| Untracked 
| 137|0x00000000e8900000, 0x00000000e8900000, 0x00000000e8a00000|  0%| F|  |TAMS 0x00000000e8900000, 0x00000000e8900000| Untracked 
| 138|0x00000000e8a00000, 0x00000000e8a00000, 0x00000000e8b00000|  0%| F|  |TAMS 0x00000000e8a00000, 0x00000000e8a00000| Untracked 
| 139|0x00000000e8b00000, 0x00000000e8b00000, 0x00000000e8c00000|  0%| F|  |TAMS 0x00000000e8b00000, 0x00000000e8b00000| Untracked 
| 140|0x00000000e8c00000, 0x00000000e8c00000, 0x00000000e8d00000|  0%| F|  |TAMS 0x00000000e8c00000, 0x00000000e8c00000| Untracked 
| 141|0x00000000e8d00000, 0x00000000e8d00000, 0x00000000e8e00000|  0%| F|  |TAMS 0x00000000e8d00000, 0x00000000e8d00000| Untracked 
| 142|0x00000000e8e00000, 0x00000000e8e00000, 0x00000000e8f00000|  0%| F|  |TAMS 0x00000000e8e00000, 0x00000000e8e00000| Untracked 
| 143|0x00000000e8f00000, 0x00000000e8f00000, 0x00000000e9000000|  0%| F|  |TAMS 0x00000000e8f00000, 0x00000000e8f00000| Untracked 
| 144|0x00000000e9000000, 0x00000000e9000000, 0x00000000e9100000|  0%| F|  |TAMS 0x00000000e9000000, 0x00000000e9000000| Untracked 
| 145|0x00000000e9100000, 0x00000000e9100000, 0x00000000e9200000|  0%| F|  |TAMS 0x00000000e9100000, 0x00000000e9100000| Untracked 
| 146|0x00000000e9200000, 0x00000000e9200000, 0x00000000e9300000|  0%| F|  |TAMS 0x00000000e9200000, 0x00000000e9200000| Untracked 
| 147|0x00000000e9300000, 0x00000000e9300000, 0x00000000e9400000|  0%| F|  |TAMS 0x00000000e9300000, 0x00000000e9300000| Untracked 
| 148|0x00000000e9400000, 0x00000000e9400000, 0x00000000e9500000|  0%| F|  |TAMS 0x00000000e9400000, 0x00000000e9400000| Untracked 
| 149|0x00000000e9500000, 0x00000000e9500000, 0x00000000e9600000|  0%| F|  |TAMS 0x00000000e9500000, 0x00000000e9500000| Untracked 
| 150|0x00000000e9600000, 0x00000000e9600000, 0x00000000e9700000|  0%| F|  |TAMS 0x00000000e9600000, 0x00000000e9600000| Untracked 
| 151|0x00000000e9700000, 0x00000000e9700000, 0x00000000e9800000|  0%| F|  |TAMS 0x00000000e9700000, 0x00000000e9700000| Untracked 
| 152|0x00000000e9800000, 0x00000000e9800000, 0x00000000e9900000|  0%| F|  |TAMS 0x00000000e9800000, 0x00000000e9800000| Untracked 
| 153|0x00000000e9900000, 0x00000000e9900000, 0x00000000e9a00000|  0%| F|  |TAMS 0x00000000e9900000, 0x00000000e9900000| Untracked 
| 154|0x00000000e9a00000, 0x00000000e9a00000, 0x00000000e9b00000|  0%| F|  |TAMS 0x00000000e9a00000, 0x00000000e9a00000| Untracked 
| 155|0x00000000e9b00000, 0x00000000e9b00000, 0x00000000e9c00000|  0%| F|  |TAMS 0x00000000e9b00000, 0x00000000e9b00000| Untracked 
| 156|0x00000000e9c00000, 0x00000000e9c00000, 0x00000000e9d00000|  0%| F|  |TAMS 0x00000000e9c00000, 0x00000000e9c00000| Untracked 
| 157|0x00000000e9d00000, 0x00000000e9d00000, 0x00000000e9e00000|  0%| F|  |TAMS 0x00000000e9d00000, 0x00000000e9d00000| Untracked 
| 158|0x00000000e9e00000, 0x00000000e9e00000, 0x00000000e9f00000|  0%| F|  |TAMS 0x00000000e9e00000, 0x00000000e9e00000| Untracked 
| 159|0x00000000e9f00000, 0x00000000e9f00000, 0x00000000ea000000|  0%| F|  |TAMS 0x00000000e9f00000, 0x00000000e9f00000| Untracked 
| 160|0x00000000ea000000, 0x00000000ea000000, 0x00000000ea100000|  0%| F|  |TAMS 0x00000000ea000000, 0x00000000ea000000| Untracked 
| 161|0x00000000ea100000, 0x00000000ea100000, 0x00000000ea200000|  0%| F|  |TAMS 0x00000000ea100000, 0x00000000ea100000| Untracked 
| 162|0x00000000ea200000, 0x00000000ea200000, 0x00000000ea300000|  0%| F|  |TAMS 0x00000000ea200000, 0x00000000ea200000| Untracked 
| 163|0x00000000ea300000, 0x00000000ea300000, 0x00000000ea400000|  0%| F|  |TAMS 0x00000000ea300000, 0x00000000ea300000| Untracked 
| 164|0x00000000ea400000, 0x00000000ea400000, 0x00000000ea500000|  0%| F|  |TAMS 0x00000000ea400000, 0x00000000ea400000| Untracked 
| 165|0x00000000ea500000, 0x00000000ea500000, 0x00000000ea600000|  0%| F|  |TAMS 0x00000000ea500000, 0x00000000ea500000| Untracked 
| 166|0x00000000ea600000, 0x00000000ea600000, 0x00000000ea700000|  0%| F|  |TAMS 0x00000000ea600000, 0x00000000ea600000| Untracked 
| 167|0x00000000ea700000, 0x00000000ea700000, 0x00000000ea800000|  0%| F|  |TAMS 0x00000000ea700000, 0x00000000ea700000| Untracked 
| 168|0x00000000ea800000, 0x00000000ea800000, 0x00000000ea900000|  0%| F|  |TAMS 0x00000000ea800000, 0x00000000ea800000| Untracked 
| 169|0x00000000ea900000, 0x00000000ea900000, 0x00000000eaa00000|  0%| F|  |TAMS 0x00000000ea900000, 0x00000000ea900000| Untracked 
| 170|0x00000000eaa00000, 0x00000000eaa00000, 0x00000000eab00000|  0%| F|  |TAMS 0x00000000eaa00000, 0x00000000eaa00000| Untracked 
| 171|0x00000000eab00000, 0x00000000eab00000, 0x00000000eac00000|  0%| F|  |TAMS 0x00000000eab00000, 0x00000000eab00000| Untracked 
| 172|0x00000000eac00000, 0x00000000eac00000, 0x00000000ead00000|  0%| F|  |TAMS 0x00000000eac00000, 0x00000000eac00000| Untracked 
| 173|0x00000000ead00000, 0x00000000ead00000, 0x00000000eae00000|  0%| F|  |TAMS 0x00000000ead00000, 0x00000000ead00000| Untracked 
| 174|0x00000000eae00000, 0x00000000eae00000, 0x00000000eaf00000|  0%| F|  |TAMS 0x00000000eae00000, 0x00000000eae00000| Untracked 
| 175|0x00000000eaf00000, 0x00000000eaf00000, 0x00000000eb000000|  0%| F|  |TAMS 0x00000000eaf00000, 0x00000000eaf00000| Untracked 
| 176|0x00000000eb000000, 0x00000000eb000000, 0x00000000eb100000|  0%| F|  |TAMS 0x00000000eb000000, 0x00000000eb000000| Untracked 
| 177|0x00000000eb100000, 0x00000000eb100000, 0x00000000eb200000|  0%| F|  |TAMS 0x00000000eb100000, 0x00000000eb100000| Untracked 
| 178|0x00000000eb200000, 0x00000000eb200000, 0x00000000eb300000|  0%| F|  |TAMS 0x00000000eb200000, 0x00000000eb200000| Untracked 
| 179|0x00000000eb300000, 0x00000000eb300000, 0x00000000eb400000|  0%| F|  |TAMS 0x00000000eb300000, 0x00000000eb300000| Untracked 
| 180|0x00000000eb400000, 0x00000000eb400000, 0x00000000eb500000|  0%| F|  |TAMS 0x00000000eb400000, 0x00000000eb400000| Untracked 
| 181|0x00000000eb500000, 0x00000000eb500000, 0x00000000eb600000|  0%| F|  |TAMS 0x00000000eb500000, 0x00000000eb500000| Untracked 
| 182|0x00000000eb600000, 0x00000000eb600000, 0x00000000eb700000|  0%| F|  |TAMS 0x00000000eb600000, 0x00000000eb600000| Untracked 
| 183|0x00000000eb700000, 0x00000000eb700000, 0x00000000eb800000|  0%| F|  |TAMS 0x00000000eb700000, 0x00000000eb700000| Untracked 
| 184|0x00000000eb800000, 0x00000000eb800000, 0x00000000eb900000|  0%| F|  |TAMS 0x00000000eb800000, 0x00000000eb800000| Untracked 
| 185|0x00000000eb900000, 0x00000000eb900000, 0x00000000eba00000|  0%| F|  |TAMS 0x00000000eb900000, 0x00000000eb900000| Untracked 
| 186|0x00000000eba00000, 0x00000000eba00000, 0x00000000ebb00000|  0%| F|  |TAMS 0x00000000eba00000, 0x00000000eba00000| Untracked 
| 187|0x00000000ebb00000, 0x00000000ebb00000, 0x00000000ebc00000|  0%| F|  |TAMS 0x00000000ebb00000, 0x00000000ebb00000| Untracked 
| 188|0x00000000ebc00000, 0x00000000ebc00000, 0x00000000ebd00000|  0%| F|  |TAMS 0x00000000ebc00000, 0x00000000ebc00000| Untracked 
| 189|0x00000000ebd00000, 0x00000000ebd00000, 0x00000000ebe00000|  0%| F|  |TAMS 0x00000000ebd00000, 0x00000000ebd00000| Untracked 
| 190|0x00000000ebe00000, 0x00000000ebe80800, 0x00000000ebf00000| 50%| E|  |TAMS 0x00000000ebe00000, 0x00000000ebe00000| Complete 
| 191|0x00000000ebf00000, 0x00000000ec000000, 0x00000000ec000000|100%| E|CS|TAMS 0x00000000ebf00000, 0x00000000ebf00000| Complete 
| 192|0x00000000ec000000, 0x00000000ec100000, 0x00000000ec100000|100%| E|CS|TAMS 0x00000000ec000000, 0x00000000ec000000| Complete 
| 193|0x00000000ec100000, 0x00000000ec200000, 0x00000000ec200000|100%| E|CS|TAMS 0x00000000ec100000, 0x00000000ec100000| Complete 
| 194|0x00000000ec200000, 0x00000000ec300000, 0x00000000ec300000|100%| E|CS|TAMS 0x00000000ec200000, 0x00000000ec200000| Complete 
| 195|0x00000000ec300000, 0x00000000ec400000, 0x00000000ec400000|100%| E|CS|TAMS 0x00000000ec300000, 0x00000000ec300000| Complete 
| 196|0x00000000ec400000, 0x00000000ec500000, 0x00000000ec500000|100%| E|CS|TAMS 0x00000000ec400000, 0x00000000ec400000| Complete 
| 197|0x00000000ec500000, 0x00000000ec600000, 0x00000000ec600000|100%| E|CS|TAMS 0x00000000ec500000, 0x00000000ec500000| Complete 
| 198|0x00000000ec600000, 0x00000000ec700000, 0x00000000ec700000|100%| E|CS|TAMS 0x00000000ec600000, 0x00000000ec600000| Complete 
| 199|0x00000000ec700000, 0x00000000ec800000, 0x00000000ec800000|100%| E|CS|TAMS 0x00000000ec700000, 0x00000000ec700000| Complete 
| 200|0x00000000ec800000, 0x00000000ec900000, 0x00000000ec900000|100%| E|CS|TAMS 0x00000000ec800000, 0x00000000ec800000| Complete 
| 201|0x00000000ec900000, 0x00000000eca00000, 0x00000000eca00000|100%| E|CS|TAMS 0x00000000ec900000, 0x00000000ec900000| Complete 
| 202|0x00000000eca00000, 0x00000000ecb00000, 0x00000000ecb00000|100%| E|CS|TAMS 0x00000000eca00000, 0x00000000eca00000| Complete 
| 203|0x00000000ecb00000, 0x00000000ecc00000, 0x00000000ecc00000|100%| E|CS|TAMS 0x00000000ecb00000, 0x00000000ecb00000| Complete 
| 204|0x00000000ecc00000, 0x00000000ecd00000, 0x00000000ecd00000|100%| E|CS|TAMS 0x00000000ecc00000, 0x00000000ecc00000| Complete 
| 205|0x00000000ecd00000, 0x00000000ece00000, 0x00000000ece00000|100%| E|CS|TAMS 0x00000000ecd00000, 0x00000000ecd00000| Complete 
| 206|0x00000000ece00000, 0x00000000ecf00000, 0x00000000ecf00000|100%| E|CS|TAMS 0x00000000ece00000, 0x00000000ece00000| Complete 
| 207|0x00000000ecf00000, 0x00000000ed000000, 0x00000000ed000000|100%| E|CS|TAMS 0x00000000ecf00000, 0x00000000ecf00000| Complete 
| 208|0x00000000ed000000, 0x00000000ed100000, 0x00000000ed100000|100%| E|CS|TAMS 0x00000000ed000000, 0x00000000ed000000| Complete 
| 209|0x00000000ed100000, 0x00000000ed200000, 0x00000000ed200000|100%| E|CS|TAMS 0x00000000ed100000, 0x00000000ed100000| Complete 
| 210|0x00000000ed200000, 0x00000000ed300000, 0x00000000ed300000|100%| E|CS|TAMS 0x00000000ed200000, 0x00000000ed200000| Complete 
| 211|0x00000000ed300000, 0x00000000ed400000, 0x00000000ed400000|100%| E|CS|TAMS 0x00000000ed300000, 0x00000000ed300000| Complete 
| 212|0x00000000ed400000, 0x00000000ed500000, 0x00000000ed500000|100%| E|CS|TAMS 0x00000000ed400000, 0x00000000ed400000| Complete 
| 213|0x00000000ed500000, 0x00000000ed600000, 0x00000000ed600000|100%| E|CS|TAMS 0x00000000ed500000, 0x00000000ed500000| Complete 
| 214|0x00000000ed600000, 0x00000000ed700000, 0x00000000ed700000|100%| E|CS|TAMS 0x00000000ed600000, 0x00000000ed600000| Complete 
| 215|0x00000000ed700000, 0x00000000ed800000, 0x00000000ed800000|100%| E|CS|TAMS 0x00000000ed700000, 0x00000000ed700000| Complete 
| 216|0x00000000ed800000, 0x00000000ed900000, 0x00000000ed900000|100%| E|CS|TAMS 0x00000000ed800000, 0x00000000ed800000| Complete 
| 217|0x00000000ed900000, 0x00000000eda00000, 0x00000000eda00000|100%| E|CS|TAMS 0x00000000ed900000, 0x00000000ed900000| Complete 
| 218|0x00000000eda00000, 0x00000000edb00000, 0x00000000edb00000|100%| E|CS|TAMS 0x00000000eda00000, 0x00000000eda00000| Complete 
| 219|0x00000000edb00000, 0x00000000edc00000, 0x00000000edc00000|100%| E|CS|TAMS 0x00000000edb00000, 0x00000000edb00000| Complete 
| 220|0x00000000edc00000, 0x00000000edd00000, 0x00000000edd00000|100%| E|CS|TAMS 0x00000000edc00000, 0x00000000edc00000| Complete 
| 221|0x00000000edd00000, 0x00000000ede00000, 0x00000000ede00000|100%| E|CS|TAMS 0x00000000edd00000, 0x00000000edd00000| Complete 
| 222|0x00000000ede00000, 0x00000000edf00000, 0x00000000edf00000|100%| E|CS|TAMS 0x00000000ede00000, 0x00000000ede00000| Complete 
| 223|0x00000000edf00000, 0x00000000ee000000, 0x00000000ee000000|100%| E|  |TAMS 0x00000000edf00000, 0x00000000edf00000| Complete 
| 224|0x00000000ee000000, 0x00000000ee100000, 0x00000000ee100000|100%| E|CS|TAMS 0x00000000ee000000, 0x00000000ee000000| Complete 
| 225|0x00000000ee100000, 0x00000000ee200000, 0x00000000ee200000|100%| E|CS|TAMS 0x00000000ee100000, 0x00000000ee100000| Complete 
| 226|0x00000000ee200000, 0x00000000ee300000, 0x00000000ee300000|100%| E|CS|TAMS 0x00000000ee200000, 0x00000000ee200000| Complete 
| 227|0x00000000ee300000, 0x00000000ee400000, 0x00000000ee400000|100%| E|CS|TAMS 0x00000000ee300000, 0x00000000ee300000| Complete 
| 228|0x00000000ee400000, 0x00000000ee500000, 0x00000000ee500000|100%| E|CS|TAMS 0x00000000ee400000, 0x00000000ee400000| Complete 
| 229|0x00000000ee500000, 0x00000000ee600000, 0x00000000ee600000|100%| E|CS|TAMS 0x00000000ee500000, 0x00000000ee500000| Complete 
| 230|0x00000000ee600000, 0x00000000ee700000, 0x00000000ee700000|100%| E|CS|TAMS 0x00000000ee600000, 0x00000000ee600000| Complete 
| 231|0x00000000ee700000, 0x00000000ee800000, 0x00000000ee800000|100%| E|CS|TAMS 0x00000000ee700000, 0x00000000ee700000| Complete 
| 232|0x00000000ee800000, 0x00000000ee900000, 0x00000000ee900000|100%| E|CS|TAMS 0x00000000ee800000, 0x00000000ee800000| Complete 
| 233|0x00000000ee900000, 0x00000000eea00000, 0x00000000eea00000|100%| E|CS|TAMS 0x00000000ee900000, 0x00000000ee900000| Complete 
| 234|0x00000000eea00000, 0x00000000eeb00000, 0x00000000eeb00000|100%| E|CS|TAMS 0x00000000eea00000, 0x00000000eea00000| Complete 
| 235|0x00000000eeb00000, 0x00000000eec00000, 0x00000000eec00000|100%| E|CS|TAMS 0x00000000eeb00000, 0x00000000eeb00000| Complete 
| 236|0x00000000eec00000, 0x00000000eed00000, 0x00000000eed00000|100%| E|CS|TAMS 0x00000000eec00000, 0x00000000eec00000| Complete 
| 237|0x00000000eed00000, 0x00000000eee00000, 0x00000000eee00000|100%| E|CS|TAMS 0x00000000eed00000, 0x00000000eed00000| Complete 
| 238|0x00000000eee00000, 0x00000000eef00000, 0x00000000eef00000|100%| E|CS|TAMS 0x00000000eee00000, 0x00000000eee00000| Complete 
| 239|0x00000000eef00000, 0x00000000ef000000, 0x00000000ef000000|100%| E|CS|TAMS 0x00000000eef00000, 0x00000000eef00000| Complete 
| 240|0x00000000ef000000, 0x00000000ef100000, 0x00000000ef100000|100%| E|CS|TAMS 0x00000000ef000000, 0x00000000ef000000| Complete 
| 241|0x00000000ef100000, 0x00000000ef200000, 0x00000000ef200000|100%| E|CS|TAMS 0x00000000ef100000, 0x00000000ef100000| Complete 
| 242|0x00000000ef200000, 0x00000000ef300000, 0x00000000ef300000|100%| E|CS|TAMS 0x00000000ef200000, 0x00000000ef200000| Complete 
| 243|0x00000000ef300000, 0x00000000ef400000, 0x00000000ef400000|100%| E|CS|TAMS 0x00000000ef300000, 0x00000000ef300000| Complete 
| 244|0x00000000ef400000, 0x00000000ef500000, 0x00000000ef500000|100%| E|CS|TAMS 0x00000000ef400000, 0x00000000ef400000| Complete 
| 245|0x00000000ef500000, 0x00000000ef600000, 0x00000000ef600000|100%| E|CS|TAMS 0x00000000ef500000, 0x00000000ef500000| Complete 
| 246|0x00000000ef600000, 0x00000000ef700000, 0x00000000ef700000|100%| E|CS|TAMS 0x00000000ef600000, 0x00000000ef600000| Complete 
| 247|0x00000000ef700000, 0x00000000ef800000, 0x00000000ef800000|100%| E|CS|TAMS 0x00000000ef700000, 0x00000000ef700000| Complete 
| 248|0x00000000ef800000, 0x00000000ef900000, 0x00000000ef900000|100%| E|CS|TAMS 0x00000000ef800000, 0x00000000ef800000| Complete 
| 249|0x00000000ef900000, 0x00000000efa00000, 0x00000000efa00000|100%| E|CS|TAMS 0x00000000ef900000, 0x00000000ef900000| Complete 
| 250|0x00000000efa00000, 0x00000000efb00000, 0x00000000efb00000|100%| E|CS|TAMS 0x00000000efa00000, 0x00000000efa00000| Complete 
| 251|0x00000000efb00000, 0x00000000efc00000, 0x00000000efc00000|100%| E|CS|TAMS 0x00000000efb00000, 0x00000000efb00000| Complete 
| 252|0x00000000efc00000, 0x00000000efc84820, 0x00000000efd00000| 51%| S|CS|TAMS 0x00000000efc00000, 0x00000000efc00000| Complete 
| 253|0x00000000efd00000, 0x00000000efe00000, 0x00000000efe00000|100%| E|CS|TAMS 0x00000000efd00000, 0x00000000efd00000| Complete 
| 254|0x00000000efe00000, 0x00000000eff00000, 0x00000000eff00000|100%| E|CS|TAMS 0x00000000efe00000, 0x00000000efe00000| Complete 
| 255|0x00000000eff00000, 0x00000000f0000000, 0x00000000f0000000|100%| E|CS|TAMS 0x00000000eff00000, 0x00000000eff00000| Complete 

Card table byte_map: [0x000002264cdc0000,0x000002264cec0000] _byte_map_base: 0x000002264c6c0000

Marking Bits (Prev, Next): (CMBitMap*) 0x000002264d11bbd0, (CMBitMap*) 0x000002264d11bc10
 Prev Bits: [0x000002265fc70000, 0x0000022660470000)
 Next Bits: [0x0000022660470000, 0x0000022660c70000)

Polling page: 0x000002264c890000

Metaspace:

Usage:
  Non-class:     37.89 MB used.
      Class:      5.87 MB used.
       Both:     43.76 MB used.

Virtual space:
  Non-class space:       64.00 MB reserved,      38.12 MB ( 60%) committed,  1 nodes.
      Class space:      320.00 MB reserved,       6.06 MB (  2%) committed,  1 nodes.
             Both:      384.00 MB reserved,      44.19 MB ( 12%) committed. 

Chunk freelists:
   Non-Class:  9.65 MB
       Class:  9.92 MB
        Both:  19.57 MB

MaxMetaspaceSize: 384.00 MB
CompressedClassSpaceSize: 320.00 MB
Initial GC threshold: 21.00 MB
Current GC threshold: 59.38 MB
CDS: off
MetaspaceReclaimPolicy: balanced
 - commit_granule_bytes: 65536.
 - commit_granule_words: 8192.
 - virtual_space_node_default_size: 8388608.
 - enlarge_chunks_in_place: 1.
 - new_chunks_are_fully_committed: 0.
 - uncommit_free_chunks: 1.
 - use_allocation_guard: 0.
 - handle_deallocations: 1.


Internal statistics:

num_allocs_failed_limit: 9.
num_arena_births: 384.
num_arena_deaths: 0.
num_vsnodes_births: 2.
num_vsnodes_deaths: 0.
num_space_committed: 707.
num_space_uncommitted: 0.
num_chunks_returned_to_freelist: 9.
num_chunks_taken_from_freelist: 1709.
num_chunk_merges: 9.
num_chunk_splits: 1113.
num_chunks_enlarged: 762.
num_inconsistent_stats: 0.

CodeHeap 'non-profiled nmethods': size=120064Kb used=2228Kb max_used=2228Kb free=117835Kb
 bounds [0x0000022658730000, 0x00000226589a0000, 0x000002265fc70000]
CodeHeap 'profiled nmethods': size=120000Kb used=8453Kb max_used=8453Kb free=111546Kb
 bounds [0x0000022650c70000, 0x00000226514c0000, 0x00000226581a0000]
CodeHeap 'non-nmethods': size=5696Kb used=1593Kb max_used=1621Kb free=4102Kb
 bounds [0x00000226581a0000, 0x0000022658410000, 0x0000022658730000]
 total_blobs=4712 nmethods=4050 adapters=574
 compilation: enabled
              stopped_count=0, restarted_count=0
 full_count=0

Compilation events (20 events):
Event: 30.086 Thread 0x0000022663285010 3961       3       java.util.regex.Pattern$Branch::match (66 bytes)
Event: 30.087 Thread 0x0000022663285010 nmethod 3961 0x000002265147be10 code [0x000002265147bfe0, 0x000002265147c4b8]
Event: 30.088 Thread 0x0000022663285010 3962       1       java.lang.StackTraceElement::getClassName (5 bytes)
Event: 30.088 Thread 0x0000022663285010 nmethod 3962 0x0000022658957d90 code [0x0000022658957f20, 0x0000022658957ff8]
Event: 30.094 Thread 0x0000022663285010 3963       3       org.codehaus.groovy.runtime.StackTraceUtils::isApplicationClass (84 bytes)
Event: 30.095 Thread 0x0000022663285010 nmethod 3963 0x000002265147c690 code [0x000002265147c8e0, 0x000002265147d1d8]
Event: 30.095 Thread 0x0000022663285010 3964       3       java.lang.Module::getLayer (43 bytes)
Event: 30.096 Thread 0x0000022663285010 nmethod 3964 0x000002265147d510 code [0x000002265147d6e0, 0x000002265147daa8]
Event: 30.146 Thread 0x0000022663285010 3966       3       com.google.common.collect.RegularImmutableList::size (6 bytes)
Event: 30.147 Thread 0x0000022663285010 nmethod 3966 0x000002265147db90 code [0x000002265147dd20, 0x000002265147de38]
Event: 30.156 Thread 0x0000022663285010 3972       3       org.gradle.internal.logging.slf4j.OutputEventListenerBackedLogger::isDebugEnabled (5 bytes)
Event: 30.156 Thread 0x0000022663285010 nmethod 3972 0x000002265147df10 code [0x000002265147e0e0, 0x000002265147e4c8]
Event: 30.179 Thread 0x0000022663285010 3975       3       java.lang.invoke.MethodType::dropParameterTypes (162 bytes)
Event: 30.180 Thread 0x0000022663285010 nmethod 3975 0x000002265147e690 code [0x000002265147e980, 0x000002265147f8a8]
Event: 30.183 Thread 0x0000022663285010 3976       2       org.gradle.internal.logging.text.AbstractLineChoppingStyledTextOutput$1::execute (9 bytes)
Event: 30.183 Thread 0x0000022663285010 nmethod 3976 0x000002265147fd90 code [0x000002265147ff20, 0x0000022651480068]
Event: 30.183 Thread 0x0000022663285010 3977       2       org.gradle.internal.logging.text.AbstractLineChoppingStyledTextOutput$1::execute (140 bytes)
Event: 30.184 Thread 0x0000022663285010 nmethod 3977 0x0000022651480110 code [0x0000022651480340, 0x0000022651480818]
Event: 30.184 Thread 0x0000022663285010 3978       2       org.gradle.internal.logging.text.AbstractLineChoppingStyledTextOutput$2::execute (77 bytes)
Event: 30.185 Thread 0x0000022663285010 nmethod 3978 0x0000022651480c90 code [0x0000022651480ea0, 0x0000022651481288]

GC Heap History (16 events):
Event: 2.917 GC heap before
{Heap before GC invocations=0 (full 0):
 garbage-first heap   total 262144K, used 11264K [0x00000000e0000000, 0x0000000100000000)
  region size 1024K, 12 young (12288K), 0 survivors (0K)
 Metaspace       used 7085K, committed 7232K, reserved 393216K
  class space    used 623K, committed 704K, reserved 327680K
}
Event: 2.950 GC heap after
{Heap after GC invocations=1 (full 0):
 garbage-first heap   total 262144K, used 1777K [0x00000000e0000000, 0x0000000100000000)
  region size 1024K, 2 young (2048K), 2 survivors (2048K)
 Metaspace       used 7085K, committed 7232K, reserved 393216K
  class space    used 623K, committed 704K, reserved 327680K
}
Event: 4.435 GC heap before
{Heap before GC invocations=1 (full 0):
 garbage-first heap   total 262144K, used 16113K [0x00000000e0000000, 0x0000000100000000)
  region size 1024K, 13 young (13312K), 2 survivors (2048K)
 Metaspace       used 9298K, committed 9472K, reserved 393216K
  class space    used 889K, committed 960K, reserved 327680K
}
Event: 4.445 GC heap after
{Heap after GC invocations=2 (full 0):
 garbage-first heap   total 262144K, used 11152K [0x00000000e0000000, 0x0000000100000000)
  region size 1024K, 2 young (2048K), 2 survivors (2048K)
 Metaspace       used 9298K, committed 9472K, reserved 393216K
  class space    used 889K, committed 960K, reserved 327680K
}
Event: 7.357 GC heap before
{Heap before GC invocations=2 (full 0):
 garbage-first heap   total 262144K, used 22416K [0x00000000e0000000, 0x0000000100000000)
  region size 1024K, 14 young (14336K), 2 survivors (2048K)
 Metaspace       used 11597K, committed 11712K, reserved 393216K
  class space    used 1223K, committed 1280K, reserved 327680K
}
Event: 7.362 GC heap after
{Heap after GC invocations=3 (full 0):
 garbage-first heap   total 262144K, used 11702K [0x00000000e0000000, 0x0000000100000000)
  region size 1024K, 1 young (1024K), 1 survivors (1024K)
 Metaspace       used 11597K, committed 11712K, reserved 393216K
  class space    used 1223K, committed 1280K, reserved 327680K
}
Event: 8.808 GC heap before
{Heap before GC invocations=3 (full 0):
 garbage-first heap   total 262144K, used 35254K [0x00000000e0000000, 0x0000000100000000)
  region size 1024K, 25 young (25600K), 1 survivors (1024K)
 Metaspace       used 11669K, committed 11840K, reserved 393216K
  class space    used 1224K, committed 1280K, reserved 327680K
}
Event: 8.813 GC heap after
{Heap after GC invocations=4 (full 0):
 garbage-first heap   total 262144K, used 12327K [0x00000000e0000000, 0x0000000100000000)
  region size 1024K, 2 young (2048K), 2 survivors (2048K)
 Metaspace       used 11669K, committed 11840K, reserved 393216K
  class space    used 1224K, committed 1280K, reserved 327680K
}
Event: 15.478 GC heap before
{Heap before GC invocations=4 (full 0):
 garbage-first heap   total 262144K, used 64551K [0x00000000e0000000, 0x0000000100000000)
  region size 1024K, 52 young (53248K), 2 survivors (2048K)
 Metaspace       used 21296K, committed 21504K, reserved 393216K
  class space    used 2525K, committed 2624K, reserved 327680K
}
Event: 15.502 GC heap after
{Heap after GC invocations=5 (full 0):
 garbage-first heap   total 262144K, used 20070K [0x00000000e0000000, 0x0000000100000000)
  region size 1024K, 8 young (8192K), 8 survivors (8192K)
 Metaspace       used 21296K, committed 21504K, reserved 393216K
  class space    used 2525K, committed 2624K, reserved 327680K
}
Event: 25.737 GC heap before
{Heap before GC invocations=6 (full 0):
 garbage-first heap   total 262144K, used 125542K [0x00000000e0000000, 0x0000000100000000)
  region size 1024K, 113 young (115712K), 8 survivors (8192K)
 Metaspace       used 35803K, committed 36096K, reserved 393216K
  class space    used 4911K, committed 5056K, reserved 327680K
}
Event: 25.788 GC heap after
{Heap after GC invocations=7 (full 0):
 garbage-first heap   total 262144K, used 25278K [0x00000000e0000000, 0x0000000100000000)
  region size 1024K, 13 young (13312K), 13 survivors (13312K)
 Metaspace       used 35803K, committed 36096K, reserved 393216K
  class space    used 4911K, committed 5056K, reserved 327680K
}
Event: 25.888 GC heap before
{Heap before GC invocations=7 (full 0):
 garbage-first heap   total 262144K, used 26302K [0x00000000e0000000, 0x0000000100000000)
  region size 1024K, 14 young (14336K), 13 survivors (13312K)
 Metaspace       used 35959K, committed 36288K, reserved 393216K
  class space    used 4941K, committed 5120K, reserved 327680K
}
Event: 25.995 GC heap after
{Heap after GC invocations=8 (full 0):
 garbage-first heap   total 262144K, used 25880K [0x00000000e0000000, 0x0000000100000000)
  region size 1024K, 1 young (1024K), 1 survivors (1024K)
 Metaspace       used 35959K, committed 36288K, reserved 393216K
  class space    used 4941K, committed 5120K, reserved 327680K
}
Event: 26.152 GC heap before
{Heap before GC invocations=8 (full 0):
 garbage-first heap   total 262144K, used 26904K [0x00000000e0000000, 0x0000000100000000)
  region size 1024K, 3 young (3072K), 1 survivors (1024K)
 Metaspace       used 36120K, committed 36416K, reserved 393216K
  class space    used 4970K, committed 5120K, reserved 327680K
}
Event: 26.157 GC heap after
{Heap after GC invocations=9 (full 0):
 garbage-first heap   total 262144K, used 25386K [0x00000000e0000000, 0x0000000100000000)
  region size 1024K, 1 young (1024K), 1 survivors (1024K)
 Metaspace       used 36120K, committed 36416K, reserved 393216K
  class space    used 4970K, committed 5120K, reserved 327680K
}

Dll operation events (4 events):
Event: 0.145 Loaded shared library C:\Users\Jx@ic~\.jdks\jbrsdk_jcef-17.0.7\bin\java.dll
Event: 0.336 Loaded shared library C:\Users\Jx@ic~\.jdks\jbrsdk_jcef-17.0.7\bin\jsvml.dll
Event: 1.162 Loaded shared library C:\Users\Jx@ic~\.jdks\jbrsdk_jcef-17.0.7\bin\zip.dll
Event: 3.598 Loaded shared library C:\Users\Jx@ic~\.jdks\jbrsdk_jcef-17.0.7\bin\verify.dll

Deoptimization events (20 events):
Event: 29.982 Thread 0x000002266bd33e90 Uncommon trap: trap_request=0xffffffc6 fr.pc=0x00000226588f9f84 relative=0x0000000000006164
Event: 29.982 Thread 0x000002266bd33e90 Uncommon trap: reason=bimorphic_or_optimized_type_check action=maybe_recompile pc=0x00000226588f9f84 method=java.lang.ClassLoader.loadClass(Ljava/lang/String;Z)Ljava/lang/Class; @ 69 c2
Event: 29.982 Thread 0x000002266bd33e90 DEOPT PACKING pc=0x00000226588f9f84 sp=0x00000069178f8f40
Event: 29.982 Thread 0x000002266bd33e90 DEOPT UNPACKING pc=0x00000226581f699d sp=0x00000069178f8fc0 mode 2
Event: 30.060 Thread 0x000002266bd33e90 Uncommon trap: trap_request=0xffffffc6 fr.pc=0x00000226588805fc relative=0x000000000000093c
Event: 30.060 Thread 0x000002266bd33e90 Uncommon trap: reason=bimorphic_or_optimized_type_check action=maybe_recompile pc=0x00000226588805fc method=java.lang.Throwable.<init>(Ljava/lang/String;Ljava/lang/Throwable;)V @ 24 c2
Event: 30.060 Thread 0x000002266bd33e90 DEOPT PACKING pc=0x00000226588805fc sp=0x00000069178fa910
Event: 30.060 Thread 0x000002266bd33e90 DEOPT UNPACKING pc=0x00000226581f699d sp=0x00000069178fa8f0 mode 2
Event: 30.062 Thread 0x000002266bd33e90 Uncommon trap: trap_request=0xffffffde fr.pc=0x000002265883b8c8 relative=0x0000000000000b68
Event: 30.062 Thread 0x000002266bd33e90 Uncommon trap: reason=class_check action=maybe_recompile pc=0x000002265883b8c8 method=java.util.Collections$SetFromMap.remove(Ljava/lang/Object;)Z @ 5 c2
Event: 30.062 Thread 0x000002266bd33e90 DEOPT PACKING pc=0x000002265883b8c8 sp=0x00000069178fb200
Event: 30.062 Thread 0x000002266bd33e90 DEOPT UNPACKING pc=0x00000226581f699d sp=0x00000069178fb1f8 mode 2
Event: 30.086 Thread 0x000002266bd33e90 Uncommon trap: trap_request=0xffffff45 fr.pc=0x0000022658947698 relative=0x0000000000000598
Event: 30.086 Thread 0x000002266bd33e90 Uncommon trap: reason=unstable_if action=reinterpret pc=0x0000022658947698 method=java.util.regex.Matcher.search(I)Z @ 76 c2
Event: 30.086 Thread 0x000002266bd33e90 DEOPT PACKING pc=0x0000022658947698 sp=0x00000069178fb7b0
Event: 30.086 Thread 0x000002266bd33e90 DEOPT UNPACKING pc=0x00000226581f699d sp=0x00000069178fb710 mode 2
Event: 30.086 Thread 0x000002266bd33e90 Uncommon trap: trap_request=0xffffff45 fr.pc=0x000002265893a098 relative=0x0000000000000538
Event: 30.086 Thread 0x000002266bd33e90 Uncommon trap: reason=unstable_if action=reinterpret pc=0x000002265893a098 method=java.util.regex.Matcher.search(I)Z @ 76 c2
Event: 30.086 Thread 0x000002266bd33e90 DEOPT PACKING pc=0x000002265893a098 sp=0x00000069178fb720
Event: 30.086 Thread 0x000002266bd33e90 DEOPT UNPACKING pc=0x00000226581f699d sp=0x00000069178fb700 mode 2

Classes unloaded (0 events):
No events

Classes redefined (0 events):
No events

Internal exceptions (20 events):
Event: 29.792 Thread 0x000002266bd33e90 Exception <a 'java/lang/ClassNotFoundException'{0x00000000ec8466e8}: org/gradle/groovy/scripts/ScriptCustomizer> (0x00000000ec8466e8) 
thrown [s\src\hotspot\share\classfile\systemDictionary.cpp, line 256]
Event: 29.809 Thread 0x000002266bd33e90 Exception <a 'java/lang/ClassNotFoundException'{0x00000000ec856f00}: org/gradle/groovy/scripts/BasicScriptCustomizer> (0x00000000ec856f00) 
thrown [s\src\hotspot\share\classfile\systemDictionary.cpp, line 256]
Event: 29.826 Thread 0x000002266bd33e90 Exception <a 'java/lang/ClassNotFoundException'{0x00000000ec86d358}: org/gradle/groovy/scripts/DefaultScriptCustomizer> (0x00000000ec86d358) 
thrown [s\src\hotspot\share\classfile\systemDictionary.cpp, line 256]
Event: 29.834 Thread 0x000002266bd33e90 Exception <a 'java/lang/ClassNotFoundException'{0x00000000ec894ca0}: org/gradle/initialization/InitScriptCustomizer> (0x00000000ec894ca0) 
thrown [s\src\hotspot\share\classfile\systemDictionary.cpp, line 256]
Event: 29.836 Thread 0x000002266bd33e90 Exception <a 'java/lang/ClassNotFoundException'{0x00000000ec8a3708}: ijmapper_7lj1n3eym6s9thnvvw46jpyysCustomizer> (0x00000000ec8a3708) 
thrown [s\src\hotspot\share\classfile\systemDictionary.cpp, line 256]
Event: 29.876 Thread 0x000002266bd33e90 Exception <a 'java/lang/ClassNotFoundException'{0x00000000ec7634b8}: org/gradle/internal/extensibility/DefaultExtraPropertiesExtensionBeanInfo> (0x00000000ec7634b8) 
thrown [s\src\hotspot\share\classfile\systemDictionary.cpp, line 256]
Event: 29.877 Thread 0x000002266bd33e90 Exception <a 'java/lang/ClassNotFoundException'{0x00000000ec76d5c0}: org/gradle/internal/extensibility/DefaultExtraPropertiesExtensionCustomizer> (0x00000000ec76d5c0) 
thrown [s\src\hotspot\share\classfile\systemDictionary.cpp, line 256]
Event: 29.902 Thread 0x000002266bd33e90 Exception <a 'java/lang/NoSuchMethodError'{0x00000000ec7d1218}: 'void java.lang.invoke.Invokers$Holder.invoke_MT(java.lang.Object, java.lang.Object, java.lang.Object, java.lang.Object)'> (0x00000000ec7d1218) 
thrown [s\src\hotspot\share\interpreter\linkResolver.cpp, line 771]
Event: 29.981 Thread 0x000002266bd33e90 Exception <a 'java/lang/ClassNotFoundException'{0x00000000ec52e8f8}: org/gradle/invocation/DefaultGradle_DecoratedBeanInfo> (0x00000000ec52e8f8) 
thrown [s\src\hotspot\share\classfile\systemDictionary.cpp, line 256]
Event: 29.982 Thread 0x000002266bd33e90 Exception <a 'java/lang/ClassNotFoundException'{0x00000000ec53d280}: org/gradle/invocation/DefaultGradleBeanInfo> (0x00000000ec53d280) 
thrown [s\src\hotspot\share\classfile\systemDictionary.cpp, line 256]
Event: 29.986 Thread 0x000002266bd33e90 Exception <a 'java/lang/ClassNotFoundException'{0x00000000ec54c258}: org/gradle/api/internal/project/AbstractPluginAwareBeanInfo> (0x00000000ec54c258) 
thrown [s\src\hotspot\share\classfile\systemDictionary.cpp, line 256]
Event: 29.988 Thread 0x000002266bd33e90 Exception <a 'java/lang/ClassNotFoundException'{0x00000000ec55b280}: org/gradle/api/internal/project/AbstractPluginAwareCustomizer> (0x00000000ec55b280) 
thrown [s\src\hotspot\share\classfile\systemDictionary.cpp, line 256]
Event: 29.992 Thread 0x000002266bd33e90 Exception <a 'java/lang/ClassNotFoundException'{0x00000000ec56f840}: org/gradle/invocation/DefaultGradleCustomizer> (0x00000000ec56f840) 
thrown [s\src\hotspot\share\classfile\systemDictionary.cpp, line 256]
Event: 30.008 Thread 0x000002266bd33e90 Exception <a 'java/lang/ClassNotFoundException'{0x00000000ec5afb68}: org/gradle/invocation/DefaultGradle_DecoratedCustomizer> (0x00000000ec5afb68) 
thrown [s\src\hotspot\share\classfile\systemDictionary.cpp, line 256]
Event: 30.060 Thread 0x000002266bd33e90 Exception <a 'java/lang/OutOfMemoryError'{0x00000000ec4dea70}> (0x00000000ec4dea70) 
thrown [s\src\hotspot\share\prims\jni.cpp, line 536]
Event: 30.149 Thread 0x000002266bd33e90 Exception <a 'java/lang/NoSuchMethodError'{0x00000000ec231748}: 'java.lang.Object java.lang.invoke.DirectMethodHandle$Holder.newInvokeSpecial(java.lang.Object, int, java.lang.Object)'> (0x00000000ec231748) 
thrown [s\src\hotspot\share\interpreter\linkResolver.cpp, line 771]
Event: 30.151 Thread 0x000002266bd33e90 Exception <a 'java/lang/NoSuchMethodError'{0x00000000ec239d70}: 'java.lang.Object java.lang.invoke.DirectMethodHandle$Holder.newInvokeSpecial(java.lang.Object, java.lang.Object, int)'> (0x00000000ec239d70) 
thrown [s\src\hotspot\share\interpreter\linkResolver.cpp, line 771]
Event: 30.153 Thread 0x000002266bd33e90 Exception <a 'java/lang/NoSuchMethodError'{0x00000000ec242e88}: 'void java.lang.invoke.DirectMethodHandle$Holder.invokeSpecial(java.lang.Object, java.lang.Object, int)'> (0x00000000ec242e88) 
thrown [s\src\hotspot\share\interpreter\linkResolver.cpp, line 771]
Event: 30.163 Thread 0x000002266bd33e90 Exception <a 'java/lang/NoSuchMethodError'{0x00000000ec270158}: 'void java.lang.invoke.DirectMethodHandle$Holder.invokeVirtual(java.lang.Object, java.lang.Object)'> (0x00000000ec270158) 
thrown [s\src\hotspot\share\interpreter\linkResolver.cpp, line 771]
Event: 30.178 Thread 0x000002266bd33e90 Exception <a 'java/lang/NoSuchMethodError'{0x00000000ec2a5ab0}: 'void java.lang.invoke.DirectMethodHandle$Holder.invokeStatic(java.lang.Object, int, java.lang.Object)'> (0x00000000ec2a5ab0) 
thrown [s\src\hotspot\share\interpreter\linkResolver.cpp, line 771]

VM Operations (20 events):
Event: 26.733 Executing VM operation: HandshakeAllThreads
Event: 26.733 Executing VM operation: HandshakeAllThreads done
Event: 27.439 Executing VM operation: HandshakeAllThreads
Event: 27.440 Executing VM operation: HandshakeAllThreads done
Event: 27.440 Executing VM operation: Cleanup
Event: 27.440 Executing VM operation: Cleanup done
Event: 28.168 Executing VM operation: HandshakeAllThreads
Event: 28.168 Executing VM operation: HandshakeAllThreads done
Event: 28.747 Executing VM operation: HandshakeAllThreads
Event: 28.747 Executing VM operation: HandshakeAllThreads done
Event: 28.747 Executing VM operation: Cleanup
Event: 28.747 Executing VM operation: Cleanup done
Event: 29.132 Executing VM operation: HandshakeAllThreads
Event: 29.132 Executing VM operation: HandshakeAllThreads done
Event: 29.480 Executing VM operation: HandshakeAllThreads
Event: 29.480 Executing VM operation: HandshakeAllThreads done
Event: 30.011 Executing VM operation: ICBufferFull
Event: 30.011 Executing VM operation: ICBufferFull done
Event: 30.174 Executing VM operation: HandshakeAllThreads
Event: 30.174 Executing VM operation: HandshakeAllThreads done

Events (20 events):
Event: 30.048 loading class jdk/internal/reflect/UnsafeObjectFieldAccessorImpl
Event: 30.049 loading class jdk/internal/reflect/UnsafeObjectFieldAccessorImpl done
Event: 30.074 loading class java/lang/StackTraceElement$HashedModules
Event: 30.075 loading class java/lang/StackTraceElement$HashedModules done
Event: 30.088 loading class java/util/logging/LogRecord
Event: 30.089 loading class java/util/logging/LogRecord done
Event: 30.092 loading class java/time/Clock
Event: 30.093 loading class java/time/InstantSource
Event: 30.093 loading class java/time/InstantSource done
Event: 30.093 loading class java/time/Clock done
Event: 30.171 loading class java/util/stream/DistinctOps
Event: 30.172 loading class java/util/stream/DistinctOps done
Event: 30.172 loading class java/util/stream/DistinctOps$1
Event: 30.172 loading class java/util/stream/ReferencePipeline$StatefulOp
Event: 30.173 loading class java/util/stream/ReferencePipeline$StatefulOp done
Event: 30.173 loading class java/util/stream/DistinctOps$1 done
Event: 30.174 loading class java/util/stream/DistinctOps$1$2
Event: 30.175 loading class java/util/stream/DistinctOps$1$2 done
Event: 30.189 loading class java/lang/StringIndexOutOfBoundsException
Event: 30.190 loading class java/lang/StringIndexOutOfBoundsException done


Dynamic libraries:
0x00007ff7b3060000 - 0x00007ff7b306a000 	C:\Users\Jx@ic~\.jdks\jbrsdk_jcef-17.0.7\bin\java.exe
0x00007ff9f32b0000 - 0x00007ff9f34a8000 	C:\WINDOWS\SYSTEM32\ntdll.dll
0x00007ff9f30f0000 - 0x00007ff9f31b1000 	C:\WINDOWS\System32\KERNEL32.DLL
0x00007ff9f0960000 - 0x00007ff9f0c5d000 	C:\WINDOWS\System32\KERNELBASE.dll
0x000000005b9c0000 - 0x000000005bcee000 	C:\Program Files\Norton Security\NortonData\22.14.2.13\Definitions\IPSDefs\20240926.001\IPSEng64.dll
0x00007ff9f1c60000 - 0x00007ff9f1d10000 	C:\WINDOWS\System32\ADVAPI32.dll
0x00007ff9f2a40000 - 0x00007ff9f2ade000 	C:\WINDOWS\System32\msvcrt.dll
0x00007ff9f28f0000 - 0x00007ff9f2990000 	C:\WINDOWS\System32\sechost.dll
0x00007ff9f2fa0000 - 0x00007ff9f30c3000 	C:\WINDOWS\System32\RPCRT4.dll
0x00007ff9f12b0000 - 0x00007ff9f12d7000 	C:\WINDOWS\System32\bcrypt.dll
0x00007ff9f2ea0000 - 0x00007ff9f2ea8000 	C:\WINDOWS\System32\PSAPI.DLL
0x00007ff9f0c60000 - 0x00007ff9f0d60000 	C:\WINDOWS\System32\ucrtbase.dll
0x00007ff9e85d0000 - 0x00007ff9e85e7000 	C:\Users\Jx@ic~\.jdks\jbrsdk_jcef-17.0.7\bin\jli.dll
0x00007ff9e3920000 - 0x00007ff9e393b000 	C:\Users\Jx@ic~\.jdks\jbrsdk_jcef-17.0.7\bin\VCRUNTIME140.dll
0x00007ff9f1ec0000 - 0x00007ff9f205d000 	C:\WINDOWS\System32\USER32.dll
0x00007ff9f0d60000 - 0x00007ff9f0d82000 	C:\WINDOWS\System32\win32u.dll
0x00007ff9f2e70000 - 0x00007ff9f2e9b000 	C:\WINDOWS\System32\GDI32.dll
0x00007ff9f0d90000 - 0x00007ff9f0ea7000 	C:\WINDOWS\System32\gdi32full.dll
0x00007ff9d8000000 - 0x00007ff9d829a000 	C:\WINDOWS\WinSxS\amd64_microsoft.windows.common-controls_6595b64144ccf1df_6.0.19041.4355_none_60b8b9eb71f62e16\COMCTL32.dll
0x00007ff9f10c0000 - 0x00007ff9f115d000 	C:\WINDOWS\System32\msvcp_win.dll
0x00007ff9f2e40000 - 0x00007ff9f2e6f000 	C:\WINDOWS\System32\IMM32.DLL
0x00007ff9e8510000 - 0x00007ff9e851c000 	C:\Users\Jx@ic~\.jdks\jbrsdk_jcef-17.0.7\bin\vcruntime140_1.dll
0x00007ff9b2530000 - 0x00007ff9b25bd000 	C:\Users\Jx@ic~\.jdks\jbrsdk_jcef-17.0.7\bin\msvcp140.dll
0x00007ff99c3c0000 - 0x00007ff99d040000 	C:\Users\Jx@ic~\.jdks\jbrsdk_jcef-17.0.7\bin\server\jvm.dll
0x00007ff9eecb0000 - 0x00007ff9eecd7000 	C:\WINDOWS\SYSTEM32\WINMM.dll
0x00007ff9e08f0000 - 0x00007ff9e08f9000 	C:\WINDOWS\SYSTEM32\WSOCK32.dll
0x00007ff9f2eb0000 - 0x00007ff9f2f1b000 	C:\WINDOWS\System32\WS2_32.dll
0x00007ff9e31d0000 - 0x00007ff9e31da000 	C:\WINDOWS\SYSTEM32\VERSION.dll
0x00007ff9ef3b0000 - 0x00007ff9ef3c2000 	C:\WINDOWS\SYSTEM32\kernel.appcore.dll
0x00007ff9e84a0000 - 0x00007ff9e84aa000 	C:\Users\Jx@ic~\.jdks\jbrsdk_jcef-17.0.7\bin\jimage.dll
0x00007ff9eee10000 - 0x00007ff9eeff4000 	C:\WINDOWS\SYSTEM32\DBGHELP.DLL
0x00007ff9d9160000 - 0x00007ff9d9194000 	C:\WINDOWS\SYSTEM32\dbgcore.DLL
0x00007ff9f1160000 - 0x00007ff9f11e2000 	C:\WINDOWS\System32\bcryptPrimitives.dll
0x00007ff9e8470000 - 0x00007ff9e847e000 	C:\Users\Jx@ic~\.jdks\jbrsdk_jcef-17.0.7\bin\instrument.dll
0x00007ff9d5290000 - 0x00007ff9d52b5000 	C:\Users\Jx@ic~\.jdks\jbrsdk_jcef-17.0.7\bin\java.dll
0x00007ff9e3880000 - 0x00007ff9e3898000 	C:\Users\Jx@ic~\.jdks\jbrsdk_jcef-17.0.7\bin\zip.dll
0x00007ff9b2450000 - 0x00007ff9b2527000 	C:\Users\Jx@ic~\.jdks\jbrsdk_jcef-17.0.7\bin\jsvml.dll
0x00007ff9f12e0000 - 0x00007ff9f1a4f000 	C:\WINDOWS\System32\SHELL32.dll
0x00007ff9ee4f0000 - 0x00007ff9eec93000 	C:\WINDOWS\SYSTEM32\windows.storage.dll
0x00007ff9f2ae0000 - 0x00007ff9f2e33000 	C:\WINDOWS\System32\combase.dll
0x00007ff9f02c0000 - 0x00007ff9f02ee000 	C:\WINDOWS\SYSTEM32\Wldp.dll
0x00007ff9f2220000 - 0x00007ff9f22ed000 	C:\WINDOWS\System32\OLEAUT32.dll
0x00007ff9f2990000 - 0x00007ff9f2a3d000 	C:\WINDOWS\System32\SHCORE.dll
0x00007ff9f1c00000 - 0x00007ff9f1c55000 	C:\WINDOWS\System32\shlwapi.dll
0x00007ff9f0890000 - 0x00007ff9f08b4000 	C:\WINDOWS\SYSTEM32\profapi.dll
0x00007ff9d9730000 - 0x00007ff9d9749000 	C:\Users\Jx@ic~\.jdks\jbrsdk_jcef-17.0.7\bin\net.dll
0x00007ff9dea70000 - 0x00007ff9deb7d000 	C:\WINDOWS\SYSTEM32\WINHTTP.dll
0x00007ff9f0020000 - 0x00007ff9f008a000 	C:\WINDOWS\system32\mswsock.dll
0x00007ff9d0450000 - 0x00007ff9d0466000 	C:\Users\Jx@ic~\.jdks\jbrsdk_jcef-17.0.7\bin\nio.dll
0x00007ff9e3ba0000 - 0x00007ff9e3bb0000 	C:\Users\Jx@ic~\.jdks\jbrsdk_jcef-17.0.7\bin\verify.dll
0x00007ff9dfe40000 - 0x00007ff9dfe67000 	C:\demo\gradle\native\c067742578af261105cb4f569cf0c3c89f3d7b1fecec35dd04571415982c5e48\windows-amd64\native-platform.dll
0x00007ff9aacc0000 - 0x00007ff9aae04000 	C:\demo\gradle\native\100fb08df4bc3b14c8652ba06237920a3bd2aa13389f12d3474272988ae205f9\windows-amd64\native-platform-file-events.dll
0x00007ff9e3b50000 - 0x00007ff9e3b59000 	C:\Users\Jx@ic~\.jdks\jbrsdk_jcef-17.0.7\bin\management.dll
0x00007ff9e31f0000 - 0x00007ff9e31fb000 	C:\Users\Jx@ic~\.jdks\jbrsdk_jcef-17.0.7\bin\management_ext.dll
0x00007ff9f0220000 - 0x00007ff9f0238000 	C:\WINDOWS\SYSTEM32\CRYPTSP.dll
0x00007ff9ef910000 - 0x00007ff9ef944000 	C:\WINDOWS\system32\rsaenh.dll
0x00007ff9f0850000 - 0x00007ff9f087e000 	C:\WINDOWS\SYSTEM32\USERENV.dll
0x00007ff9f0210000 - 0x00007ff9f021c000 	C:\WINDOWS\SYSTEM32\CRYPTBASE.dll
0x00007ff9efd00000 - 0x00007ff9efd3b000 	C:\WINDOWS\SYSTEM32\IPHLPAPI.DLL
0x00007ff9f1d70000 - 0x00007ff9f1d78000 	C:\WINDOWS\System32\NSI.dll
0x00007ff9e94f0000 - 0x00007ff9e9507000 	C:\WINDOWS\SYSTEM32\dhcpcsvc6.DLL
0x00007ff9e94d0000 - 0x00007ff9e94ed000 	C:\WINDOWS\SYSTEM32\dhcpcsvc.DLL
0x00007ff9efd40000 - 0x00007ff9efe0a000 	C:\WINDOWS\SYSTEM32\DNSAPI.dll
0x00007ff9df530000 - 0x00007ff9df53e000 	C:\Users\Jx@ic~\.jdks\jbrsdk_jcef-17.0.7\bin\sunmscapi.dll
0x00007ff9f0f60000 - 0x00007ff9f10bc000 	C:\WINDOWS\System32\CRYPT32.dll
0x00007ff9f0330000 - 0x00007ff9f0359000 	C:\WINDOWS\SYSTEM32\ncrypt.dll
0x00007ff9f02f0000 - 0x00007ff9f032b000 	C:\WINDOWS\SYSTEM32\NTASN1.dll
0x00007ff9a7a40000 - 0x00007ff9a7a47000 	C:\WINDOWS\system32\wshunix.dll

dbghelp: loaded successfully - version: 4.0.5 - missing functions: none
symbol engine: initialized successfully - sym options: 0x614 - pdb path: .;C:\Users\Jx@ic~\.jdks\jbrsdk_jcef-17.0.7\bin;C:\WINDOWS\SYSTEM32;C:\Program Files\Norton Security\NortonData\22.14.2.13\Definitions\IPSDefs\20240926.001;C:\WINDOWS\WinSxS\amd64_microsoft.windows.common-controls_6595b64144ccf1df_6.0.19041.4355_none_60b8b9eb71f62e16;C:\Users\Jx@ic~\.jdks\jbrsdk_jcef-17.;C:\Users\Jx@ic~\.jdks\jbrsdk_j;C:\Users\Jx@ic~\.jdks\j;C:\Users\Jx@ic~\;C:\Users\Jx@;C:\Users\J;C:\Users\J;C:\Users\Jx@ic~\.jdks\jbrsdk_jcef-17.0.7\bin\server;C:\demo\gradle\native\c067742578af261105cb4f569cf0c;C:\demo\gradle\native\c067742578af261105cb4f569cf0c3c89f3d7b1fecec35dd04571415982c5e48\windows-amd64;C:\demo\gradle\native\100fb08df4bc3b14c8652ba062379;C:\demo\gradle\native\100fb08df4bc3b14c8652ba062379;C:\demo\gradle\native\100fb08df4bc3b14c8652ba062379;C:\demo\gradle\native\100fb08df4bc3b14c8652ba062379;C:\demo\gradle\native\100fb08df4bc3b14c8652ba062379

VM Arguments:
jvm_args: --add-opens=java.base/java.util.concurrent.atomic=ALL-UNNAMED -XX:MaxMetaspaceSize=384m -XX:+HeapDumpOnOutOfMemoryError --add-opens=java.base/java.util=ALL-UNNAMED --add-opens=java.base/java.lang=ALL-UNNAMED --add-opens=java.base/java.lang.invoke=ALL-UNNAMED --add-opens=java.prefs/java.util.prefs=ALL-UNNAMED --add-opens=java.base/java.nio.charset=ALL-UNNAMED --add-opens=java.base/java.net=ALL-UNNAMED --add-opens=java.base/java.util.concurrent.atomic=ALL-UNNAMED -Xms256m -Xmx512m -Dfile.encoding=UTF-8 -Duser.country=JP -Duser.language=ja -Duser.variant -javaagent:C:\demo\gradle\wrapper\dists\gradle-8.8-bin\dl7vupf4psengwqhwktix4v1\gradle-8.8\lib\agents\gradle-instrumentation-agent-8.8.jar 
java_command: org.gradle.launcher.daemon.bootstrap.GradleDaemon 8.8
java_class_path (initial): C:\demo\gradle\wrapper\dists\gradle-8.8-bin\dl7vupf4psengwqhwktix4v1\gradle-8.8\lib\gradle-launcher-8.8.jar
Launcher Type: SUN_STANDARD

[Global flags]
     intx CICompilerCount                          = 2                                         {product} {ergonomic}
   size_t CompressedClassSpaceSize                 = 335544320                                 {product} {ergonomic}
     uint ConcGCThreads                            = 1                                         {product} {ergonomic}
     uint G1ConcRefinementThreads                  = 2                                         {product} {ergonomic}
   size_t G1HeapRegionSize                         = 1048576                                   {product} {ergonomic}
    uintx GCDrainStackTargetSize                   = 64                                        {product} {ergonomic}
     bool HeapDumpOnOutOfMemoryError               = true                                   {manageable} {command line}
   size_t InitialHeapSize                          = 268435456                                 {product} {command line}
   size_t MarkStackSize                            = 4194304                                   {product} {ergonomic}
   size_t MaxHeapSize                              = 536870912                                 {product} {command line}
   size_t MaxMetaspaceSize                         = 402653184                                 {product} {command line}
   size_t MaxNewSize                               = 321912832                                 {product} {ergonomic}
   size_t MinHeapDeltaBytes                        = 1048576                                   {product} {ergonomic}
   size_t MinHeapSize                              = 268435456                                 {product} {command line}
    uintx NonNMethodCodeHeapSize                   = 5826188                                {pd product} {ergonomic}
    uintx NonProfiledCodeHeapSize                  = 122916026                              {pd product} {ergonomic}
    uintx ProfiledCodeHeapSize                     = 122916026                              {pd product} {ergonomic}
    uintx ReservedCodeCacheSize                    = 251658240                              {pd product} {ergonomic}
     bool SegmentedCodeCache                       = true                                      {product} {ergonomic}
   size_t SoftMaxHeapSize                          = 536870912                              {manageable} {ergonomic}
     bool UseCompressedClassPointers               = true                           {product lp64_product} {ergonomic}
     bool UseCompressedOops                        = true                           {product lp64_product} {ergonomic}
     bool UseG1GC                                  = true                                      {product} {ergonomic}
     bool UseLargePagesIndividualAllocation        = false                                  {pd product} {ergonomic}

Logging:
Log output configuration:
 #0: stdout all=warning uptime,level,tags
 #1: stderr all=off uptime,level,tags

Environment Variables:
PATH=C:\Program Files (x86)\Common Files\Oracle\Java\javapath;C:\Program Files (x86)\Intel\iCLS Client\;C:\Program Files\Intel\iCLS Client\;C:\WINDOWS\system32;C:\WINDOWS;C:\WINDOWS\System32\Wbem;C:\WINDOWS\System32\WindowsPowerShell\v1.0\;C:\Program Files (x86)\Intel\Intel(R) Management Engine Components\DAL;C:\Program Files\Intel\Intel(R) Management Engine Components\DAL;C:\Program Files (x86)\Intel\Intel(R) Management Engine Components\IPT;C:\Program Files\Intel\Intel(R) Management Engine Components\IPT;C:\WINDOWS\System32\OpenSSH\;C:\Program Files\Git LFS;C:\Program Files\Docker\Docker\resources\bin;C:\Program Files\Git\cmd;C:\Users\Jx@ic~\AppData\Local\Microsoft\WindowsApps;;C:\Program Files\JetBrains\IntelliJ IDEA 2023.1.3\bin;
USERNAME=Jx@ic~
OS=Windows_NT
PROCESSOR_IDENTIFIER=Intel64 Family 6 Model 142 Stepping 9, GenuineIntel
TMP=C:\Users\Jx~1\AppData\Local\Temp
TEMP=C:\Users\Jx~1\AppData\Local\Temp


JNI global refs:
JNI global refs: 26, weak refs: 0

JNI global refs memory usage: 843, weak refs: 841

OOME stack traces (most recent first):
Classloader memory used:
Loader org.gradle.internal.classloader.VisitableURLClassLoader                         : 2642K
Loader bootstrap                                                                       : 2348K
Loader org.gradle.initialization.MixInLegacyTypesClassLoader                           : 503K
Loader jdk.internal.loader.ClassLoaders$PlatformClassLoader                            : 71639B
Loader jdk.internal.loader.ClassLoaders$AppClassLoader                                 : 28744B
Loader jdk.internal.reflect.DelegatingClassLoader                                      : 11571B
Loader org.gradle.groovy.scripts.internal.DefaultScriptCompilationHandler$ScriptClassLoader: 777B

Classes loaded by more than one classloader:
Class org.gradle.internal.installation.GradleInstallation                             : loaded 2 times (x 73B)
Class org.gradle.internal.classpath.ClassPath                                         : loaded 2 times (x 68B)
Class org.gradle.api.internal.classpath.DefaultModuleRegistry                         : loaded 2 times (x 84B)
Class org.gradle.api.Action                                                           : loaded 2 times (x 68B)
Class org.gradle.api.internal.DefaultClassPathProvider                                : loaded 2 times (x 74B)
Class org.gradle.internal.installation.GradleInstallation$1                           : loaded 2 times (x 73B)
Class org.gradle.internal.classloader.FilteringClassLoader                            : loaded 2 times (x 102B)
Class org.gradle.internal.classpath.DefaultClassPath$ImmutableUniqueList$Builder      : loaded 2 times (x 73B)
Class org.gradle.internal.classloader.ClassLoaderVisitor                              : loaded 2 times (x 74B)
Class org.gradle.internal.service.DefaultServiceLocator                               : loaded 2 times (x 81B)
Class org.gradle.internal.service.UnknownServiceException                             : loaded 2 times (x 81B)
Class org.gradle.internal.classloader.DefaultClassLoaderFactory                       : loaded 2 times (x 80B)
Class org.gradle.internal.classloader.VisitableURLClassLoader$Spec                    : loaded 2 times (x 72B)
Class org.gradle.api.GradleException                                                  : loaded 2 times (x 80B)
Class org.gradle.api.internal.classpath.ModuleRegistry                                : loaded 2 times (x 68B)
Class org.gradle.api.internal.ClassPathProvider                                       : loaded 2 times (x 68B)
Class org.gradle.internal.classloader.ClasspathUtil$1                                 : loaded 2 times (x 74B)
Class org.gradle.internal.classloader.ClassLoaderFactory                              : loaded 2 times (x 68B)
Class org.gradle.api.internal.classpath.ManifestUtil                                  : loaded 2 times (x 69B)
Class org.gradle.api.specs.Spec                                                       : loaded 2 times (x 68B)
Class org.gradle.internal.IoActions                                                   : loaded 2 times (x 69B)
Class org.gradle.api.internal.classpath.EffectiveClassPath                            : loaded 2 times (x 88B)
Class org.gradle.internal.installation.CurrentGradleInstallation                      : loaded 2 times (x 71B)
Class org.gradle.internal.agents.InstrumentingClassLoader                             : loaded 2 times (x 68B)
Class org.gradle.internal.installation.CurrentGradleInstallationLocator               : loaded 2 times (x 69B)
Class org.gradle.api.internal.classpath.Module                                        : loaded 2 times (x 68B)
Class org.gradle.internal.service.CachingServiceLocator                               : loaded 2 times (x 80B)
Class org.gradle.internal.classpath.DefaultClassPath                                  : loaded 2 times (x 88B)
Class org.gradle.internal.classloader.SystemClassLoaderSpec                           : loaded 2 times (x 69B)
Class org.gradle.api.UncheckedIOException                                             : loaded 2 times (x 80B)
Class org.gradle.internal.classloader.ClasspathUtil                                   : loaded 2 times (x 69B)
Class org.gradle.api.internal.DefaultClassPathRegistry                                : loaded 2 times (x 74B)
Class org.gradle.api.internal.classpath.DefaultModuleRegistry$DefaultModule           : loaded 2 times (x 84B)
Class org.gradle.api.internal.classpath.UnknownModuleException                        : loaded 2 times (x 80B)
Class org.gradle.internal.service.ServiceLookupException                              : loaded 2 times (x 80B)
Class org.gradle.cache.GlobalCache                                                    : loaded 2 times (x 68B)
Class [Lorg.gradle.api.internal.ClassPathProvider;                                    : loaded 2 times (x 67B)
Class org.gradle.util.internal.GUtil                                                  : loaded 2 times (x 69B)
Class org.gradle.internal.classloader.ClassLoaderSpec                                 : loaded 2 times (x 69B)
Class org.gradle.internal.classloader.VisitableURLClassLoader                         : loaded 2 times (x 114B)
Class org.gradle.internal.Cast                                                        : loaded 2 times (x 69B)
Class org.gradle.api.internal.ClassPathRegistry                                       : loaded 2 times (x 68B)
Class org.gradle.internal.classloader.VisitableURLClassLoader$InstrumentingVisitableURLClassLoader: loaded 2 times (x 120B)
Class org.gradle.internal.classloader.ClassLoaderHierarchy                            : loaded 2 times (x 68B)
Class org.gradle.internal.InternalTransformer                                         : loaded 2 times (x 68B)
Class org.gradle.internal.service.ServiceLocator                                      : loaded 2 times (x 68B)
Class org.gradle.internal.classpath.DefaultClassPath$ImmutableUniqueList              : loaded 2 times (x 159B)
Class org.gradle.internal.classpath.TransformedClassPath                              : loaded 2 times (x 94B)


---------------  S Y S T E M  ---------------

OS:
 Windows 10 , 64 bit Build 19041 (10.0.19041.4842)
OS uptime: 9 days 18:03 hours
Hyper-V role detected

CPU: total 2 (initial active 2) (2 cores per cpu, 1 threads per core) family 6 model 142 stepping 9 microcode 0xb4, cx8, cmov, fxsr, mmx, 3dnowpref, sse, sse2, sse3, ssse3, sse4.1, sse4.2, popcnt, lzcnt, tsc, tscinvbit, aes, erms, clmul, clflush, clflushopt, hv

Memory: 4k page, system-wide physical 4009M (56M free)
TotalPageFile size 16297M (AvailPageFile size 0M)
current process WorkingSet (physical memory assigned to process): 266M, peak: 266M
current process commit charge ("private bytes"): 435M, peak: 436M

vm_info: OpenJDK 64-Bit Server VM (17.0.7+7-b1000.6) for windows-amd64 JRE (17.0.7+7-b1000.6), built on 2023-07-07 by "builduser" with MS VC++ 16.10 / 16.11 (VS2019)

END.
