#
# There is insufficient memory for the Java Runtime Environment to continue.
# Native memory allocation (malloc) failed to allocate 32744 bytes for ChunkPool::allocate
# Possible reasons:
#   The system is out of physical RAM or swap space
#   The process is running with CompressedOops enabled, and the Java Heap may be blocking the growth of the native heap
# Possible solutions:
#   Reduce memory load on the system
#   Increase physical memory or swap space
#   Check if swap backing store is full
#   Decrease Java heap size (-Xmx/-Xms)
#   Decrease number of Java threads
#   Decrease Java thread stack sizes (-Xss)
#   Set larger code cache with -XX:ReservedCodeCacheSize=
#   JVM is running with Unscaled Compressed Oops mode in which the Java heap is
#     placed in the first 4GB address space. The Java Heap base address is the
#     maximum limit for the native heap growth. Please use -XX:HeapBaseMinAddress
#     to set the Java Heap base and to place the Java Heap above 4GB virtual address.
# This output file may be truncated or incomplete.
#
#  Out of Memory Error (arena.cpp:78), pid=16912, tid=8404
#
# JRE version: OpenJDK Runtime Environment JBR-17.0.7+7-1000.6-jcef (17.0.7+7) (build 17.0.7+7-b1000.6)
# Java VM: OpenJDK 64-Bit Server VM JBR-17.0.7+7-1000.6-jcef (17.0.7+7-b1000.6, mixed mode, tiered, compressed oops, compressed class ptrs, g1 gc, windows-amd64)
# No core dump will be written. Minidumps are not enabled by default on client versions of Windows
#

---------------  S U M M A R Y ------------

Command Line: -Dorg.gradle.internal.worker.tmpdir=C:\petmanagment\build\tmp\test\work -agentlib:jdwp=transport=dt_socket,server=n,suspend=y,address=127.0.0.1:60403 -Xmx512m -Dfile.encoding=UTF-8 -Duser.country=JP -Duser.language=ja -Duser.variant -ea worker.org.gradle.process.internal.worker.GradleWorkerMain 'Gradle Test Executor 2'

Host: Intel(R) Celeron(R) CPU 3965Y @ 1.50GHz, 2 cores, 3G,  Windows 10 , 64 bit Build 19041 (10.0.19041.4842)
Time: Fri Sep 27 12:39:39 2024  Windows 10 , 64 bit Build 19041 (10.0.19041.4842) elapsed time: 58.335042 seconds (0d 0h 0m 58s)

---------------  T H R E A D  ---------------

Current thread (0x000001e51faa2780):  JavaThread "C2 CompilerThread0" daemon [_thread_in_native, id=8404, stack(0x0000004888600000,0x0000004888700000)]


Current CompileTask:
C2:  58335 2242       4       jdk.internal.org.objectweb.asm.SymbolTable::addConstantMemberReference (147 bytes)

Stack: [0x0000004888600000,0x0000004888700000]
Native frames: (J=compiled Java code, j=interpreted, Vv=VM code, C=native code)
V  [jvm.dll+0x683bfa]
V  [jvm.dll+0x8430a4]
V  [jvm.dll+0x8449be]
V  [jvm.dll+0x845023]
V  [jvm.dll+0x24ad2f]
V  [jvm.dll+0xac47c]
V  [jvm.dll+0xac82c]
V  [jvm.dll+0x36f412]
V  [jvm.dll+0x56dc96]
V  [jvm.dll+0x334850]
V  [jvm.dll+0x333cca]
V  [jvm.dll+0x21d251]
V  [jvm.dll+0x21c671]
V  [jvm.dll+0x1a605d]
V  [jvm.dll+0x22c148]
V  [jvm.dll+0x22a209]
V  [jvm.dll+0x7f858c]
V  [jvm.dll+0x7f2aea]
V  [jvm.dll+0x682a35]
C  [ucrtbase.dll+0x21bb2]
C  [KERNEL32.DLL+0x17374]
C  [ntdll.dll+0x4cc91]


---------------  P R O C E S S  ---------------

Threads class SMR info:
_java_thread_list=0x000001e524391160, length=18, elements={
0x000001e509b19ea0, 0x000001e51fa6f270, 0x000001e51fa717a0, 0x000001e51fa3f390,
0x000001e51faa0a10, 0x000001e51faa12d0, 0x000001e51faa1b90, 0x000001e51faa2780,
0x000001e51fc56fd0, 0x000001e51fc5e0b0, 0x000001e51fda7600, 0x000001e51fdbdfc0,
0x000001e51fdc08c0, 0x000001e51fdc3110, 0x000001e51fdc3a60, 0x000001e528304030,
0x000001e51fe6cce0, 0x000001e524629a50
}

Java Threads: ( => current thread )
  0x000001e509b19ea0 JavaThread "Test worker" [_thread_in_Java, id=18260, stack(0x0000004887900000,0x0000004887a00000)]
  0x000001e51fa6f270 JavaThread "Reference Handler" daemon [_thread_blocked, id=14436, stack(0x0000004888000000,0x0000004888100000)]
  0x000001e51fa717a0 JavaThread "Finalizer" daemon [_thread_blocked, id=14088, stack(0x0000004888100000,0x0000004888200000)]
  0x000001e51fa3f390 JavaThread "Signal Dispatcher" daemon [_thread_blocked, id=20736, stack(0x0000004888200000,0x0000004888300000)]
  0x000001e51faa0a10 JavaThread "Attach Listener" daemon [_thread_blocked, id=13260, stack(0x0000004888300000,0x0000004888400000)]
  0x000001e51faa12d0 JavaThread "Service Thread" daemon [_thread_blocked, id=16280, stack(0x0000004888400000,0x0000004888500000)]
  0x000001e51faa1b90 JavaThread "Monitor Deflation Thread" daemon [_thread_blocked, id=4976, stack(0x0000004888500000,0x0000004888600000)]
=>0x000001e51faa2780 JavaThread "C2 CompilerThread0" daemon [_thread_in_native, id=8404, stack(0x0000004888600000,0x0000004888700000)]
  0x000001e51fc56fd0 JavaThread "C1 CompilerThread0" daemon [_thread_blocked, id=16592, stack(0x0000004888700000,0x0000004888800000)]
  0x000001e51fc5e0b0 JavaThread "Sweeper thread" daemon [_thread_blocked, id=12416, stack(0x0000004888800000,0x0000004888900000)]
  0x000001e51fda7600 JavaThread "JDWP Transport Listener: dt_socket" daemon [_thread_blocked, id=13760, stack(0x0000004888900000,0x0000004888a00000)]
  0x000001e51fdbdfc0 JavaThread "JDWP Event Helper Thread" daemon [_thread_blocked, id=20112, stack(0x0000004888a00000,0x0000004888b00000)]
  0x000001e51fdc08c0 JavaThread "JDWP Command Reader" daemon [_thread_in_native, id=11172, stack(0x0000004888b00000,0x0000004888c00000)]
  0x000001e51fdc3110 JavaThread "Notification Thread" daemon [_thread_blocked, id=17180, stack(0x0000004888c00000,0x0000004888d00000)]
  0x000001e51fdc3a60 JavaThread "Common-Cleaner" daemon [_thread_blocked, id=8344, stack(0x0000004888e00000,0x0000004888f00000)]
  0x000001e528304030 JavaThread "/127.0.0.1:60407 to /127.0.0.1:60405 workers" [_thread_blocked, id=3620, stack(0x0000004889100000,0x0000004889200000)]
  0x000001e51fe6cce0 JavaThread "/127.0.0.1:60407 to /127.0.0.1:60405 workers Thread 2" [_thread_blocked, id=13012, stack(0x0000004889300000,0x0000004889400000)]
  0x000001e524629a50 JavaThread "/127.0.0.1:60407 to /127.0.0.1:60405 workers Thread 3" [_thread_in_native, id=13992, stack(0x0000004889400000,0x0000004889500000)]

Other Threads:
  0x000001e51f9ee4f0 VMThread "VM Thread" [stack: 0x0000004887f00000,0x0000004888000000] [id=8572]
  0x000001e51fdc35e0 WatcherThread [stack: 0x0000004888d00000,0x0000004888e00000] [id=19000]
  0x000001e509b45140 GCTaskThread "GC Thread#0" [stack: 0x0000004887a00000,0x0000004887b00000] [id=20416]
  0x000001e51fd09e90 GCTaskThread "GC Thread#1" [stack: 0x0000004888f00000,0x0000004889000000] [id=18908]
  0x000001e509b5a5b0 ConcurrentGCThread "G1 Main Marker" [stack: 0x0000004887b00000,0x0000004887c00000] [id=15616]
  0x000001e509b5b760 ConcurrentGCThread "G1 Conc#0" [stack: 0x0000004887c00000,0x0000004887d00000] [id=12572]
  0x000001e509ba3280 ConcurrentGCThread "G1 Refine#0" [stack: 0x0000004887d00000,0x0000004887e00000] [id=19492]
  0x000001e509ba3bb0 ConcurrentGCThread "G1 Service" [stack: 0x0000004887e00000,0x0000004887f00000] [id=18104]

Threads with active compile tasks:
C2 CompilerThread0    58614 2242       4       jdk.internal.org.objectweb.asm.SymbolTable::addConstantMemberReference (147 bytes)

VM state: not at safepoint (normal execution)

VM Mutex/Monitor currently owned by a thread: None

Heap address: 0x00000000e0000000, size: 512 MB, Compressed Oops mode: 32-bit

CDS archive(s) not mapped
Compressed class space mapped at: 0x0000000100000000-0x0000000140000000, reserved size: 1073741824
Narrow klass base: 0x0000000000000000, Narrow klass shift: 3, Narrow klass range: 0x140000000

GC Precious Log:
 CPUs: 2 total, 2 available
 Memory: 4009M
 Large Page Support: Disabled
 NUMA Support: Disabled
 Compressed Oops: Enabled (32-bit)
 Heap Region Size: 1M
 Heap Min Capacity: 8M
 Heap Initial Capacity: 64M
 Heap Max Capacity: 512M
 Pre-touch: Disabled
 Parallel Workers: 2
 Concurrent Workers: 1
 Concurrent Refinement Workers: 2
 Periodic GC: Disabled

Heap:
 garbage-first heap   total 40960K, used 12322K [0x00000000e0000000, 0x0000000100000000)
  region size 1024K, 3 young (3072K), 2 survivors (2048K)
 Metaspace       used 25839K, committed 26176K, reserved 1114112K
  class space    used 3116K, committed 3264K, reserved 1048576K

Heap Regions: E=young(eden), S=young(survivor), O=old, HS=humongous(starts), HC=humongous(continues), CS=collection set, F=free, OA=open archive, CA=closed archive, TAMS=top-at-mark-start (previous, next)
|   0|0x00000000e0000000, 0x00000000e0100000, 0x00000000e0100000|100%| O|  |TAMS 0x00000000e0100000, 0x00000000e0000000| Untracked 
|   1|0x00000000e0100000, 0x00000000e0200000, 0x00000000e0200000|100%| O|  |TAMS 0x00000000e0200000, 0x00000000e0100000| Untracked 
|   2|0x00000000e0200000, 0x00000000e0300000, 0x00000000e0300000|100%| O|  |TAMS 0x00000000e0300000, 0x00000000e0200000| Untracked 
|   3|0x00000000e0300000, 0x00000000e0400000, 0x00000000e0400000|100%| O|  |TAMS 0x00000000e0400000, 0x00000000e0300000| Untracked 
|   4|0x00000000e0400000, 0x00000000e0500000, 0x00000000e0500000|100%| O|  |TAMS 0x00000000e0500000, 0x00000000e0400000| Untracked 
|   5|0x00000000e0500000, 0x00000000e0600000, 0x00000000e0600000|100%| O|  |TAMS 0x00000000e0600000, 0x00000000e0500000| Untracked 
|   6|0x00000000e0600000, 0x00000000e0700000, 0x00000000e0700000|100%| O|  |TAMS 0x00000000e0700000, 0x00000000e0600000| Untracked 
|   7|0x00000000e0700000, 0x00000000e07fa000, 0x00000000e0800000| 97%| O|  |TAMS 0x00000000e07fa000, 0x00000000e0700000| Untracked 
|   8|0x00000000e0800000, 0x00000000e0900000, 0x00000000e0900000|100%| O|  |TAMS 0x00000000e0800000, 0x00000000e0800000| Untracked 
|   9|0x00000000e0900000, 0x00000000e0a00000, 0x00000000e0a00000|100%| O|  |TAMS 0x00000000e0900000, 0x00000000e0900000| Untracked 
|  10|0x00000000e0a00000, 0x00000000e0a1a000, 0x00000000e0b00000| 10%| O|  |TAMS 0x00000000e0a00000, 0x00000000e0a00000| Untracked 
|  11|0x00000000e0b00000, 0x00000000e0b00000, 0x00000000e0c00000|  0%| F|  |TAMS 0x00000000e0b00000, 0x00000000e0b00000| Untracked 
|  12|0x00000000e0c00000, 0x00000000e0c00000, 0x00000000e0d00000|  0%| F|  |TAMS 0x00000000e0c00000, 0x00000000e0c00000| Untracked 
|  13|0x00000000e0d00000, 0x00000000e0d00000, 0x00000000e0e00000|  0%| F|  |TAMS 0x00000000e0d00000, 0x00000000e0d00000| Untracked 
|  14|0x00000000e0e00000, 0x00000000e0ef4940, 0x00000000e0f00000| 95%| S|CS|TAMS 0x00000000e0e00000, 0x00000000e0e00000| Complete 
|  15|0x00000000e0f00000, 0x00000000e1000000, 0x00000000e1000000|100%| S|CS|TAMS 0x00000000e0f00000, 0x00000000e0f00000| Complete 
|  16|0x00000000e1000000, 0x00000000e1000000, 0x00000000e1100000|  0%| F|  |TAMS 0x00000000e1000000, 0x00000000e1000000| Untracked 
|  17|0x00000000e1100000, 0x00000000e1100000, 0x00000000e1200000|  0%| F|  |TAMS 0x00000000e1100000, 0x00000000e1100000| Untracked 
|  18|0x00000000e1200000, 0x00000000e1200000, 0x00000000e1300000|  0%| F|  |TAMS 0x00000000e1200000, 0x00000000e1200000| Untracked 
|  19|0x00000000e1300000, 0x00000000e1300000, 0x00000000e1400000|  0%| F|  |TAMS 0x00000000e1300000, 0x00000000e1300000| Untracked 
|  20|0x00000000e1400000, 0x00000000e1400000, 0x00000000e1500000|  0%| F|  |TAMS 0x00000000e1400000, 0x00000000e1400000| Untracked 
|  21|0x00000000e1500000, 0x00000000e1500000, 0x00000000e1600000|  0%| F|  |TAMS 0x00000000e1500000, 0x00000000e1500000| Untracked 
|  22|0x00000000e1600000, 0x00000000e1600000, 0x00000000e1700000|  0%| F|  |TAMS 0x00000000e1600000, 0x00000000e1600000| Untracked 
|  23|0x00000000e1700000, 0x00000000e1700000, 0x00000000e1800000|  0%| F|  |TAMS 0x00000000e1700000, 0x00000000e1700000| Untracked 
|  24|0x00000000e1800000, 0x00000000e1800000, 0x00000000e1900000|  0%| F|  |TAMS 0x00000000e1800000, 0x00000000e1800000| Untracked 
|  25|0x00000000e1900000, 0x00000000e1900000, 0x00000000e1a00000|  0%| F|  |TAMS 0x00000000e1900000, 0x00000000e1900000| Untracked 
|  26|0x00000000e1a00000, 0x00000000e1a00000, 0x00000000e1b00000|  0%| F|  |TAMS 0x00000000e1a00000, 0x00000000e1a00000| Untracked 
|  27|0x00000000e1b00000, 0x00000000e1b00000, 0x00000000e1c00000|  0%| F|  |TAMS 0x00000000e1b00000, 0x00000000e1b00000| Untracked 
|  28|0x00000000e1c00000, 0x00000000e1c00000, 0x00000000e1d00000|  0%| F|  |TAMS 0x00000000e1c00000, 0x00000000e1c00000| Untracked 
|  29|0x00000000e1d00000, 0x00000000e1d00000, 0x00000000e1e00000|  0%| F|  |TAMS 0x00000000e1d00000, 0x00000000e1d00000| Untracked 
|  30|0x00000000e1e00000, 0x00000000e1e00000, 0x00000000e1f00000|  0%| F|  |TAMS 0x00000000e1e00000, 0x00000000e1e00000| Untracked 
|  31|0x00000000e1f00000, 0x00000000e1f00000, 0x00000000e2000000|  0%| F|  |TAMS 0x00000000e1f00000, 0x00000000e1f00000| Untracked 
|  32|0x00000000e2000000, 0x00000000e2000000, 0x00000000e2100000|  0%| F|  |TAMS 0x00000000e2000000, 0x00000000e2000000| Untracked 
|  33|0x00000000e2100000, 0x00000000e2100000, 0x00000000e2200000|  0%| F|  |TAMS 0x00000000e2100000, 0x00000000e2100000| Untracked 
|  34|0x00000000e2200000, 0x00000000e2200000, 0x00000000e2300000|  0%| F|  |TAMS 0x00000000e2200000, 0x00000000e2200000| Untracked 
|  35|0x00000000e2300000, 0x00000000e2300000, 0x00000000e2400000|  0%| F|  |TAMS 0x00000000e2300000, 0x00000000e2300000| Untracked 
|  54|0x00000000e3600000, 0x00000000e3600000, 0x00000000e3700000|  0%| F|  |TAMS 0x00000000e3600000, 0x00000000e3600000| Untracked 
|  55|0x00000000e3700000, 0x00000000e3700000, 0x00000000e3800000|  0%| F|  |TAMS 0x00000000e3700000, 0x00000000e3700000| Untracked 
|  56|0x00000000e3800000, 0x00000000e3800000, 0x00000000e3900000|  0%| F|  |TAMS 0x00000000e3800000, 0x00000000e3800000| Untracked 
|  63|0x00000000e3f00000, 0x00000000e3ff9c70, 0x00000000e4000000| 97%| E|  |TAMS 0x00000000e3f00000, 0x00000000e3f00000| Complete 

Card table byte_map: [0x000001e5097e0000,0x000001e5098e0000] _byte_map_base: 0x000001e5090e0000

Marking Bits (Prev, Next): (CMBitMap*) 0x000001e509b45790, (CMBitMap*) 0x000001e509b45750
 Prev Bits: [0x000001e51ce90000, 0x000001e51d690000)
 Next Bits: [0x000001e51c690000, 0x000001e51ce90000)

Polling page: 0x000001e5092b0000

Metaspace:

Usage:
  Non-class:     22.19 MB used.
      Class:      3.04 MB used.
       Both:     25.24 MB used.

Virtual space:
  Non-class space:       64.00 MB reserved,      22.38 MB ( 35%) committed,  1 nodes.
      Class space:        1.00 GB reserved,       3.19 MB ( <1%) committed,  1 nodes.
             Both:        1.06 GB reserved,      25.56 MB (  2%) committed. 

Chunk freelists:
   Non-Class:  9.41 MB
       Class:  12.79 MB
        Both:  22.20 MB

MaxMetaspaceSize: unlimited
CompressedClassSpaceSize: 1.00 GB
Initial GC threshold: 21.00 MB
Current GC threshold: 35.12 MB
CDS: off
MetaspaceReclaimPolicy: balanced
 - commit_granule_bytes: 65536.
 - commit_granule_words: 8192.
 - virtual_space_node_default_size: 8388608.
 - enlarge_chunks_in_place: 1.
 - new_chunks_are_fully_committed: 0.
 - uncommit_free_chunks: 1.
 - use_allocation_guard: 0.
 - handle_deallocations: 1.


Internal statistics:

num_allocs_failed_limit: 3.
num_arena_births: 260.
num_arena_deaths: 0.
num_vsnodes_births: 2.
num_vsnodes_deaths: 0.
num_space_committed: 409.
num_space_uncommitted: 0.
num_chunks_returned_to_freelist: 3.
num_chunks_taken_from_freelist: 844.
num_chunk_merges: 3.
num_chunk_splits: 513.
num_chunks_enlarged: 356.
num_inconsistent_stats: 0.

CodeHeap 'non-profiled nmethods': size=120064Kb used=1162Kb max_used=1162Kb free=118901Kb
 bounds [0x000001e515150000, 0x000001e5153c0000, 0x000001e51c690000]
CodeHeap 'profiled nmethods': size=120000Kb used=4956Kb max_used=4956Kb free=115043Kb
 bounds [0x000001e50d690000, 0x000001e50db70000, 0x000001e514bc0000]
CodeHeap 'non-nmethods': size=5696Kb used=1269Kb max_used=1348Kb free=4426Kb
 bounds [0x000001e514bc0000, 0x000001e514e30000, 0x000001e515150000]
 total_blobs=2812 nmethods=2309 adapters=416
 compilation: enabled
              stopped_count=0, restarted_count=0
 full_count=0

Compilation events (20 events):
Event: 58.037 Thread 0x000001e51fc56fd0 2268       3       java.util.stream.ReferencePipeline::map (26 bytes)
Event: 58.038 Thread 0x000001e51fc56fd0 nmethod 2268 0x000001e50db52110 code [0x000001e50db52300, 0x000001e50db52818]
Event: 58.043 Thread 0x000001e51fc56fd0 2269       3       java.util.stream.ReferencePipeline$3::opWrapSink (10 bytes)
Event: 58.044 Thread 0x000001e51fc56fd0 nmethod 2269 0x000001e50db52a90 code [0x000001e50db52c80, 0x000001e50db53248]
Event: 58.044 Thread 0x000001e51fc56fd0 2270       3       java.util.stream.Sink$ChainedReference::begin (11 bytes)
Event: 58.044 Thread 0x000001e51fc56fd0 nmethod 2270 0x000001e50db53490 code [0x000001e50db53640, 0x000001e50db53828]
Event: 58.084 Thread 0x000001e51fc56fd0 2271       3       org.springframework.boot.context.properties.source.ConfigurationPropertyName$ElementsParser::isAlpha (18 bytes)
Event: 58.084 Thread 0x000001e51fc56fd0 nmethod 2271 0x000001e50db53910 code [0x000001e50db53aa0, 0x000001e50db53c18]
Event: 58.085 Thread 0x000001e51fc56fd0 2272       3       java.lang.Character::toLowerCase (6 bytes)
Event: 58.085 Thread 0x000001e51fc56fd0 nmethod 2272 0x000001e50db53c90 code [0x000001e50db53e40, 0x000001e50db54098]
Event: 58.085 Thread 0x000001e51fc56fd0 2273       3       org.springframework.boot.context.properties.source.ConfigurationPropertyName$Elements::charAt (49 bytes)
Event: 58.085 Thread 0x000001e51fc56fd0 nmethod 2273 0x000001e50db54190 code [0x000001e50db54360, 0x000001e50db54718]
Event: 58.086 Thread 0x000001e51fc56fd0 2274       1       org.springframework.boot.context.properties.source.ConfigurationPropertyName$Elements::getSize (5 bytes)
Event: 58.087 Thread 0x000001e51fc56fd0 nmethod 2274 0x000001e515271010 code [0x000001e5152711a0, 0x000001e515271278]
Event: 58.090 Thread 0x000001e51fc56fd0 2275       3       org.springframework.boot.context.properties.source.ConfigurationPropertyName$ElementsParser::isAlphaNumeric (20 bytes)
Event: 58.092 Thread 0x000001e51fc56fd0 nmethod 2275 0x000001e50db54910 code [0x000001e50db54ac0, 0x000001e50db54e18]
Event: 58.093 Thread 0x000001e51fc56fd0 2276       1       org.springframework.core.env.PropertySource::getName (5 bytes)
Event: 58.093 Thread 0x000001e51fc56fd0 nmethod 2276 0x000001e515271310 code [0x000001e5152714a0, 0x000001e515271578]
Event: 58.099 Thread 0x000001e51fc56fd0 2277       3       java.lang.invoke.MethodType::methodType (14 bytes)
Event: 58.099 Thread 0x000001e51fc56fd0 nmethod 2277 0x000001e50db54f10 code [0x000001e50db550c0, 0x000001e50db55408]

GC Heap History (12 events):
Event: 20.706 GC heap before
{Heap before GC invocations=0 (full 0):
 garbage-first heap   total 65536K, used 5120K [0x00000000e0000000, 0x0000000100000000)
  region size 1024K, 6 young (6144K), 0 survivors (0K)
 Metaspace       used 8494K, committed 8704K, reserved 1114112K
  class space    used 776K, committed 896K, reserved 1048576K
}
Event: 20.820 GC heap after
{Heap after GC invocations=1 (full 0):
 garbage-first heap   total 65536K, used 3217K [0x00000000e0000000, 0x0000000100000000)
  region size 1024K, 1 young (1024K), 1 survivors (1024K)
 Metaspace       used 8494K, committed 8704K, reserved 1114112K
  class space    used 776K, committed 896K, reserved 1048576K
}
Event: 31.962 GC heap before
{Heap before GC invocations=1 (full 0):
 garbage-first heap   total 65536K, used 5265K [0x00000000e0000000, 0x0000000100000000)
  region size 1024K, 4 young (4096K), 1 survivors (1024K)
 Metaspace       used 8567K, committed 8768K, reserved 1114112K
  class space    used 780K, committed 896K, reserved 1048576K
}
Event: 31.994 GC heap after
{Heap after GC invocations=2 (full 0):
 garbage-first heap   total 65536K, used 5977K [0x00000000e0000000, 0x0000000100000000)
  region size 1024K, 1 young (1024K), 1 survivors (1024K)
 Metaspace       used 8567K, committed 8768K, reserved 1114112K
  class space    used 780K, committed 896K, reserved 1048576K
}
Event: 39.104 GC heap before
{Heap before GC invocations=2 (full 0):
 garbage-first heap   total 65536K, used 10073K [0x00000000e0000000, 0x0000000100000000)
  region size 1024K, 6 young (6144K), 1 survivors (1024K)
 Metaspace       used 11636K, committed 11840K, reserved 1114112K
  class space    used 1178K, committed 1280K, reserved 1048576K
}
Event: 39.110 GC heap after
{Heap after GC invocations=3 (full 0):
 garbage-first heap   total 65536K, used 7750K [0x00000000e0000000, 0x0000000100000000)
  region size 1024K, 1 young (1024K), 1 survivors (1024K)
 Metaspace       used 11636K, committed 11840K, reserved 1114112K
  class space    used 1178K, committed 1280K, reserved 1048576K
}
Event: 43.512 GC heap before
{Heap before GC invocations=3 (full 0):
 garbage-first heap   total 65536K, used 16966K [0x00000000e0000000, 0x0000000100000000)
  region size 1024K, 10 young (10240K), 1 survivors (1024K)
 Metaspace       used 15443K, committed 15616K, reserved 1114112K
  class space    used 1662K, committed 1728K, reserved 1048576K
}
Event: 43.520 GC heap after
{Heap after GC invocations=4 (full 0):
 garbage-first heap   total 65536K, used 9194K [0x00000000e0000000, 0x0000000100000000)
  region size 1024K, 2 young (2048K), 2 survivors (2048K)
 Metaspace       used 15443K, committed 15616K, reserved 1114112K
  class space    used 1662K, committed 1728K, reserved 1048576K
}
Event: 46.896 GC heap before
{Heap before GC invocations=4 (full 0):
 garbage-first heap   total 65536K, used 25578K [0x00000000e0000000, 0x0000000100000000)
  region size 1024K, 18 young (18432K), 2 survivors (2048K)
 Metaspace       used 19644K, committed 19968K, reserved 1114112K
  class space    used 2271K, committed 2432K, reserved 1048576K
}
Event: 46.907 GC heap after
{Heap after GC invocations=5 (full 0):
 garbage-first heap   total 65536K, used 10553K [0x00000000e0000000, 0x0000000100000000)
  region size 1024K, 3 young (3072K), 3 survivors (3072K)
 Metaspace       used 19644K, committed 19968K, reserved 1114112K
  class space    used 2271K, committed 2432K, reserved 1048576K
}
Event: 48.882 GC heap before
{Heap before GC invocations=5 (full 0):
 garbage-first heap   total 65536K, used 16697K [0x00000000e0000000, 0x0000000100000000)
  region size 1024K, 10 young (10240K), 3 survivors (3072K)
 Metaspace       used 21203K, committed 21504K, reserved 1114112K
  class space    used 2453K, committed 2624K, reserved 1048576K
}
Event: 48.891 GC heap after
{Heap after GC invocations=6 (full 0):
 garbage-first heap   total 65536K, used 11042K [0x00000000e0000000, 0x0000000100000000)
  region size 1024K, 3 young (3072K), 3 survivors (3072K)
 Metaspace       used 21203K, committed 21504K, reserved 1114112K
  class space    used 2453K, committed 2624K, reserved 1048576K
}

Dll operation events (3 events):
Event: 0.605 Loaded shared library C:\Users\カルベ　ナツミ\.jdks\jbrsdk_jcef-17.0.7\bin\java.dll
Event: 0.761 Loaded shared library C:\Users\カルベ　ナツミ\.jdks\jbrsdk_jcef-17.0.7\bin\jsvml.dll
Event: 18.471 Loaded shared library C:\Users\カルベ　ナツミ\.jdks\jbrsdk_jcef-17.0.7\bin\verify.dll

Deoptimization events (20 events):
Event: 57.124 Thread 0x000001e509b19ea0 DEOPT PACKING pc=0x000001e50d7041d4 sp=0x00000048879fa760
Event: 57.124 Thread 0x000001e509b19ea0 DEOPT UNPACKING pc=0x000001e514c17124 sp=0x00000048879f9c18 mode 1
Event: 57.124 Thread 0x000001e509b19ea0 DEOPT PACKING pc=0x000001e50d9411a4 sp=0x00000048879fb140
Event: 57.124 Thread 0x000001e509b19ea0 DEOPT UNPACKING pc=0x000001e514c17124 sp=0x00000048879fa630 mode 1
Event: 57.228 Thread 0x000001e509b19ea0 DEOPT PACKING pc=0x000001e50d91c0d4 sp=0x00000048879f9b70
Event: 57.228 Thread 0x000001e509b19ea0 DEOPT UNPACKING pc=0x000001e514c17124 sp=0x00000048879f9008 mode 1
Event: 57.228 Thread 0x000001e509b19ea0 DEOPT PACKING pc=0x000001e50d7041d4 sp=0x00000048879f9c40
Event: 57.229 Thread 0x000001e509b19ea0 DEOPT UNPACKING pc=0x000001e514c17124 sp=0x00000048879f90f8 mode 1
Event: 57.229 Thread 0x000001e509b19ea0 DEOPT PACKING pc=0x000001e50d9411a4 sp=0x00000048879fa620
Event: 57.229 Thread 0x000001e509b19ea0 DEOPT UNPACKING pc=0x000001e514c17124 sp=0x00000048879f9b10 mode 1
Event: 57.231 Thread 0x000001e509b19ea0 DEOPT PACKING pc=0x000001e50d91c0d4 sp=0x00000048879fa690
Event: 57.231 Thread 0x000001e509b19ea0 DEOPT UNPACKING pc=0x000001e514c17124 sp=0x00000048879f9b28 mode 1
Event: 57.231 Thread 0x000001e509b19ea0 DEOPT PACKING pc=0x000001e50d7041d4 sp=0x00000048879fa760
Event: 57.232 Thread 0x000001e509b19ea0 DEOPT UNPACKING pc=0x000001e514c17124 sp=0x00000048879f9c18 mode 1
Event: 57.232 Thread 0x000001e509b19ea0 DEOPT PACKING pc=0x000001e50d9411a4 sp=0x00000048879fb140
Event: 57.232 Thread 0x000001e509b19ea0 DEOPT UNPACKING pc=0x000001e514c17124 sp=0x00000048879fa630 mode 1
Event: 57.764 Thread 0x000001e509b19ea0 Uncommon trap: trap_request=0xffffff45 fr.pc=0x000001e51521d3d4 relative=0x00000000000008d4
Event: 57.764 Thread 0x000001e509b19ea0 Uncommon trap: reason=unstable_if action=reinterpret pc=0x000001e51521d3d4 method=java.util.HashMap.putVal(ILjava/lang/Object;Ljava/lang/Object;ZZ)Ljava/lang/Object; @ 236 c2
Event: 57.764 Thread 0x000001e509b19ea0 DEOPT PACKING pc=0x000001e51521d3d4 sp=0x00000048879fabf0
Event: 57.764 Thread 0x000001e509b19ea0 DEOPT UNPACKING pc=0x000001e514c1699d sp=0x00000048879fabc8 mode 2

Classes unloaded (0 events):
No events

Classes redefined (0 events):
No events

Internal exceptions (20 events):
Event: 48.898 Thread 0x000001e509b19ea0 Exception <a 'java/lang/NoSuchMethodError'{0x00000000e3f00710}: 'void java.lang.invoke.DirectMethodHandle$Holder.invokeStaticInit(java.lang.Object, java.lang.Object)'> (0x00000000e3f00710) 
thrown [s\src\hotspot\share\interpreter\linkResolver.cpp, line 771]
Event: 49.466 Thread 0x000001e509b19ea0 Exception <a 'java/lang/NoSuchMethodError'{0x00000000e2320ce0}: 'int java.lang.invoke.DirectMethodHandle$Holder.invokeVirtual(java.lang.Object, java.lang.Object, java.lang.Object)'> (0x00000000e2320ce0) 
thrown [s\src\hotspot\share\interpreter\linkResolver.cpp, line 771]
Event: 51.499 Thread 0x000001e509b19ea0 Exception <a 'java/lang/IncompatibleClassChangeError'{0x00000000e21e5fb0}: Found class java.lang.Object, but interface was expected> (0x00000000e21e5fb0) 
thrown [s\src\hotspot\share\interpreter\linkResolver.cpp, line 838]
Event: 51.954 Thread 0x000001e509b19ea0 Exception <a 'sun/nio/fs/WindowsException'{0x00000000e1f479b0}> (0x00000000e1f479b0) 
thrown [s\src\hotspot\share\prims\jni.cpp, line 517]
Event: 51.957 Thread 0x000001e509b19ea0 Exception <a 'java/lang/NoSuchMethodError'{0x00000000e1f48f80}: 'int java.lang.invoke.DirectMethodHandle$Holder.invokeSpecial(java.lang.Object, java.lang.Object, java.lang.Object, java.lang.Object, java.lang.Object)'> (0x00000000e1f48f80) 
thrown [s\src\hotspot\share\interpreter\linkResolver.cpp, line 771]
Event: 51.976 Thread 0x000001e509b19ea0 Exception <a 'java/lang/NoSuchMethodError'{0x00000000e1f51ff0}: 'void java.lang.invoke.DirectMethodHandle$Holder.invokeVirtual(java.lang.Object, java.lang.Object)'> (0x00000000e1f51ff0) 
thrown [s\src\hotspot\share\interpreter\linkResolver.cpp, line 771]
Event: 52.088 Thread 0x000001e509b19ea0 Exception <a 'sun/nio/fs/WindowsException'{0x00000000e1e4fc10}> (0x00000000e1e4fc10) 
thrown [s\src\hotspot\share\prims\jni.cpp, line 517]
Event: 52.110 Thread 0x000001e509b19ea0 Exception <a 'sun/nio/fs/WindowsException'{0x00000000e1e5e220}> (0x00000000e1e5e220) 
thrown [s\src\hotspot\share\prims\jni.cpp, line 517]
Event: 53.597 Thread 0x000001e509b19ea0 Exception <a 'java/lang/NoSuchMethodError'{0x00000000e1b2a648}: 'void java.lang.invoke.DirectMethodHandle$Holder.invokeVirtual(java.lang.Object, java.lang.Object, java.lang.Object, java.lang.Object)'> (0x00000000e1b2a648) 
thrown [s\src\hotspot\share\interpreter\linkResolver.cpp, line 771]
Event: 54.688 Thread 0x000001e509b19ea0 Exception <a 'java/lang/NoSuchMethodError'{0x00000000e17bcdb8}: 'java.lang.Object java.lang.invoke.DirectMethodHandle$Holder.newInvokeSpecial(java.lang.Object, java.lang.Object, java.lang.Object, java.lang.Object, java.lang.Object, java.lang.Object, java.lang.Object)'> (0x00000000e17bcdb8) 
thrown [s\src\hotspot\share\interpreter\linkResolver.cpp, line 771]
Event: 54.689 Thread 0x000001e509b19ea0 Exception <a 'java/lang/NoSuchMethodError'{0x00000000e17c1c18}: 'java.lang.Object java.lang.invoke.Invokers$Holder.linkToTargetMethod(java.lang.Object, java.lang.Object, java.lang.Object, java.lang.Object, java.lang.Object, java.lang.Object, java.lang.Object)'> (0x00000000e17c1c18) 
thrown [s\src\hotspot\share\interpreter\linkResolver.cpp, line 771]
Event: 54.877 Thread 0x000001e509b19ea0 Exception <a 'java/lang/reflect/InvocationTargetException'{0x00000000e16b3078}> (0x00000000e16b3078) 
thrown [s\src\hotspot\share\runtime\reflection.cpp, line 1127]
Event: 54.966 Thread 0x000001e509b19ea0 Exception <a 'java/lang/NoSuchMethodError'{0x00000000e152ca00}: 'java.lang.Object java.lang.invoke.DirectMethodHandle$Holder.invokeInterface(java.lang.Object, java.lang.Object, java.lang.Object, java.lang.Object)'> (0x00000000e152ca00) 
thrown [s\src\hotspot\share\interpreter\linkResolver.cpp, line 771]
Event: 54.982 Thread 0x000001e509b19ea0 Exception <a 'java/lang/NoSuchMethodError'{0x00000000e154ace8}: 'java.lang.Object java.lang.invoke.DirectMethodHandle$Holder.newInvokeSpecial(java.lang.Object, java.lang.Object, java.lang.Object, java.lang.Object, int)'> (0x00000000e154ace8) 
thrown [s\src\hotspot\share\interpreter\linkResolver.cpp, line 771]
Event: 54.984 Thread 0x000001e509b19ea0 Exception <a 'java/lang/NoSuchMethodError'{0x00000000e154f4b8}: 'java.lang.Object java.lang.invoke.DirectMethodHandle$Holder.invokeSpecial(java.lang.Object, java.lang.Object, java.lang.Object, java.lang.Object, java.lang.Object, int)'> (0x00000000e154f4b8) 
thrown [s\src\hotspot\share\interpreter\linkResolver.cpp, line 771]
Event: 54.985 Thread 0x000001e509b19ea0 Exception <a 'java/lang/NoSuchMethodError'{0x00000000e1553448}: 'java.lang.Object java.lang.invoke.Invokers$Holder.linkToTargetMethod(java.lang.Object, java.lang.Object, java.lang.Object, int, java.lang.Object)'> (0x00000000e1553448) 
thrown [s\src\hotspot\share\interpreter\linkResolver.cpp, line 771]
Event: 55.047 Thread 0x000001e509b19ea0 Exception <a 'java/lang/NoSuchMethodError'{0x00000000e1585e20}: 'java.lang.Object java.lang.invoke.DirectMethodHandle$Holder.invokeInterface(java.lang.Object, java.lang.Object, java.lang.Object, java.lang.Object, java.lang.Object)'> (0x00000000e1585e20) 
thrown [s\src\hotspot\share\interpreter\linkResolver.cpp, line 771]
Event: 55.051 Thread 0x000001e509b19ea0 Exception <a 'java/lang/IncompatibleClassChangeError'{0x00000000e1589c18}: Found class java.lang.Object, but interface was expected> (0x00000000e1589c18) 
thrown [s\src\hotspot\share\interpreter\linkResolver.cpp, line 838]
Event: 57.900 Thread 0x000001e509b19ea0 Exception <a 'java/lang/IncompatibleClassChangeError'{0x00000000e116af98}: Found class java.lang.Object, but interface was expected> (0x00000000e116af98) 
thrown [s\src\hotspot\share\interpreter\linkResolver.cpp, line 838]
Event: 57.956 Thread 0x000001e509b19ea0 Exception <a 'sun/nio/fs/WindowsException'{0x00000000e11be200}> (0x00000000e11be200) 
thrown [s\src\hotspot\share\prims\jni.cpp, line 517]

VM Operations (20 events):
Event: 48.918 Executing VM operation: G1Concurrent done
Event: 49.928 Executing VM operation: Cleanup
Event: 49.928 Executing VM operation: Cleanup done
Event: 50.941 Executing VM operation: Cleanup
Event: 50.941 Executing VM operation: Cleanup done
Event: 51.956 Executing VM operation: Cleanup
Event: 51.957 Executing VM operation: Cleanup done
Event: 52.971 Executing VM operation: Cleanup
Event: 52.971 Executing VM operation: Cleanup done
Event: 53.985 Executing VM operation: Cleanup
Event: 53.987 Executing VM operation: Cleanup done
Event: 54.989 Executing VM operation: Cleanup
Event: 54.989 Executing VM operation: Cleanup done
Event: 55.118 Executing VM operation: HandshakeAllThreads
Event: 55.118 Executing VM operation: HandshakeAllThreads done
Event: 56.121 Executing VM operation: Cleanup
Event: 56.123 Executing VM operation: Cleanup done
Event: 57.166 Executing VM operation: Cleanup
Event: 57.166 Executing VM operation: Cleanup done
Event: 58.168 Executing VM operation: Cleanup

Events (20 events):
Event: 57.914 loading class javax/naming/Context done
Event: 57.914 loading class javax/naming/InitialContext done
Event: 57.926 loading class javax/naming/NamingException
Event: 57.945 loading class javax/naming/NamingException done
Event: 57.946 loading class com/sun/naming/internal/ResourceManager
Event: 57.946 loading class com/sun/naming/internal/ResourceManager done
Event: 57.947 loading class com/sun/naming/internal/VersionHelper
Event: 57.951 loading class com/sun/naming/internal/VersionHelper done
Event: 57.953 loading class com/sun/naming/internal/VersionHelper$InputStreamEnumeration
Event: 57.953 loading class javax/naming/NamingEnumeration
Event: 57.953 loading class javax/naming/NamingEnumeration done
Event: 57.953 loading class com/sun/naming/internal/VersionHelper$InputStreamEnumeration done
Event: 57.957 loading class java/util/Hashtable$KeySet
Event: 57.957 loading class java/util/Hashtable$KeySet done
Event: 57.957 loading class javax/naming/spi/NamingManager
Event: 57.959 loading class javax/naming/spi/NamingManager done
Event: 57.959 loading class javax/naming/NoInitialContextException
Event: 57.959 loading class javax/naming/NoInitialContextException done
Event: 58.094 loading class java/util/concurrent/ConcurrentHashMap$KeySpliterator
Event: 58.095 loading class java/util/concurrent/ConcurrentHashMap$KeySpliterator done


Dynamic libraries:
0x00007ff7b3060000 - 0x00007ff7b306a000 	C:\Users\カルベ　ナツミ\.jdks\jbrsdk_jcef-17.0.7\bin\java.exe
0x00007ff9f32b0000 - 0x00007ff9f34a8000 	C:\WINDOWS\SYSTEM32\ntdll.dll
0x00007ff9f30f0000 - 0x00007ff9f31b1000 	C:\WINDOWS\System32\KERNEL32.DLL
0x00007ff9f0960000 - 0x00007ff9f0c5d000 	C:\WINDOWS\System32\KERNELBASE.dll
0x000000005b9c0000 - 0x000000005bcee000 	C:\Program Files\Norton Security\NortonData\22.14.2.13\Definitions\IPSDefs\20240926.001\IPSEng64.dll
0x00007ff9f1c60000 - 0x00007ff9f1d10000 	C:\WINDOWS\System32\ADVAPI32.dll
0x00007ff9f2a40000 - 0x00007ff9f2ade000 	C:\WINDOWS\System32\msvcrt.dll
0x00007ff9f28f0000 - 0x00007ff9f2990000 	C:\WINDOWS\System32\sechost.dll
0x00007ff9f2fa0000 - 0x00007ff9f30c3000 	C:\WINDOWS\System32\RPCRT4.dll
0x00007ff9f12b0000 - 0x00007ff9f12d7000 	C:\WINDOWS\System32\bcrypt.dll
0x00007ff9f2ea0000 - 0x00007ff9f2ea8000 	C:\WINDOWS\System32\PSAPI.DLL
0x00007ff9f0c60000 - 0x00007ff9f0d60000 	C:\WINDOWS\System32\ucrtbase.dll
0x00007ff9e85d0000 - 0x00007ff9e85e7000 	C:\Users\カルベ　ナツミ\.jdks\jbrsdk_jcef-17.0.7\bin\jli.dll
0x00007ff9f1ec0000 - 0x00007ff9f205d000 	C:\WINDOWS\System32\USER32.dll
0x00007ff9f0d60000 - 0x00007ff9f0d82000 	C:\WINDOWS\System32\win32u.dll
0x00007ff9f2e70000 - 0x00007ff9f2e9b000 	C:\WINDOWS\System32\GDI32.dll
0x00007ff9f0d90000 - 0x00007ff9f0ea7000 	C:\WINDOWS\System32\gdi32full.dll
0x00007ff9f10c0000 - 0x00007ff9f115d000 	C:\WINDOWS\System32\msvcp_win.dll
0x00007ff9e3920000 - 0x00007ff9e393b000 	C:\Users\カルベ　ナツミ\.jdks\jbrsdk_jcef-17.0.7\bin\VCRUNTIME140.dll
0x00007ff9d8000000 - 0x00007ff9d829a000 	C:\WINDOWS\WinSxS\amd64_microsoft.windows.common-controls_6595b64144ccf1df_6.0.19041.4355_none_60b8b9eb71f62e16\COMCTL32.dll
0x00007ff9f2e40000 - 0x00007ff9f2e6f000 	C:\WINDOWS\System32\IMM32.DLL
0x00007ff9e8510000 - 0x00007ff9e851c000 	C:\Users\カルベ　ナツミ\.jdks\jbrsdk_jcef-17.0.7\bin\vcruntime140_1.dll
0x00007ff9b2530000 - 0x00007ff9b25bd000 	C:\Users\カルベ　ナツミ\.jdks\jbrsdk_jcef-17.0.7\bin\msvcp140.dll
0x00007ff99c3c0000 - 0x00007ff99d040000 	C:\Users\カルベ　ナツミ\.jdks\jbrsdk_jcef-17.0.7\bin\server\jvm.dll
0x00007ff9e08f0000 - 0x00007ff9e08f9000 	C:\WINDOWS\SYSTEM32\WSOCK32.dll
0x00007ff9f2eb0000 - 0x00007ff9f2f1b000 	C:\WINDOWS\System32\WS2_32.dll
0x00007ff9eecb0000 - 0x00007ff9eecd7000 	C:\WINDOWS\SYSTEM32\WINMM.dll
0x00007ff9e31d0000 - 0x00007ff9e31da000 	C:\WINDOWS\SYSTEM32\VERSION.dll
0x00007ff9ef3b0000 - 0x00007ff9ef3c2000 	C:\WINDOWS\SYSTEM32\kernel.appcore.dll
0x00007ff9e84a0000 - 0x00007ff9e84aa000 	C:\Users\カルベ　ナツミ\.jdks\jbrsdk_jcef-17.0.7\bin\jimage.dll
0x00007ff9eee10000 - 0x00007ff9eeff4000 	C:\WINDOWS\SYSTEM32\DBGHELP.DLL
0x00007ff9d9160000 - 0x00007ff9d9194000 	C:\WINDOWS\SYSTEM32\dbgcore.DLL
0x00007ff9f1160000 - 0x00007ff9f11e2000 	C:\WINDOWS\System32\bcryptPrimitives.dll
0x00007ff9cbdb0000 - 0x00007ff9cbdeb000 	C:\Users\カルベ　ナツミ\.jdks\jbrsdk_jcef-17.0.7\bin\jdwp.dll
0x00007ff9d5290000 - 0x00007ff9d52b5000 	C:\Users\カルベ　ナツミ\.jdks\jbrsdk_jcef-17.0.7\bin\java.dll
0x00007ff9e3880000 - 0x00007ff9e3898000 	C:\Users\カルベ　ナツミ\.jdks\jbrsdk_jcef-17.0.7\bin\zip.dll
0x00007ff9b2450000 - 0x00007ff9b2527000 	C:\Users\カルベ　ナツミ\.jdks\jbrsdk_jcef-17.0.7\bin\jsvml.dll
0x00007ff9f12e0000 - 0x00007ff9f1a4f000 	C:\WINDOWS\System32\SHELL32.dll
0x00007ff9ee4f0000 - 0x00007ff9eec93000 	C:\WINDOWS\SYSTEM32\windows.storage.dll
0x00007ff9f2ae0000 - 0x00007ff9f2e33000 	C:\WINDOWS\System32\combase.dll
0x00007ff9f02c0000 - 0x00007ff9f02ee000 	C:\WINDOWS\SYSTEM32\Wldp.dll
0x00007ff9f2220000 - 0x00007ff9f22ed000 	C:\WINDOWS\System32\OLEAUT32.dll
0x00007ff9f2990000 - 0x00007ff9f2a3d000 	C:\WINDOWS\System32\SHCORE.dll
0x00007ff9f1c00000 - 0x00007ff9f1c55000 	C:\WINDOWS\System32\shlwapi.dll
0x00007ff9f0890000 - 0x00007ff9f08b4000 	C:\WINDOWS\SYSTEM32\profapi.dll
0x00007ff9e8550000 - 0x00007ff9e855c000 	C:\Users\カルベ　ナツミ\.jdks\jbrsdk_jcef-17.0.7\bin\dt_socket.dll
0x00007ff9efd00000 - 0x00007ff9efd3b000 	C:\WINDOWS\SYSTEM32\IPHLPAPI.DLL
0x00007ff9f0020000 - 0x00007ff9f008a000 	C:\WINDOWS\system32\mswsock.dll
0x00007ff9d9730000 - 0x00007ff9d9749000 	C:\Users\カルベ　ナツミ\.jdks\jbrsdk_jcef-17.0.7\bin\net.dll
0x00007ff9dea70000 - 0x00007ff9deb7d000 	C:\WINDOWS\SYSTEM32\WINHTTP.dll
0x00007ff9d0450000 - 0x00007ff9d0466000 	C:\Users\カルベ　ナツミ\.jdks\jbrsdk_jcef-17.0.7\bin\nio.dll
0x00007ff9e3ba0000 - 0x00007ff9e3bb0000 	C:\Users\カルベ　ナツミ\.jdks\jbrsdk_jcef-17.0.7\bin\verify.dll
0x00007ff9df530000 - 0x00007ff9df53e000 	C:\Users\カルベ　ナツミ\.jdks\jbrsdk_jcef-17.0.7\bin\sunmscapi.dll
0x00007ff9f0f60000 - 0x00007ff9f10bc000 	C:\WINDOWS\System32\CRYPT32.dll
0x00007ff9f0330000 - 0x00007ff9f0359000 	C:\WINDOWS\SYSTEM32\ncrypt.dll
0x00007ff9f02f0000 - 0x00007ff9f032b000 	C:\WINDOWS\SYSTEM32\NTASN1.dll
0x00007ff9a7a40000 - 0x00007ff9a7a47000 	C:\WINDOWS\system32\wshunix.dll
0x00007ff9f0220000 - 0x00007ff9f0238000 	C:\WINDOWS\SYSTEM32\CRYPTSP.dll
0x00007ff9ef910000 - 0x00007ff9ef944000 	C:\WINDOWS\system32\rsaenh.dll
0x00007ff9f0850000 - 0x00007ff9f087e000 	C:\WINDOWS\SYSTEM32\USERENV.dll
0x00007ff9f0210000 - 0x00007ff9f021c000 	C:\WINDOWS\SYSTEM32\CRYPTBASE.dll
0x00007ff9f1d70000 - 0x00007ff9f1d78000 	C:\WINDOWS\System32\NSI.dll
0x00007ff9e94f0000 - 0x00007ff9e9507000 	C:\WINDOWS\SYSTEM32\dhcpcsvc6.DLL
0x00007ff9e94d0000 - 0x00007ff9e94ed000 	C:\WINDOWS\SYSTEM32\dhcpcsvc.DLL
0x00007ff9efd40000 - 0x00007ff9efe0a000 	C:\WINDOWS\SYSTEM32\DNSAPI.dll

dbghelp: loaded successfully - version: 4.0.5 - missing functions: none
symbol engine: initialized successfully - sym options: 0x614 - pdb path: .;C:\Users\カルベ　ナツミ\.jdks\jbrsdk_jcef-17.0.7\bin;C:\WINDOWS\SYSTEM32;C:\Program Files\Norton Security\NortonData\22.14.2.13\Definitions\IPSDefs\20240926.001;C:\WINDOWS\WinSxS\amd64_microsoft.windows.common-controls_6595b64144ccf1df_6.0.19041.4355_none_60b8b9eb71f62e16;C:\Users\カルベ　ナツミ\.jdks\jbrsdk_jcef-17.;C:\Users\カルベ　ナツミ\.jdks\jbrsdk_j;C:\Users\カルベ　ナツミ\.jdks\j;C:\Users\カルベ　ナツミ\;C:\Users\カルベ　;C:\Users\カル;C:\Users\カ;C:\Users\・C:\Users\

VM Arguments:
jvm_args: -Dorg.gradle.internal.worker.tmpdir=C:\petmanagment\build\tmp\test\work -agentlib:jdwp=transport=dt_socket,server=n,suspend=y,address=127.0.0.1:60403 -Xmx512m -Dfile.encoding=UTF-8 -Duser.country=JP -Duser.language=ja -Duser.variant -ea 
java_command: worker.org.gradle.process.internal.worker.GradleWorkerMain 'Gradle Test Executor 2'
java_class_path (initial): C:\\demo\\gradle\\caches\\8.8\\workerMain\\gradle-worker.jar;C:\\petmanagment\\build\\classes\\java\\test;C:\\petmanagment\\build\\resources\\test;C:\\petmanagment\\build\\classes\\java\\main;C:\\petmanagment\\build\\resources\\main;C:\\demo\\gradle\\caches\\modules-2\\files-2.1\\org.springframework.boot\\spring-boot-starter-web\\3.3.2\\720418538668a8742d0ae24097811d5250cf5c32\\spring-boot-starter-web-3.3.2.jar;C:\\demo\\gradle\\caches\\modules-2\\files-2.1\\org.mybatis.spring.boot\\mybatis-spring-boot-starter\\3.0.3\\19528356bf8bad2be5f8bf796dfc30bcc4996054\\mybatis-spring-boot-starter-3.0.3.jar;C:\\demo\\gradle\\caches\\modules-2\\files-2.1\\org.springframework.boot\\spring-boot-starter-validation\\3.3.2\\81ee06b318ed35c2a3f4882a0f7b9946a39e1b39\\spring-boot-starter-validation-3.3.2.jar;C:\\demo\\gradle\\caches\\modules-2\\files-2.1\\javax.persistence\\javax.persistence-api\\2.2\\25665ac8c0b62f50e6488173233239120fc52c96\\javax.persistence-api-2.2.jar;C:\\demo\\gradle\\caches\\modules-2\\files-2.1\\com.github.database-rider\\rider-spring\\1.44.0\\4adee0601951ee858b2f8450f9d2ffdc553e9722\\rider-spring-1.44.0.jar;C:\\demo\\gradle\\caches\\modules-2\\files-2.1\\com.mysql\\mysql-connector-j\\8.3.0\\1cc7fa5d61f4bbc113531a4ba6d85d41cf3d57e1\\mysql-connector-j-8.3.0.jar;C:\\demo\\gradle\\caches\\modules-2\\files-2.1\\org.mybatis.spring.boot\\mybatis-spring-boot-starter-test\\3.0.3\\b1ad9be6dce278ad0587e473342b0396881de49c\\mybatis-spring-boot-starter-test-3.0.3.jar;C:\\demo\\gradle\\caches\\modules-2\\files-2.1\\org.springframework.boot\\spring-boot-starter-test\\3.3.2\\7b4eb23bcd42b088b8a03088ff8e54c194f34240\\spring-boot-starter-test-3.3.2.jar;C:\\demo\\gradle\\caches\\modules-2\\files-2.1\\org.junit.jupiter\\junit-jupiter\\5.10.3\\6686d8fbf251f9bf8ecba413cab57b9e00f9134d\\junit-jupiter-5.10.3.jar;C:\\demo\\gradle\\caches\\modules-2\\files-2.1\\org.junit.jupiter\\junit-jupiter-engine\\5.10.3\\48c14e866bb1a87ca35d24ff068463bb202ada24\\junit-j
Launcher Type: SUN_STANDARD

[Global flags]
     intx CICompilerCount                          = 2                                         {product} {ergonomic}
     uint ConcGCThreads                            = 1                                         {product} {ergonomic}
     uint G1ConcRefinementThreads                  = 2                                         {product} {ergonomic}
   size_t G1HeapRegionSize                         = 1048576                                   {product} {ergonomic}
    uintx GCDrainStackTargetSize                   = 64                                        {product} {ergonomic}
   size_t InitialHeapSize                          = 67108864                                  {product} {ergonomic}
   size_t MarkStackSize                            = 4194304                                   {product} {ergonomic}
   size_t MaxHeapSize                              = 536870912                                 {product} {command line}
   size_t MaxNewSize                               = 321912832                                 {product} {ergonomic}
   size_t MinHeapDeltaBytes                        = 1048576                                   {product} {ergonomic}
   size_t MinHeapSize                              = 8388608                                   {product} {ergonomic}
    uintx NonNMethodCodeHeapSize                   = 5826188                                {pd product} {ergonomic}
    uintx NonProfiledCodeHeapSize                  = 122916026                              {pd product} {ergonomic}
    uintx ProfiledCodeHeapSize                     = 122916026                              {pd product} {ergonomic}
    uintx ReservedCodeCacheSize                    = 251658240                              {pd product} {ergonomic}
     bool SegmentedCodeCache                       = true                                      {product} {ergonomic}
   size_t SoftMaxHeapSize                          = 536870912                              {manageable} {ergonomic}
     bool UseCompressedClassPointers               = true                           {product lp64_product} {ergonomic}
     bool UseCompressedOops                        = true                           {product lp64_product} {ergonomic}
     bool UseG1GC                                  = true                                      {product} {ergonomic}
     bool UseLargePagesIndividualAllocation        = false                                  {pd product} {ergonomic}

Logging:
Log output configuration:
 #0: stdout all=warning uptime,level,tags
 #1: stderr all=off uptime,level,tags

Environment Variables:
PATH=C:\Program Files (x86)\Common Files\Oracle\Java\javapath;C:\Program Files (x86)\Intel\iCLS Client\;C:\Program Files\Intel\iCLS Client\;C:\WINDOWS\system32;C:\WINDOWS;C:\WINDOWS\System32\Wbem;C:\WINDOWS\System32\WindowsPowerShell\v1.0\;C:\Program Files (x86)\Intel\Intel(R) Management Engine Components\DAL;C:\Program Files\Intel\Intel(R) Management Engine Components\DAL;C:\Program Files (x86)\Intel\Intel(R) Management Engine Components\IPT;C:\Program Files\Intel\Intel(R) Management Engine Components\IPT;C:\WINDOWS\System32\OpenSSH\;C:\Program Files\Git LFS;C:\Program Files\Docker\Docker\resources\bin;C:\Program Files\Git\cmd;C:\Users\カルベ　ナツミ\AppData\Local\Microsoft\WindowsApps;;C:\Program Files\JetBrains\IntelliJ IDEA 2023.1.3\bin;
USERNAME=カルベ　ナツミ
OS=Windows_NT
PROCESSOR_IDENTIFIER=Intel64 Family 6 Model 142 Stepping 9, GenuineIntel
TMP=C:\Users\カルベ~1\AppData\Local\Temp
TEMP=C:\Users\カルベ~1\AppData\Local\Temp


JNI global refs:
JNI global refs: 45, weak refs: 4200

JNI global refs memory usage: 1475, weak refs: 42881

OOME stack traces (most recent first):
Classloader memory used:
Loader bootstrap                                                                       : 1983K
Loader jdk.internal.loader.ClassLoaders$AppClassLoader                                 : 1006K
Loader java.net.URLClassLoader                                                         : 221K
Loader jdk.internal.loader.ClassLoaders$PlatformClassLoader                            : 21013B
Loader jdk.internal.reflect.DelegatingClassLoader                                      : 8100B

Classes loaded by more than one classloader:
Class org.slf4j.event.LoggingEvent                                                    : loaded 2 times (x 68B)
Class org.slf4j.helpers.Util                                                          : loaded 2 times (x 69B)
Class org.slf4j.ILoggerFactory                                                        : loaded 2 times (x 68B)
Class org.slf4j.LoggerFactory                                                         : loaded 2 times (x 69B)
Class org.slf4j.helpers.SubstituteLoggerFactory                                       : loaded 2 times (x 79B)
Class org.slf4j.bridge.SLF4JBridgeHandler                                             : loaded 2 times (x 89B)
Class org.slf4j.helpers.NOPLoggerFactory                                              : loaded 2 times (x 73B)
Class org.slf4j.Logger                                                                : loaded 2 times (x 68B)


---------------  S Y S T E M  ---------------

OS:
 Windows 10 , 64 bit Build 19041 (10.0.19041.4842)
OS uptime: 9 days 18:52 hours
Hyper-V role detected

CPU: total 2 (initial active 2) (2 cores per cpu, 1 threads per core) family 6 model 142 stepping 9 microcode 0xb4, cx8, cmov, fxsr, mmx, 3dnowpref, sse, sse2, sse3, ssse3, sse4.1, sse4.2, popcnt, lzcnt, tsc, tscinvbit, aes, erms, clmul, clflush, clflushopt, hv

Memory: 4k page, system-wide physical 4009M (60M free)
TotalPageFile size 16297M (AvailPageFile size 4M)
current process WorkingSet (physical memory assigned to process): 117M, peak: 117M
current process commit charge ("private bytes"): 160M, peak: 184M

vm_info: OpenJDK 64-Bit Server VM (17.0.7+7-b1000.6) for windows-amd64 JRE (17.0.7+7-b1000.6), built on 2023-07-07 by "builduser" with MS VC++ 16.10 / 16.11 (VS2019)

END.
