#
# There is insufficient memory for the Java Runtime Environment to continue.
# Native memory allocation (mmap) failed to map 67108864 bytes for G1 virtual space
# Possible reasons:
#   The system is out of physical RAM or swap space
#   The process is running with CompressedOops enabled, and the Java Heap may be blocking the growth of the native heap
# Possible solutions:
#   Reduce memory load on the system
#   Increase physical memory or swap space
#   Check if swap backing store is full
#   Decrease Java heap size (-Xmx/-Xms)
#   Decrease number of Java threads
#   Decrease Java thread stack sizes (-Xss)
#   Set larger code cache with -XX:ReservedCodeCacheSize=
#   JVM is running with Unscaled Compressed Oops mode in which the Java heap is
#     placed in the first 4GB address space. The Java Heap base address is the
#     maximum limit for the native heap growth. Please use -XX:HeapBaseMinAddress
#     to set the Java Heap base and to place the Java Heap above 4GB virtual address.
# This output file may be truncated or incomplete.
#
#  Out of Memory Error (os_windows.cpp:3771), pid=6668, tid=19732
#
# JRE version:  (17.0.7+7) (build )
# Java VM: OpenJDK 64-Bit Server VM (17.0.7+7-b1000.6, mixed mode, sharing, tiered, compressed oops, compressed class ptrs, g1 gc, windows-amd64)
# No core dump will be written. Minidumps are not enabled by default on client versions of Windows
#

---------------  S U M M A R Y ------------

Command Line: -Dnet.bytebuddy.agent.attacher.dump= net.bytebuddy.agent.Attacher com.sun.tools.attach.VirtualMachine 14612 C:\demo\gradle\caches\modules-2\files-2.1\net.bytebuddy\byte-buddy-agent\1.14.18\417558ea01fe9f0e8a94af28b9469d281c4e3984\byte-buddy-agent-1.14.18.jar false 

Host: Intel(R) Celeron(R) CPU 3965Y @ 1.50GHz, 2 cores, 3G,  Windows 10 , 64 bit Build 19041 (10.0.19041.4842)
Time: Fri Sep 27 11:46:33 2024  Windows 10 , 64 bit Build 19041 (10.0.19041.4842) elapsed time: 0.256310 seconds (0d 0h 0m 0s)

---------------  T H R E A D  ---------------

Current thread (0x000001f293c9bd30):  JavaThread "Unknown thread" [_thread_in_vm, id=19732, stack(0x000000bcf7000000,0x000000bcf7100000)]

Stack: [0x000000bcf7000000,0x000000bcf7100000]
Native frames: (J=compiled Java code, j=interpreted, Vv=VM code, C=native code)
V  [jvm.dll+0x683bfa]  os::platform_print_native_stack+0xca  (os_windows_x86.cpp:235)
V  [jvm.dll+0x8430a4]  VMError::report+0xc34  (vmError.cpp:744)
V  [jvm.dll+0x8449be]  VMError::report_and_die+0x78e  (vmError.cpp:1585)
V  [jvm.dll+0x845023]  VMError::report_and_die+0x43  (vmError.cpp:1371)
V  [jvm.dll+0x24ad2f]  report_vm_out_of_memory+0x8f  (debug.cpp:321)
V  [jvm.dll+0x680ac9]  os::pd_commit_memory_or_exit+0xc9  (os_windows.cpp:3779)
V  [jvm.dll+0x67519a]  os::commit_memory_or_exit+0x2a  (os.cpp:1754)
V  [jvm.dll+0x30b3cb]  G1PageBasedVirtualSpace::commit+0x19b  (g1PageBasedVirtualSpace.cpp:204)
V  [jvm.dll+0x312876]  G1RegionsLargerThanCommitSizeMapper::commit_regions+0x96  (g1RegionToSpaceMapper.cpp:100)
V  [jvm.dll+0x36221e]  HeapRegionManager::expand_any+0xee  (heapRegionManager.cpp:363)
V  [jvm.dll+0x36244f]  HeapRegionManager::expand_by+0x7f  (heapRegionManager.cpp:380)
V  [jvm.dll+0x2e14a8]  G1CollectedHeap::expand+0xb8  (g1CollectedHeap.cpp:1298)
V  [jvm.dll+0x2e2414]  G1CollectedHeap::initialize+0x664  (g1CollectedHeap.cpp:1719)
V  [jvm.dll+0x814391]  universe_init+0xb1  (universe.cpp:736)
V  [jvm.dll+0x36ffe1]  init_globals+0x31  (init.cpp:124)
V  [jvm.dll+0x7f396c]  Threads::create_vm+0x60c  (thread.cpp:2882)
V  [jvm.dll+0x3f305f]  JNI_CreateJavaVM_inner+0x8f  (jni.cpp:3635)
V  [jvm.dll+0x3f4b91]  JNI_CreateJavaVM+0x11  (jni.cpp:3727)
C  [jli.dll+0x528f]  JavaMain+0x113  (java.c:413)
C  [ucrtbase.dll+0x21bb2]
C  [KERNEL32.DLL+0x17374]
C  [ntdll.dll+0x4cc91]


---------------  P R O C E S S  ---------------

Threads class SMR info:
_java_thread_list=0x00007ff99cefd098, length=0, elements={
}

Java Threads: ( => current thread )

Other Threads:
  0x000001f293cd6f70 GCTaskThread "GC Thread#0" [stack: 0x000000bcf7100000,0x000000bcf7200000] [id=10892]
  0x000001f293cdfd80 ConcurrentGCThread "G1 Main Marker" [stack: 0x000000bcf7200000,0x000000bcf7300000] [id=18452]
  0x000001f293ce1300 ConcurrentGCThread "G1 Conc#0" [stack: 0x000000bcf7300000,0x000000bcf7400000] [id=15380]

[error occurred during error reporting (printing all threads), id 0xc0000005, EXCEPTION_ACCESS_VIOLATION (0xc0000005) at pc=0x00007ff99c6b2087]

VM state: not at safepoint (not fully initialized)

VM Mutex/Monitor currently owned by a thread:  ([mutex/lock_event])
[0x000001f293c97b30] Heap_lock - owner thread: 0x000001f293c9bd30

Heap address: 0x00000000c1400000, size: 1004 MB, Compressed Oops mode: 32-bit

CDS archive(s) mapped at: [0x0000000000000000-0x0000000000000000-0x0000000000000000), size 0, SharedBaseAddress: 0x0000000800000000, ArchiveRelocationMode: 0.
Narrow klass base: 0x0000000000000000, Narrow klass shift: 0, Narrow klass range: 0x0

GC Precious Log:
<Empty>

Heap:
 garbage-first heap   total 0K, used 0K [0x00000000c1400000, 0x0000000100000000)
  region size 1024K, 0 young (0K), 0 survivors (0K)
 Metaspace       used 0K, committed 0K, reserved 0K
  class space    used 0K, committed 0K, reserved 0K

Heap Regions: E=young(eden), S=young(survivor), O=old, HS=humongous(starts), HC=humongous(continues), CS=collection set, F=free, OA=open archive, CA=closed archive, TAMS=top-at-mark-start (previous, next)

Card table byte_map: [0x000001f293a40000,0x000001f293c40000] _byte_map_base: 0x000001f293436000

Marking Bits (Prev, Next): (CMBitMap*) 0x000001f293cd7580, (CMBitMap*) 0x000001f293cd75c0
 Prev Bits: [0x000001f2a6a20000, 0x000001f2a79d0000)
 Next Bits: [0x000001f2a79d0000, 0x000001f2a8980000)

GC Heap History (0 events):
No events

Dll operation events (1 events):
Event: 0.157 Loaded shared library C:\Users\カルベ　ナツミ\.jdks\jbrsdk_jcef-17.0.7\bin\java.dll

Deoptimization events (0 events):
No events

Classes unloaded (0 events):
No events

Classes redefined (0 events):
No events

Internal exceptions (0 events):
No events

VM Operations (0 events):
No events

Events (0 events):
No events


Dynamic libraries:
0x00007ff7b3060000 - 0x00007ff7b306a000 	C:\Users\カルベ　ナツミ\.jdks\jbrsdk_jcef-17.0.7\bin\java.exe
0x00007ff9f32b0000 - 0x00007ff9f34a8000 	C:\WINDOWS\SYSTEM32\ntdll.dll
0x00007ff9f30f0000 - 0x00007ff9f31b1000 	C:\WINDOWS\System32\KERNEL32.DLL
0x00007ff9f0960000 - 0x00007ff9f0c5d000 	C:\WINDOWS\System32\KERNELBASE.dll
0x000000005b9c0000 - 0x000000005bcee000 	C:\Program Files\Norton Security\NortonData\22.14.2.13\Definitions\IPSDefs\20240926.001\IPSEng64.dll
0x00007ff9f1c60000 - 0x00007ff9f1d10000 	C:\WINDOWS\System32\ADVAPI32.dll
0x00007ff9f2a40000 - 0x00007ff9f2ade000 	C:\WINDOWS\System32\msvcrt.dll
0x00007ff9f28f0000 - 0x00007ff9f2990000 	C:\WINDOWS\System32\sechost.dll
0x00007ff9f2fa0000 - 0x00007ff9f30c3000 	C:\WINDOWS\System32\RPCRT4.dll
0x00007ff9f12b0000 - 0x00007ff9f12d7000 	C:\WINDOWS\System32\bcrypt.dll
0x00007ff9f2ea0000 - 0x00007ff9f2ea8000 	C:\WINDOWS\System32\PSAPI.DLL
0x00007ff9f0c60000 - 0x00007ff9f0d60000 	C:\WINDOWS\System32\ucrtbase.dll
0x00007ff9e85d0000 - 0x00007ff9e85e7000 	C:\Users\カルベ　ナツミ\.jdks\jbrsdk_jcef-17.0.7\bin\jli.dll
0x00007ff9f1ec0000 - 0x00007ff9f205d000 	C:\WINDOWS\System32\USER32.dll
0x00007ff9f0d60000 - 0x00007ff9f0d82000 	C:\WINDOWS\System32\win32u.dll
0x00007ff9f2e70000 - 0x00007ff9f2e9b000 	C:\WINDOWS\System32\GDI32.dll
0x00007ff9f0d90000 - 0x00007ff9f0ea7000 	C:\WINDOWS\System32\gdi32full.dll
0x00007ff9f10c0000 - 0x00007ff9f115d000 	C:\WINDOWS\System32\msvcp_win.dll
0x00007ff9e3920000 - 0x00007ff9e393b000 	C:\Users\カルベ　ナツミ\.jdks\jbrsdk_jcef-17.0.7\bin\VCRUNTIME140.dll
0x00007ff9d8000000 - 0x00007ff9d829a000 	C:\WINDOWS\WinSxS\amd64_microsoft.windows.common-controls_6595b64144ccf1df_6.0.19041.4355_none_60b8b9eb71f62e16\COMCTL32.dll
0x00007ff9f2e40000 - 0x00007ff9f2e6f000 	C:\WINDOWS\System32\IMM32.DLL
0x00007ff9e8510000 - 0x00007ff9e851c000 	C:\Users\カルベ　ナツミ\.jdks\jbrsdk_jcef-17.0.7\bin\vcruntime140_1.dll
0x00007ff9b2530000 - 0x00007ff9b25bd000 	C:\Users\カルベ　ナツミ\.jdks\jbrsdk_jcef-17.0.7\bin\msvcp140.dll
0x00007ff99c3c0000 - 0x00007ff99d040000 	C:\Users\カルベ　ナツミ\.jdks\jbrsdk_jcef-17.0.7\bin\server\jvm.dll
0x00007ff9e08f0000 - 0x00007ff9e08f9000 	C:\WINDOWS\SYSTEM32\WSOCK32.dll
0x00007ff9f2eb0000 - 0x00007ff9f2f1b000 	C:\WINDOWS\System32\WS2_32.dll
0x00007ff9e31d0000 - 0x00007ff9e31da000 	C:\WINDOWS\SYSTEM32\VERSION.dll
0x00007ff9eecb0000 - 0x00007ff9eecd7000 	C:\WINDOWS\SYSTEM32\WINMM.dll
0x00007ff9ef3b0000 - 0x00007ff9ef3c2000 	C:\WINDOWS\SYSTEM32\kernel.appcore.dll
0x00007ff9e84a0000 - 0x00007ff9e84aa000 	C:\Users\カルベ　ナツミ\.jdks\jbrsdk_jcef-17.0.7\bin\jimage.dll
0x00007ff9eee10000 - 0x00007ff9eeff4000 	C:\WINDOWS\SYSTEM32\DBGHELP.DLL
0x00007ff9d9160000 - 0x00007ff9d9194000 	C:\WINDOWS\SYSTEM32\dbgcore.DLL
0x00007ff9f1160000 - 0x00007ff9f11e2000 	C:\WINDOWS\System32\bcryptPrimitives.dll
0x00007ff9d5290000 - 0x00007ff9d52b5000 	C:\Users\カルベ　ナツミ\.jdks\jbrsdk_jcef-17.0.7\bin\java.dll

dbghelp: loaded successfully - version: 4.0.5 - missing functions: none
symbol engine: initialized successfully - sym options: 0x614 - pdb path: .;C:\Users\カルベ　ナツミ\.jdks\jbrsdk_jcef-17.0.7\bin;C:\WINDOWS\SYSTEM32;C:\Program Files\Norton Security\NortonData\22.14.2.13\Definitions\IPSDefs\20240926.001;C:\WINDOWS\WinSxS\amd64_microsoft.windows.common-controls_6595b64144ccf1df_6.0.19041.4355_none_60b8b9eb71f62e16;C:\Users\カルベ　ナツミ\.jdks\jbrsdk_jcef-17.;C:\Users\カルベ　ナツミ\.jdks\jbrsdk_j

VM Arguments:
jvm_args: -Dnet.bytebuddy.agent.attacher.dump= 
java_command: net.bytebuddy.agent.Attacher com.sun.tools.attach.VirtualMachine 14612 C:\demo\gradle\caches\modules-2\files-2.1\net.bytebuddy\byte-buddy-agent\1.14.18\417558ea01fe9f0e8a94af28b9469d281c4e3984\byte-buddy-agent-1.14.18.jar false 
java_class_path (initial): C:\demo\gradle\caches\modules-2\files-2.1\net.bytebuddy\byte-buddy-agent\1.14.18\417558ea01fe9f0e8a94af28b9469d281c4e3984\byte-buddy-agent-1.14.18.jar
Launcher Type: SUN_STANDARD

[Global flags]
     intx CICompilerCount                          = 2                                         {product} {ergonomic}
     uint ConcGCThreads                            = 1                                         {product} {ergonomic}
     uint G1ConcRefinementThreads                  = 2                                         {product} {ergonomic}
   size_t G1HeapRegionSize                         = 1048576                                   {product} {ergonomic}
    uintx GCDrainStackTargetSize                   = 64                                        {product} {ergonomic}
   size_t InitialHeapSize                          = 67108864                                  {product} {ergonomic}
   size_t MarkStackSize                            = 4194304                                   {product} {ergonomic}
   size_t MaxHeapSize                              = 1052770304                                {product} {ergonomic}
   size_t MinHeapDeltaBytes                        = 1048576                                   {product} {ergonomic}
   size_t MinHeapSize                              = 8388608                                   {product} {ergonomic}
    uintx NonNMethodCodeHeapSize                   = 5826188                                {pd product} {ergonomic}
    uintx NonProfiledCodeHeapSize                  = 122916026                              {pd product} {ergonomic}
    uintx ProfiledCodeHeapSize                     = 122916026                              {pd product} {ergonomic}
    uintx ReservedCodeCacheSize                    = 251658240                              {pd product} {ergonomic}
     bool SegmentedCodeCache                       = true                                      {product} {ergonomic}
   size_t SoftMaxHeapSize                          = 1052770304                             {manageable} {ergonomic}
     bool UseCompressedClassPointers               = true                           {product lp64_product} {ergonomic}
     bool UseCompressedOops                        = true                           {product lp64_product} {ergonomic}
     bool UseG1GC                                  = true                                      {product} {ergonomic}
     bool UseLargePagesIndividualAllocation        = false                                  {pd product} {ergonomic}

Logging:
Log output configuration:
 #0: stdout all=warning uptime,level,tags
 #1: stderr all=off uptime,level,tags

Environment Variables:
PATH=C:\Program Files (x86)\Common Files\Oracle\Java\javapath;C:\Program Files (x86)\Intel\iCLS Client\;C:\Program Files\Intel\iCLS Client\;C:\WINDOWS\system32;C:\WINDOWS;C:\WINDOWS\System32\Wbem;C:\WINDOWS\System32\WindowsPowerShell\v1.0\;C:\Program Files (x86)\Intel\Intel(R) Management Engine Components\DAL;C:\Program Files\Intel\Intel(R) Management Engine Components\DAL;C:\Program Files (x86)\Intel\Intel(R) Management Engine Components\IPT;C:\Program Files\Intel\Intel(R) Management Engine Components\IPT;C:\WINDOWS\System32\OpenSSH\;C:\Program Files\Git LFS;C:\Program Files\Docker\Docker\resources\bin;C:\Program Files\Git\cmd;C:\Users\カルベ　ナツミ\AppData\Local\Microsoft\WindowsApps;;C:\Program Files\JetBrains\IntelliJ IDEA 2023.1.3\bin;
USERNAME=カルベ　ナツミ
OS=Windows_NT
PROCESSOR_IDENTIFIER=Intel64 Family 6 Model 142 Stepping 9, GenuineIntel
TMP=C:\Users\カルベ~1\AppData\Local\Temp
TEMP=C:\Users\カルベ~1\AppData\Local\Temp


JNI global refs:
JNI global refs: 0, weak refs: 0

JNI global refs memory usage: 0, weak refs: 0

OOME stack traces (most recent first):
Classloader memory used:


---------------  S Y S T E M  ---------------

OS:
 Windows 10 , 64 bit Build 19041 (10.0.19041.4842)
OS uptime: 9 days 17:59 hours
Hyper-V role detected

CPU: total 2 (initial active 2) (2 cores per cpu, 1 threads per core) family 6 model 142 stepping 9 microcode 0xb4, cx8, cmov, fxsr, mmx, 3dnowpref, sse, sse2, sse3, ssse3, sse4.1, sse4.2, popcnt, lzcnt, tsc, tscinvbit, aes, erms, clmul, clflush, clflushopt, hv

Memory: 4k page, system-wide physical 4009M (67M free)
TotalPageFile size 16297M (AvailPageFile size 41M)
current process WorkingSet (physical memory assigned to process): 37M, peak: 37M
current process commit charge ("private bytes"): 74M, peak: 112M

vm_info: OpenJDK 64-Bit Server VM (17.0.7+7-b1000.6) for windows-amd64 JRE (17.0.7+7-b1000.6), built on 2023-07-07 by "builduser" with MS VC++ 16.10 / 16.11 (VS2019)

END.
