#
# There is insufficient memory for the Java Runtime Environment to continue.
# Native memory allocation (mmap) failed to map 67108864 bytes for G1 virtual space
# Possible reasons:
#   The system is out of physical RAM or swap space
#   The process is running with CompressedOops enabled, and the Java Heap may be blocking the growth of the native heap
# Possible solutions:
#   Reduce memory load on the system
#   Increase physical memory or swap space
#   Check if swap backing store is full
#   Decrease Java heap size (-Xmx/-Xms)
#   Decrease number of Java threads
#   Decrease Java thread stack sizes (-Xss)
#   Set larger code cache with -XX:ReservedCodeCacheSize=
#   JVM is running with Unscaled Compressed Oops mode in which the Java heap is
#     placed in the first 4GB address space. The Java Heap base address is the
#     maximum limit for the native heap growth. Please use -XX:HeapBaseMinAddress
#     to set the Java Heap base and to place the Java Heap above 4GB virtual address.
# This output file may be truncated or incomplete.
#
#  Out of Memory Error (os_windows.cpp:3771), pid=120, tid=7440
#
# JRE version:  (17.0.7+7) (build )
# Java VM: OpenJDK 64-Bit Server VM (17.0.7+7-b1000.6, mixed mode, sharing, tiered, compressed oops, compressed class ptrs, g1 gc, windows-amd64)
# No core dump will be written. Minidumps are not enabled by default on client versions of Windows
#

---------------  S U M M A R Y ------------

Command Line: -Dorg.gradle.internal.worker.tmpdir=C:\petmanagment\build\tmp\test\work -agentlib:jdwp=transport=dt_socket,server=n,suspend=y,address=127.0.0.1:57685 -Xmx512m -Dfile.encoding=UTF-8 -Duser.country=JP -Duser.language=ja -Duser.variant -ea worker.org.gradle.process.internal.worker.GradleWorkerMain 'Gradle Test Executor 1'

Host: Intel(R) Celeron(R) CPU 3965Y @ 1.50GHz, 2 cores, 3G,  Windows 10 , 64 bit Build 19041 (10.0.19041.4842)
Time: Fri Sep 27 11:58:55 2024  Windows 10 , 64 bit Build 19041 (10.0.19041.4842) elapsed time: 0.146659 seconds (0d 0h 0m 0s)

---------------  T H R E A D  ---------------

Current thread (0x00000269cdfde230):  JavaThread "Unknown thread" [_thread_in_vm, id=7440, stack(0x0000008ba8a00000,0x0000008ba8b00000)]

Stack: [0x0000008ba8a00000,0x0000008ba8b00000]
Native frames: (J=compiled Java code, j=interpreted, Vv=VM code, C=native code)
V  [jvm.dll+0x683bfa]


---------------  P R O C E S S  ---------------

Threads class SMR info:
_java_thread_list=0x00007ff99cefd098, length=0, elements={
}

Java Threads: ( => current thread )

Other Threads:
  0x00000269ce0e5200 GCTaskThread "GC Thread#0" [stack: 0x0000008ba8b00000,0x0000008ba8c00000] [id=19696]
  0x00000269ce0eb150 ConcurrentGCThread "G1 Main Marker" [stack: 0x0000008ba8c00000,0x0000008ba8d00000] [id=16432]
  0x00000269ce0ebb60 ConcurrentGCThread "G1 Conc#0" [stack: 0x0000008ba8d00000,0x0000008ba8e00000] [id=13604]

[error occurred during error reporting (printing all threads), id 0xc0000005, EXCEPTION_ACCESS_VIOLATION (0xc0000005) at pc=0x00007ff99c6b2087]

VM state: not at safepoint (not fully initialized)

VM Mutex/Monitor currently owned by a thread:  ([mutex/lock_event])
[0x00000269ce0b6b30] Heap_lock - owner thread: 0x00000269cdfde230

Heap address: 0x00000000e0000000, size: 512 MB, Compressed Oops mode: 32-bit

CDS archive(s) mapped at: [0x0000000000000000-0x0000000000000000-0x0000000000000000), size 0, SharedBaseAddress: 0x0000000800000000, ArchiveRelocationMode: 0.
Narrow klass base: 0x0000000000000000, Narrow klass shift: 0, Narrow klass range: 0x0

GC Precious Log:
<Empty>

Heap:
 garbage-first heap   total 0K, used 0K [0x00000000e0000000, 0x0000000100000000)
  region size 1024K, 0 young (0K), 0 survivors (0K)
 Metaspace       used 0K, committed 0K, reserved 0K
  class space    used 0K, committed 0K, reserved 0K

Heap Regions: E=young(eden), S=young(survivor), O=old, HS=humongous(starts), HC=humongous(continues), CS=collection set, F=free, OA=open archive, CA=closed archive, TAMS=top-at-mark-start (previous, next)

Card table byte_map: [0x00000269e2920000,0x00000269e2a20000] _byte_map_base: 0x00000269e2220000

Marking Bits (Prev, Next): (CMBitMap*) 0x00000269ce0e5810, (CMBitMap*) 0x00000269ce0e5850
 Prev Bits: [0x00000269e2b20000, 0x00000269e3320000)
 Next Bits: [0x00000269e3320000, 0x00000269e3b20000)

GC Heap History (0 events):
No events

Dll operation events (1 events):
Event: 0.106 Loaded shared library C:\Users\カルベ　ナツミ\.jdks\jbrsdk_jcef-17.0.7\bin\java.dll

Deoptimization events (0 events):
No events

Classes unloaded (0 events):
No events

Classes redefined (0 events):
No events

Internal exceptions (0 events):
No events

VM Operations (0 events):
No events

Events (0 events):
No events


Dynamic libraries:
0x00007ff7b3060000 - 0x00007ff7b306a000 	C:\Users\カルベ　ナツミ\.jdks\jbrsdk_jcef-17.0.7\bin\java.exe
0x00007ff9f32b0000 - 0x00007ff9f34a8000 	C:\WINDOWS\SYSTEM32\ntdll.dll
0x00007ff9f30f0000 - 0x00007ff9f31b1000 	C:\WINDOWS\System32\KERNEL32.DLL
0x00007ff9f0960000 - 0x00007ff9f0c5d000 	C:\WINDOWS\System32\KERNELBASE.dll
0x000000005b9c0000 - 0x000000005bcee000 	C:\Program Files\Norton Security\NortonData\22.14.2.13\Definitions\IPSDefs\20240926.001\IPSEng64.dll
0x00007ff9f1c60000 - 0x00007ff9f1d10000 	C:\WINDOWS\System32\ADVAPI32.dll
0x00007ff9f2a40000 - 0x00007ff9f2ade000 	C:\WINDOWS\System32\msvcrt.dll
0x00007ff9f28f0000 - 0x00007ff9f2990000 	C:\WINDOWS\System32\sechost.dll
0x00007ff9f2fa0000 - 0x00007ff9f30c3000 	C:\WINDOWS\System32\RPCRT4.dll
0x00007ff9f12b0000 - 0x00007ff9f12d7000 	C:\WINDOWS\System32\bcrypt.dll
0x00007ff9f2ea0000 - 0x00007ff9f2ea8000 	C:\WINDOWS\System32\PSAPI.DLL
0x00007ff9f0c60000 - 0x00007ff9f0d60000 	C:\WINDOWS\System32\ucrtbase.dll
0x00007ff9e85d0000 - 0x00007ff9e85e7000 	C:\Users\カルベ　ナツミ\.jdks\jbrsdk_jcef-17.0.7\bin\jli.dll
0x00007ff9f1ec0000 - 0x00007ff9f205d000 	C:\WINDOWS\System32\USER32.dll
0x00007ff9f0d60000 - 0x00007ff9f0d82000 	C:\WINDOWS\System32\win32u.dll
0x00007ff9f2e70000 - 0x00007ff9f2e9b000 	C:\WINDOWS\System32\GDI32.dll
0x00007ff9f0d90000 - 0x00007ff9f0ea7000 	C:\WINDOWS\System32\gdi32full.dll
0x00007ff9f10c0000 - 0x00007ff9f115d000 	C:\WINDOWS\System32\msvcp_win.dll
0x00007ff9e3920000 - 0x00007ff9e393b000 	C:\Users\カルベ　ナツミ\.jdks\jbrsdk_jcef-17.0.7\bin\VCRUNTIME140.dll
0x00007ff9d8000000 - 0x00007ff9d829a000 	C:\WINDOWS\WinSxS\amd64_microsoft.windows.common-controls_6595b64144ccf1df_6.0.19041.4355_none_60b8b9eb71f62e16\COMCTL32.dll
0x00007ff9f2e40000 - 0x00007ff9f2e6f000 	C:\WINDOWS\System32\IMM32.DLL
0x00007ff9e8510000 - 0x00007ff9e851c000 	C:\Users\カルベ　ナツミ\.jdks\jbrsdk_jcef-17.0.7\bin\vcruntime140_1.dll
0x00007ff9b2530000 - 0x00007ff9b25bd000 	C:\Users\カルベ　ナツミ\.jdks\jbrsdk_jcef-17.0.7\bin\msvcp140.dll
0x00007ff99c3c0000 - 0x00007ff99d040000 	C:\Users\カルベ　ナツミ\.jdks\jbrsdk_jcef-17.0.7\bin\server\jvm.dll
0x00007ff9e08f0000 - 0x00007ff9e08f9000 	C:\WINDOWS\SYSTEM32\WSOCK32.dll
0x00007ff9f2eb0000 - 0x00007ff9f2f1b000 	C:\WINDOWS\System32\WS2_32.dll
0x00007ff9eecb0000 - 0x00007ff9eecd7000 	C:\WINDOWS\SYSTEM32\WINMM.dll
0x00007ff9e31d0000 - 0x00007ff9e31da000 	C:\WINDOWS\SYSTEM32\VERSION.dll
0x00007ff9ef3b0000 - 0x00007ff9ef3c2000 	C:\WINDOWS\SYSTEM32\kernel.appcore.dll
0x00007ff9e84a0000 - 0x00007ff9e84aa000 	C:\Users\カルベ　ナツミ\.jdks\jbrsdk_jcef-17.0.7\bin\jimage.dll
0x00007ff9eee10000 - 0x00007ff9eeff4000 	C:\WINDOWS\SYSTEM32\DBGHELP.DLL
0x00007ff9d9160000 - 0x00007ff9d9194000 	C:\WINDOWS\SYSTEM32\dbgcore.DLL
0x00007ff9f1160000 - 0x00007ff9f11e2000 	C:\WINDOWS\System32\bcryptPrimitives.dll
0x00007ff9d00d0000 - 0x00007ff9d010b000 	C:\Users\カルベ　ナツミ\.jdks\jbrsdk_jcef-17.0.7\bin\jdwp.dll
0x00007ff9d5290000 - 0x00007ff9d52b5000 	C:\Users\カルベ　ナツミ\.jdks\jbrsdk_jcef-17.0.7\bin\java.dll

dbghelp: loaded successfully - version: 4.0.5 - missing functions: none
symbol engine: initialized successfully - sym options: 0x614 - pdb path: .;C:\Users\カルベ　ナツミ\.jdks\jbrsdk_jcef-17.0.7\bin;C:\WINDOWS\SYSTEM32;C:\Program Files\Norton Security\NortonData\22.14.2.13\Definitions\IPSDefs\20240926.001;C:\WINDOWS\WinSxS\amd64_microsoft.windows.common-controls_6595b64144ccf1df_6.0.19041.4355_none_60b8b9eb71f62e16;C:\Users\カルベ　ナツミ\.jdks\jbrsdk_jcef-17.;C:\Users\カルベ　ナツミ\.jdks\jbrsdk_j;C:\Users\カルベ　ナツミ\.jdks\j

VM Arguments:
jvm_args: -Dorg.gradle.internal.worker.tmpdir=C:\petmanagment\build\tmp\test\work -agentlib:jdwp=transport=dt_socket,server=n,suspend=y,address=127.0.0.1:57685 -Xmx512m -Dfile.encoding=UTF-8 -Duser.country=JP -Duser.language=ja -Duser.variant -ea 
java_command: worker.org.gradle.process.internal.worker.GradleWorkerMain 'Gradle Test Executor 1'
java_class_path (initial): C:\\demo\\gradle\\caches\\8.8\\workerMain\\gradle-worker.jar;C:\\petmanagment\\build\\classes\\java\\test;C:\\petmanagment\\build\\resources\\test;C:\\petmanagment\\build\\classes\\java\\main;C:\\petmanagment\\build\\resources\\main;C:\\demo\\gradle\\caches\\modules-2\\files-2.1\\org.springframework.boot\\spring-boot-starter-web\\3.3.2\\720418538668a8742d0ae24097811d5250cf5c32\\spring-boot-starter-web-3.3.2.jar;C:\\demo\\gradle\\caches\\modules-2\\files-2.1\\org.mybatis.spring.boot\\mybatis-spring-boot-starter\\3.0.3\\19528356bf8bad2be5f8bf796dfc30bcc4996054\\mybatis-spring-boot-starter-3.0.3.jar;C:\\demo\\gradle\\caches\\modules-2\\files-2.1\\org.springframework.boot\\spring-boot-starter-validation\\3.3.2\\81ee06b318ed35c2a3f4882a0f7b9946a39e1b39\\spring-boot-starter-validation-3.3.2.jar;C:\\demo\\gradle\\caches\\modules-2\\files-2.1\\javax.persistence\\javax.persistence-api\\2.2\\25665ac8c0b62f50e6488173233239120fc52c96\\javax.persistence-api-2.2.jar;C:\\demo\\gradle\\caches\\modules-2\\files-2.1\\com.github.database-rider\\rider-spring\\1.44.0\\4adee0601951ee858b2f8450f9d2ffdc553e9722\\rider-spring-1.44.0.jar;C:\\demo\\gradle\\caches\\modules-2\\files-2.1\\com.mysql\\mysql-connector-j\\8.3.0\\1cc7fa5d61f4bbc113531a4ba6d85d41cf3d57e1\\mysql-connector-j-8.3.0.jar;C:\\demo\\gradle\\caches\\modules-2\\files-2.1\\org.mybatis.spring.boot\\mybatis-spring-boot-starter-test\\3.0.3\\b1ad9be6dce278ad0587e473342b0396881de49c\\mybatis-spring-boot-starter-test-3.0.3.jar;C:\\demo\\gradle\\caches\\modules-2\\files-2.1\\org.springframework.boot\\spring-boot-starter-test\\3.3.2\\7b4eb23bcd42b088b8a03088ff8e54c194f34240\\spring-boot-starter-test-3.3.2.jar;C:\\demo\\gradle\\caches\\modules-2\\files-2.1\\org.junit.jupiter\\junit-jupiter\\5.10.3\\6686d8fbf251f9bf8ecba413cab57b9e00f9134d\\junit-jupiter-5.10.3.jar;C:\\demo\\gradle\\caches\\modules-2\\files-2.1\\org.junit.jupiter\\junit-jupiter-engine\\5.10.3\\48c14e866bb1a87ca35d24ff068463bb202ada24\\junit-j
Launcher Type: SUN_STANDARD

[Global flags]
     intx CICompilerCount                          = 2                                         {product} {ergonomic}
     uint ConcGCThreads                            = 1                                         {product} {ergonomic}
     uint G1ConcRefinementThreads                  = 2                                         {product} {ergonomic}
   size_t G1HeapRegionSize                         = 1048576                                   {product} {ergonomic}
    uintx GCDrainStackTargetSize                   = 64                                        {product} {ergonomic}
   size_t InitialHeapSize                          = 67108864                                  {product} {ergonomic}
   size_t MarkStackSize                            = 4194304                                   {product} {ergonomic}
   size_t MaxHeapSize                              = 536870912                                 {product} {command line}
   size_t MinHeapDeltaBytes                        = 1048576                                   {product} {ergonomic}
   size_t MinHeapSize                              = 8388608                                   {product} {ergonomic}
    uintx NonNMethodCodeHeapSize                   = 5826188                                {pd product} {ergonomic}
    uintx NonProfiledCodeHeapSize                  = 122916026                              {pd product} {ergonomic}
    uintx ProfiledCodeHeapSize                     = 122916026                              {pd product} {ergonomic}
    uintx ReservedCodeCacheSize                    = 251658240                              {pd product} {ergonomic}
     bool SegmentedCodeCache                       = true                                      {product} {ergonomic}
   size_t SoftMaxHeapSize                          = 536870912                              {manageable} {ergonomic}
     bool UseCompressedClassPointers               = true                           {product lp64_product} {ergonomic}
     bool UseCompressedOops                        = true                           {product lp64_product} {ergonomic}
     bool UseG1GC                                  = true                                      {product} {ergonomic}
     bool UseLargePagesIndividualAllocation        = false                                  {pd product} {ergonomic}

Logging:
Log output configuration:
 #0: stdout all=warning uptime,level,tags
 #1: stderr all=off uptime,level,tags

Environment Variables:
PATH=C:\Program Files (x86)\Common Files\Oracle\Java\javapath;C:\Program Files (x86)\Intel\iCLS Client\;C:\Program Files\Intel\iCLS Client\;C:\WINDOWS\system32;C:\WINDOWS;C:\WINDOWS\System32\Wbem;C:\WINDOWS\System32\WindowsPowerShell\v1.0\;C:\Program Files (x86)\Intel\Intel(R) Management Engine Components\DAL;C:\Program Files\Intel\Intel(R) Management Engine Components\DAL;C:\Program Files (x86)\Intel\Intel(R) Management Engine Components\IPT;C:\Program Files\Intel\Intel(R) Management Engine Components\IPT;C:\WINDOWS\System32\OpenSSH\;C:\Program Files\Git LFS;C:\Program Files\Docker\Docker\resources\bin;C:\Program Files\Git\cmd;C:\Users\カルベ　ナツミ\AppData\Local\Microsoft\WindowsApps;;C:\Program Files\JetBrains\IntelliJ IDEA 2023.1.3\bin;
USERNAME=カルベ　ナツミ
OS=Windows_NT
PROCESSOR_IDENTIFIER=Intel64 Family 6 Model 142 Stepping 9, GenuineIntel
TMP=C:\Users\カルベ~1\AppData\Local\Temp
TEMP=C:\Users\カルベ~1\AppData\Local\Temp


JNI global refs:
JNI global refs: 0, weak refs: 0

JNI global refs memory usage: 0, weak refs: 0

OOME stack traces (most recent first):
Classloader memory used:


---------------  S Y S T E M  ---------------

OS:
 Windows 10 , 64 bit Build 19041 (10.0.19041.4842)
OS uptime: 9 days 18:12 hours
Hyper-V role detected

CPU: total 2 (initial active 2) (2 cores per cpu, 1 threads per core) family 6 model 142 stepping 9 microcode 0xb4, cx8, cmov, fxsr, mmx, 3dnowpref, sse, sse2, sse3, ssse3, sse4.1, sse4.2, popcnt, lzcnt, tsc, tscinvbit, aes, erms, clmul, clflush, clflushopt, hv

Memory: 4k page, system-wide physical 4009M (117M free)
TotalPageFile size 16297M (AvailPageFile size 4M)
current process WorkingSet (physical memory assigned to process): 15M, peak: 16M
current process commit charge ("private bytes"): 52M, peak: 111M

vm_info: OpenJDK 64-Bit Server VM (17.0.7+7-b1000.6) for windows-amd64 JRE (17.0.7+7-b1000.6), built on 2023-07-07 by "builduser" with MS VC++ 16.10 / 16.11 (VS2019)

END.
