#
# There is insufficient memory for the Java Runtime Environment to continue.
# Native memory allocation (mmap) failed to map 65536 bytes for Failed to commit metaspace.
# Possible reasons:
#   The system is out of physical RAM or swap space
#   The process is running with CompressedOops enabled, and the Java Heap may be blocking the growth of the native heap
# Possible solutions:
#   Reduce memory load on the system
#   Increase physical memory or swap space
#   Check if swap backing store is full
#   Decrease Java heap size (-Xmx/-Xms)
#   Decrease number of Java threads
#   Decrease Java thread stack sizes (-Xss)
#   Set larger code cache with -XX:ReservedCodeCacheSize=
#   JVM is running with Unscaled Compressed Oops mode in which the Java heap is
#     placed in the first 4GB address space. The Java Heap base address is the
#     maximum limit for the native heap growth. Please use -XX:HeapBaseMinAddress
#     to set the Java Heap base and to place the Java Heap above 4GB virtual address.
# This output file may be truncated or incomplete.
#
#  Out of Memory Error (virtualSpaceNode.cpp:110), pid=18004, tid=17536
#
# JRE version: OpenJDK Runtime Environment JBR-17.0.7+7-1000.6-jcef (17.0.7+7) (build 17.0.7+7-b1000.6)
# Java VM: OpenJDK 64-Bit Server VM JBR-17.0.7+7-1000.6-jcef (17.0.7+7-b1000.6, mixed mode, tiered, compressed oops, compressed class ptrs, g1 gc, windows-amd64)
# No core dump will be written. Minidumps are not enabled by default on client versions of Windows
#

---------------  S U M M A R Y ------------

Command Line: -Dorg.gradle.internal.worker.tmpdir=C:\petmanagment\build\tmp\test\work -Xmx512m -Dfile.encoding=UTF-8 -Duser.country=JP -Duser.language=ja -Duser.variant -ea worker.org.gradle.process.internal.worker.GradleWorkerMain 'Gradle Test Executor 2'

Host: Intel(R) Celeron(R) CPU 3965Y @ 1.50GHz, 2 cores, 3G,  Windows 10 , 64 bit Build 19041 (10.0.19041.4842)
Time: Tue Sep 17 17:38:06 2024  Windows 10 , 64 bit Build 19041 (10.0.19041.4842) elapsed time: 73.412297 seconds (0d 0h 1m 13s)

---------------  T H R E A D  ---------------

Current thread (0x000001ffccf8d440):  JavaThread "background-preinit" [_thread_in_vm, id=17536, stack(0x00000007b1400000,0x00000007b1500000)]

Stack: [0x00000007b1400000,0x00000007b1500000]
Native frames: (J=compiled Java code, j=interpreted, Vv=VM code, C=native code)
V  [jvm.dll+0x683bfa]  os::platform_print_native_stack+0xca  (os_windows_x86.cpp:235)
V  [jvm.dll+0x8430a4]  VMError::report+0xc34  (vmError.cpp:744)
V  [jvm.dll+0x8449be]  VMError::report_and_die+0x78e  (vmError.cpp:1585)
V  [jvm.dll+0x845023]  VMError::report_and_die+0x43  (vmError.cpp:1371)
V  [jvm.dll+0x24ad2f]  report_vm_out_of_memory+0x8f  (debug.cpp:321)
V  [jvm.dll+0x83e45b]  metaspace::VirtualSpaceNode::commit_range+0x13b  (virtualSpaceNode.cpp:110)
V  [jvm.dll+0x6281e6]  metaspace::Metachunk::commit_up_to+0xb6  (metachunk.cpp:103)
V  [jvm.dll+0x1c29ee]  metaspace::ChunkManager::get_chunk+0x22e  (chunkManager.cpp:202)
V  [jvm.dll+0x62ab31]  metaspace::MetaspaceArena::allocate+0x291  (metaspaceArena.cpp:288)
V  [jvm.dll+0x628b86]  Metaspace::allocate+0x56  (metaspace.cpp:908)
V  [jvm.dll+0x23ec1f]  ConstMethod::allocate+0xdf  (constMethod.cpp:45)
V  [jvm.dll+0x632a15]  Method::allocate+0x35  (method.cpp:93)
V  [jvm.dll+0x1eea7b]  ClassFileParser::parse_method+0x102b  (classFileParser.cpp:2739)
V  [jvm.dll+0x1eefb5]  ClassFileParser::parse_methods+0x155  (classFileParser.cpp:2882)
V  [jvm.dll+0x1ef8d4]  ClassFileParser::parse_stream+0x784  (classFileParser.cpp:5881)
V  [jvm.dll+0x1e4e1c]  ClassFileParser::ClassFileParser+0x1ec  (classFileParser.cpp:5607)
V  [jvm.dll+0x54a1dd]  KlassFactory::create_from_stream+0x25d  (klassFactory.cpp:202)
V  [jvm.dll+0x7bd775]  SystemDictionary::resolve_class_from_stream+0x155  (systemDictionary.cpp:927)
V  [jvm.dll+0x7bd88e]  SystemDictionary::resolve_from_stream+0x2e  (systemDictionary.cpp:973)
V  [jvm.dll+0x413a8a]  jvm_define_class_common+0x28a  (jvm.cpp:870)
V  [jvm.dll+0x419c09]  JVM_DefineClassWithSource+0xb9  (jvm.cpp:1037)
C  [java.dll+0x17ec]

Java frames: (J=compiled Java code, j=interpreted, Vv=VM code)
J 736  java.lang.ClassLoader.defineClass1(Ljava/lang/ClassLoader;Ljava/lang/String;[BIILjava/security/ProtectionDomain;Ljava/lang/String;)Ljava/lang/Class; java.base@17.0.7 (0 bytes) @ 0x000001ffb9338bdb [0x000001ffb9338b20+0x00000000000000bb]
J 943 c1 java.lang.ClassLoader.defineClass(Ljava/lang/String;[BIILjava/security/ProtectionDomain;)Ljava/lang/Class; java.base@17.0.7 (43 bytes) @ 0x000001ffb19f5dc4 [0x000001ffb19f5a80+0x0000000000000344]
J 760 c1 java.security.SecureClassLoader.defineClass(Ljava/lang/String;[BIILjava/security/CodeSource;)Ljava/lang/Class; java.base@17.0.7 (16 bytes) @ 0x000001ffb1983c0c [0x000001ffb1983b40+0x00000000000000cc]
J 1408 c1 jdk.internal.loader.BuiltinClassLoader.defineClass(Ljava/lang/String;Ljdk/internal/loader/Resource;)Ljava/lang/Class; java.base@17.0.7 (121 bytes) @ 0x000001ffb1aed05c [0x000001ffb1aec180+0x0000000000000edc]
J 1419 c1 jdk.internal.loader.BuiltinClassLoader.findClassOnClassPathOrNull(Ljava/lang/String;)Ljava/lang/Class; java.base@17.0.7 (64 bytes) @ 0x000001ffb1af267c [0x000001ffb1af1600+0x000000000000107c]
J 2625 c2 jdk.internal.loader.BuiltinClassLoader.loadClassOrNull(Ljava/lang/String;Z)Ljava/lang/Class; java.base@17.0.7 (143 bytes) @ 0x000001ffb94320cc [0x000001ffb94319a0+0x000000000000072c]
J 1272 c1 jdk.internal.loader.ClassLoaders$AppClassLoader.loadClass(Ljava/lang/String;Z)Ljava/lang/Class; java.base@17.0.7 (40 bytes) @ 0x000001ffb1abb7f4 [0x000001ffb1abb1e0+0x0000000000000614]
J 332 c1 java.lang.ClassLoader.loadClass(Ljava/lang/String;)Ljava/lang/Class; java.base@17.0.7 (7 bytes) @ 0x000001ffb18ae93c [0x000001ffb18ae840+0x00000000000000fc]
v  ~StubRoutines::call_stub
j  com.fasterxml.jackson.databind.ObjectMapper.<clinit>()V+0
v  ~StubRoutines::call_stub
j  org.springframework.http.converter.json.Jackson2ObjectMapperBuilder.build()Lcom/fasterxml/jackson/databind/ObjectMapper;+77
j  org.springframework.http.converter.json.MappingJackson2HttpMessageConverter.<init>()V+4
j  org.springframework.http.converter.support.AllEncompassingFormHttpMessageConverter.<init>()V+55
j  org.springframework.boot.autoconfigure.BackgroundPreinitializer$MessageConverterInitializer.run()V+4
j  org.springframework.boot.autoconfigure.BackgroundPreinitializer$1.runSafely(Ljava/lang/Runnable;)Z+1
j  org.springframework.boot.autoconfigure.BackgroundPreinitializer$1.run()V+32
j  java.lang.Thread.run()V+11 java.base@17.0.7
v  ~StubRoutines::call_stub

---------------  P R O C E S S  ---------------

Threads class SMR info:
_java_thread_list=0x000001ffcd3909e0, length=16, elements={
0x000001ffadcca4d0, 0x000001ffc3c12010, 0x000001ffc3c12c20, 0x000001ffc3c4bc90,
0x000001ffc3c4c7a0, 0x000001ffc3c23090, 0x000001ffc3c23950, 0x000001ffc3c24210,
0x000001ffc800d690, 0x000001ffc805ca20, 0x000001ffc81a0f60, 0x000001ffc81b2e50,
0x000001ffc80c0030, 0x000001ffc8a37950, 0x000001ffc8ad9800, 0x000001ffccf8d440
}

Java Threads: ( => current thread )
  0x000001ffadcca4d0 JavaThread "Test worker" [_thread_in_vm, id=8124, stack(0x00000007afa00000,0x00000007afb00000)]
  0x000001ffc3c12010 JavaThread "Reference Handler" daemon [_thread_blocked, id=12136, stack(0x00000007b0100000,0x00000007b0200000)]
  0x000001ffc3c12c20 JavaThread "Finalizer" daemon [_thread_blocked, id=1664, stack(0x00000007b0200000,0x00000007b0300000)]
  0x000001ffc3c4bc90 JavaThread "Signal Dispatcher" daemon [_thread_blocked, id=19080, stack(0x00000007b0300000,0x00000007b0400000)]
  0x000001ffc3c4c7a0 JavaThread "Attach Listener" daemon [_thread_blocked, id=3592, stack(0x00000007b0400000,0x00000007b0500000)]
  0x000001ffc3c23090 JavaThread "Service Thread" daemon [_thread_blocked, id=16572, stack(0x00000007b0500000,0x00000007b0600000)]
  0x000001ffc3c23950 JavaThread "Monitor Deflation Thread" daemon [_thread_blocked, id=1852, stack(0x00000007b0600000,0x00000007b0700000)]
  0x000001ffc3c24210 JavaThread "C2 CompilerThread0" daemon [_thread_blocked, id=2616, stack(0x00000007b0700000,0x00000007b0800000)]
  0x000001ffc800d690 JavaThread "C1 CompilerThread0" daemon [_thread_blocked, id=18764, stack(0x00000007b0800000,0x00000007b0900000)]
  0x000001ffc805ca20 JavaThread "Sweeper thread" daemon [_thread_blocked, id=13832, stack(0x00000007b0900000,0x00000007b0a00000)]
  0x000001ffc81a0f60 JavaThread "Notification Thread" daemon [_thread_blocked, id=9016, stack(0x00000007b0a00000,0x00000007b0b00000)]
  0x000001ffc81b2e50 JavaThread "Common-Cleaner" daemon [_thread_blocked, id=8944, stack(0x00000007b0c00000,0x00000007b0d00000)]
  0x000001ffc80c0030 JavaThread "/127.0.0.1:60476 to /127.0.0.1:60475 workers" [_thread_blocked, id=14388, stack(0x00000007b0f00000,0x00000007b1000000)]
  0x000001ffc8a37950 JavaThread "/127.0.0.1:60476 to /127.0.0.1:60475 workers Thread 2" [_thread_blocked, id=15976, stack(0x00000007b1000000,0x00000007b1100000)]
  0x000001ffc8ad9800 JavaThread "/127.0.0.1:60476 to /127.0.0.1:60475 workers Thread 3" [_thread_in_native, id=17804, stack(0x00000007b1100000,0x00000007b1200000)]
=>0x000001ffccf8d440 JavaThread "background-preinit" [_thread_in_vm, id=17536, stack(0x00000007b1400000,0x00000007b1500000)]

Other Threads:
  0x000001ffadcdadc0 VMThread "VM Thread" [stack: 0x00000007b0000000,0x00000007b0100000] [id=6220]
  0x000001ffc81a1430 WatcherThread [stack: 0x00000007b0b00000,0x00000007b0c00000] [id=17012]
  0x000001ffadcf5650 GCTaskThread "GC Thread#0" [stack: 0x00000007afb00000,0x00000007afc00000] [id=7572]
  0x000001ffc83f0410 GCTaskThread "GC Thread#1" [stack: 0x00000007b0d00000,0x00000007b0e00000] [id=3844]
  0x000001ffadcfa4a0 ConcurrentGCThread "G1 Main Marker" [stack: 0x00000007afc00000,0x00000007afd00000] [id=17064]
  0x000001ffadcfaf10 ConcurrentGCThread "G1 Conc#0" [stack: 0x00000007afd00000,0x00000007afe00000] [id=15532]
  0x000001ffadd3ec90 ConcurrentGCThread "G1 Refine#0" [stack: 0x00000007afe00000,0x00000007aff00000] [id=6344]
  0x000001ffadd3f710 ConcurrentGCThread "G1 Service" [stack: 0x00000007aff00000,0x00000007b0000000] [id=16320]

Threads with active compile tasks:

VM state: not at safepoint (normal execution)

VM Mutex/Monitor currently owned by a thread:  ([mutex/lock_event])
[0x000001ffabac2e20] Metaspace_lock - owner thread: 0x000001ffccf8d440

Heap address: 0x00000000e0000000, size: 512 MB, Compressed Oops mode: 32-bit

CDS archive(s) not mapped
Compressed class space mapped at: 0x0000000100000000-0x0000000140000000, reserved size: 1073741824
Narrow klass base: 0x0000000000000000, Narrow klass shift: 3, Narrow klass range: 0x140000000

GC Precious Log:
 CPUs: 2 total, 2 available
 Memory: 4009M
 Large Page Support: Disabled
 NUMA Support: Disabled
 Compressed Oops: Enabled (32-bit)
 Heap Region Size: 1M
 Heap Min Capacity: 8M
 Heap Initial Capacity: 64M
 Heap Max Capacity: 512M
 Pre-touch: Disabled
 Parallel Workers: 2
 Concurrent Workers: 1
 Concurrent Refinement Workers: 2
 Periodic GC: Disabled

Heap:
 garbage-first heap   total 40960K, used 21752K [0x00000000e0000000, 0x0000000100000000)
  region size 1024K, 11 young (11264K), 2 survivors (2048K)
 Metaspace       used 32763K, committed 33024K, reserved 1114112K
  class space    used 4140K, committed 4288K, reserved 1048576K

Heap Regions: E=young(eden), S=young(survivor), O=old, HS=humongous(starts), HC=humongous(continues), CS=collection set, F=free, OA=open archive, CA=closed archive, TAMS=top-at-mark-start (previous, next)
|   0|0x00000000e0000000, 0x00000000e0100000, 0x00000000e0100000|100%| O|  |TAMS 0x00000000e0100000, 0x00000000e0000000| Untracked 
|   1|0x00000000e0100000, 0x00000000e0200000, 0x00000000e0200000|100%| O|  |TAMS 0x00000000e0200000, 0x00000000e0100000| Untracked 
|   2|0x00000000e0200000, 0x00000000e0300000, 0x00000000e0300000|100%| O|  |TAMS 0x00000000e0300000, 0x00000000e0200000| Untracked 
|   3|0x00000000e0300000, 0x00000000e0400000, 0x00000000e0400000|100%| O|  |TAMS 0x00000000e0400000, 0x00000000e0300000| Untracked 
|   4|0x00000000e0400000, 0x00000000e0500000, 0x00000000e0500000|100%| O|  |TAMS 0x00000000e0500000, 0x00000000e0400000| Untracked 
|   5|0x00000000e0500000, 0x00000000e0500000, 0x00000000e0600000|  0%| F|  |TAMS 0x00000000e0500000, 0x00000000e0500000| Untracked 
|   6|0x00000000e0600000, 0x00000000e0700000, 0x00000000e0700000|100%| O|  |TAMS 0x00000000e0700000, 0x00000000e0600000| Untracked 
|   7|0x00000000e0700000, 0x00000000e0800000, 0x00000000e0800000|100%| O|  |TAMS 0x00000000e0700000, 0x00000000e0700000| Untracked 
|   8|0x00000000e0800000, 0x00000000e0900000, 0x00000000e0900000|100%| O|  |TAMS 0x00000000e0800000, 0x00000000e0800000| Untracked 
|   9|0x00000000e0900000, 0x00000000e0a00000, 0x00000000e0a00000|100%| O|  |TAMS 0x00000000e0900000, 0x00000000e0900000| Untracked 
|  10|0x00000000e0a00000, 0x00000000e0b00000, 0x00000000e0b00000|100%| O|  |TAMS 0x00000000e0a00000, 0x00000000e0a00000| Untracked 
|  11|0x00000000e0b00000, 0x00000000e0c00000, 0x00000000e0c00000|100%| O|  |TAMS 0x00000000e0b00000, 0x00000000e0b00000| Untracked 
|  12|0x00000000e0c00000, 0x00000000e0c86400, 0x00000000e0d00000| 52%| O|  |TAMS 0x00000000e0c00000, 0x00000000e0c00000| Untracked 
|  13|0x00000000e0d00000, 0x00000000e0d00000, 0x00000000e0e00000|  0%| F|  |TAMS 0x00000000e0d00000, 0x00000000e0d00000| Untracked 
|  14|0x00000000e0e00000, 0x00000000e0e00000, 0x00000000e0f00000|  0%| F|  |TAMS 0x00000000e0e00000, 0x00000000e0e00000| Untracked 
|  15|0x00000000e0f00000, 0x00000000e0f00000, 0x00000000e1000000|  0%| F|  |TAMS 0x00000000e0f00000, 0x00000000e0f00000| Untracked 
|  16|0x00000000e1000000, 0x00000000e1000000, 0x00000000e1100000|  0%| F|  |TAMS 0x00000000e1000000, 0x00000000e1000000| Untracked 
|  17|0x00000000e1100000, 0x00000000e1100000, 0x00000000e1200000|  0%| F|  |TAMS 0x00000000e1100000, 0x00000000e1100000| Untracked 
|  18|0x00000000e1200000, 0x00000000e1200000, 0x00000000e1300000|  0%| F|  |TAMS 0x00000000e1200000, 0x00000000e1200000| Untracked 
|  19|0x00000000e1300000, 0x00000000e1300000, 0x00000000e1400000|  0%| F|  |TAMS 0x00000000e1300000, 0x00000000e1300000| Untracked 
|  20|0x00000000e1400000, 0x00000000e1400000, 0x00000000e1500000|  0%| F|  |TAMS 0x00000000e1400000, 0x00000000e1400000| Untracked 
|  21|0x00000000e1500000, 0x00000000e15b7cc0, 0x00000000e1600000| 71%| S|CS|TAMS 0x00000000e1500000, 0x00000000e1500000| Complete 
|  22|0x00000000e1600000, 0x00000000e1700000, 0x00000000e1700000|100%| S|CS|TAMS 0x00000000e1600000, 0x00000000e1600000| Complete 
|  23|0x00000000e1700000, 0x00000000e1700000, 0x00000000e1800000|  0%| F|  |TAMS 0x00000000e1700000, 0x00000000e1700000| Untracked 
|  24|0x00000000e1800000, 0x00000000e1800000, 0x00000000e1900000|  0%| F|  |TAMS 0x00000000e1800000, 0x00000000e1800000| Untracked 
|  25|0x00000000e1900000, 0x00000000e1900000, 0x00000000e1a00000|  0%| F|  |TAMS 0x00000000e1900000, 0x00000000e1900000| Untracked 
|  26|0x00000000e1a00000, 0x00000000e1a00000, 0x00000000e1b00000|  0%| F|  |TAMS 0x00000000e1a00000, 0x00000000e1a00000| Untracked 
|  27|0x00000000e1b00000, 0x00000000e1b00000, 0x00000000e1c00000|  0%| F|  |TAMS 0x00000000e1b00000, 0x00000000e1b00000| Untracked 
|  28|0x00000000e1c00000, 0x00000000e1c00000, 0x00000000e1d00000|  0%| F|  |TAMS 0x00000000e1c00000, 0x00000000e1c00000| Untracked 
|  29|0x00000000e1d00000, 0x00000000e1d00000, 0x00000000e1e00000|  0%| F|  |TAMS 0x00000000e1d00000, 0x00000000e1d00000| Untracked 
|  30|0x00000000e1e00000, 0x00000000e1e00000, 0x00000000e1f00000|  0%| F|  |TAMS 0x00000000e1e00000, 0x00000000e1e00000| Untracked 
|  31|0x00000000e1f00000, 0x00000000e1f3b060, 0x00000000e2000000| 23%| E|  |TAMS 0x00000000e1f00000, 0x00000000e1f00000| Complete 
|  32|0x00000000e2000000, 0x00000000e2100000, 0x00000000e2100000|100%| E|CS|TAMS 0x00000000e2000000, 0x00000000e2000000| Complete 
|  33|0x00000000e2100000, 0x00000000e2200000, 0x00000000e2200000|100%| E|CS|TAMS 0x00000000e2100000, 0x00000000e2100000| Complete 
|  34|0x00000000e2200000, 0x00000000e2300000, 0x00000000e2300000|100%| E|CS|TAMS 0x00000000e2200000, 0x00000000e2200000| Complete 
|  37|0x00000000e2500000, 0x00000000e2600000, 0x00000000e2600000|100%| E|CS|TAMS 0x00000000e2500000, 0x00000000e2500000| Complete 
|  38|0x00000000e2600000, 0x00000000e2700000, 0x00000000e2700000|100%| E|CS|TAMS 0x00000000e2600000, 0x00000000e2600000| Complete 
|  39|0x00000000e2700000, 0x00000000e2800000, 0x00000000e2800000|100%| E|CS|TAMS 0x00000000e2700000, 0x00000000e2700000| Complete 
|  40|0x00000000e2800000, 0x00000000e2900000, 0x00000000e2900000|100%| E|CS|TAMS 0x00000000e2800000, 0x00000000e2800000| Complete 
|  63|0x00000000e3f00000, 0x00000000e4000000, 0x00000000e4000000|100%| E|CS|TAMS 0x00000000e3f00000, 0x00000000e3f00000| Complete 

Card table byte_map: [0x000001ffad960000,0x000001ffada60000] _byte_map_base: 0x000001ffad260000

Marking Bits (Prev, Next): (CMBitMap*) 0x000001ffadcf5bb0, (CMBitMap*) 0x000001ffadcf5b70
 Prev Bits: [0x000001ffc1040000, 0x000001ffc1840000)
 Next Bits: [0x000001ffc0840000, 0x000001ffc1040000)

Polling page: 0x000001ffabc40000

Metaspace:

Usage:
  Non-class:     27.95 MB used.
      Class:      4.04 MB used.
       Both:     32.00 MB used.

Virtual space:
  Non-class space:       64.00 MB reserved,      28.06 MB ( 44%) committed,  1 nodes.
      Class space:        1.00 GB reserved,       4.19 MB ( <1%) committed,  1 nodes.
             Both:        1.06 GB reserved,      32.25 MB (  3%) committed. 

Chunk freelists:
   Non-Class:  3.36 MB
       Class:  11.86 MB
        Both:  15.22 MB

MaxMetaspaceSize: unlimited
CompressedClassSpaceSize: 1.00 GB
Initial GC threshold: 21.00 MB
Current GC threshold: 35.12 MB
CDS: off
MetaspaceReclaimPolicy: balanced
 - commit_granule_bytes: 65536.
 - commit_granule_words: 8192.
 - virtual_space_node_default_size: 8388608.
 - enlarge_chunks_in_place: 1.
 - new_chunks_are_fully_committed: 0.
 - uncommit_free_chunks: 1.
 - use_allocation_guard: 0.
 - handle_deallocations: 1.


Internal statistics:

num_allocs_failed_limit: 3.
num_arena_births: 302.
num_arena_deaths: 0.
num_vsnodes_births: 2.
num_vsnodes_deaths: 0.
num_space_committed: 516.
num_space_uncommitted: 0.
num_chunks_returned_to_freelist: 3.
num_chunks_taken_from_freelist: 1118.
num_chunk_merges: 0.
num_chunk_splits: 736.
num_chunks_enlarged: 562.
num_inconsistent_stats: 0.

CodeHeap 'non-profiled nmethods': size=120064Kb used=1465Kb max_used=1465Kb free=118599Kb
 bounds [0x000001ffb9300000, 0x000001ffb9570000, 0x000001ffc0840000]
CodeHeap 'profiled nmethods': size=120000Kb used=5881Kb max_used=5881Kb free=114118Kb
 bounds [0x000001ffb1840000, 0x000001ffb1e00000, 0x000001ffb8d70000]
CodeHeap 'non-nmethods': size=5696Kb used=1213Kb max_used=1277Kb free=4482Kb
 bounds [0x000001ffb8d70000, 0x000001ffb8fe0000, 0x000001ffb9300000]
 total_blobs=3300 nmethods=2781 adapters=432
 compilation: enabled
              stopped_count=0, restarted_count=0
 full_count=0

Compilation events (20 events):
Event: 72.395 Thread 0x000001ffc800d690 2781       3       java.util.concurrent.ConcurrentHashMap$EntryIterator::next (51 bytes)
Event: 72.396 Thread 0x000001ffc800d690 nmethod 2781 0x000001ffb1dfd690 code [0x000001ffb1dfd860, 0x000001ffb1dfdd58]
Event: 72.412 Thread 0x000001ffc3c24210 nmethod 2775 0x000001ffb9469690 code [0x000001ffb9469840, 0x000001ffb946a138]
Event: 72.412 Thread 0x000001ffc3c24210 2778       4       java.lang.String::<init> (14 bytes)
Event: 72.441 Thread 0x000001ffc3c24210 nmethod 2778 0x000001ffb946a590 code [0x000001ffb946a720, 0x000001ffb946ae18]
Event: 72.716 Thread 0x000001ffc3c24210 2782       4       jdk.internal.loader.BuiltinClassLoader::hasClassPath (13 bytes)
Event: 72.717 Thread 0x000001ffc3c24210 nmethod 2782 0x000001ffb946b090 code [0x000001ffb946b200, 0x000001ffb946b298]
Event: 72.719 Thread 0x000001ffc800d690 2783  s    3       java.io.ByteArrayOutputStream::reset (6 bytes)
Event: 72.719 Thread 0x000001ffc800d690 nmethod 2783 0x000001ffb1dfdf10 code [0x000001ffb1dfe0a0, 0x000001ffb1dfe258]
Event: 72.836 Thread 0x000001ffc800d690 2784       3       java.util.zip.ZipUtils::get16 (21 bytes)
Event: 72.836 Thread 0x000001ffc800d690 nmethod 2784 0x000001ffb1dfe310 code [0x000001ffb1dfe4a0, 0x000001ffb1dfe5f8]
Event: 73.164 Thread 0x000001ffc3c24210 2785       4       java.util.concurrent.atomic.AtomicInteger::incrementAndGet (14 bytes)
Event: 73.167 Thread 0x000001ffc3c24210 nmethod 2785 0x000001ffb946b390 code [0x000001ffb946b500, 0x000001ffb946b598]
Event: 73.180 Thread 0x000001ffc3c24210 2786 %     4       java.util.Properties::load0 @ 29 (249 bytes)
Event: 73.228 Thread 0x000001ffc3c24210 nmethod 2786% 0x000001ffb946b690 code [0x000001ffb946b860, 0x000001ffb946c2b0]
Event: 73.304 Thread 0x000001ffc3c24210 2787       4       java.util.Properties::load0 (249 bytes)
Event: 73.344 Thread 0x000001ffc3c24210 nmethod 2787 0x000001ffb946c810 code [0x000001ffb946ca00, 0x000001ffb946d380]
Event: 73.347 Thread 0x000001ffc3c24210 2788       4       java.lang.invoke.DirectMethodHandle::internalMemberName (8 bytes)
Event: 73.348 Thread 0x000001ffc3c24210 nmethod 2788 0x000001ffb946d910 code [0x000001ffb946da80, 0x000001ffb946db18]
Event: 73.348 Thread 0x000001ffc3c24210 2789       4       java.util.concurrent.ConcurrentHashMap$ValueIterator::next (34 bytes)

GC Heap History (18 events):
Event: 3.129 GC heap before
{Heap before GC invocations=0 (full 0):
 garbage-first heap   total 65536K, used 5120K [0x00000000e0000000, 0x0000000100000000)
  region size 1024K, 6 young (6144K), 0 survivors (0K)
 Metaspace       used 8418K, committed 8640K, reserved 1114112K
  class space    used 776K, committed 896K, reserved 1048576K
}
Event: 3.152 GC heap after
{Heap after GC invocations=1 (full 0):
 garbage-first heap   total 65536K, used 3103K [0x00000000e0000000, 0x0000000100000000)
  region size 1024K, 1 young (1024K), 1 survivors (1024K)
 Metaspace       used 8418K, committed 8640K, reserved 1114112K
  class space    used 776K, committed 896K, reserved 1048576K
}
Event: 3.537 GC heap before
{Heap before GC invocations=1 (full 0):
 garbage-first heap   total 65536K, used 5151K [0x00000000e0000000, 0x0000000100000000)
  region size 1024K, 4 young (4096K), 1 survivors (1024K)
 Metaspace       used 8488K, committed 8704K, reserved 1114112K
  class space    used 779K, committed 896K, reserved 1048576K
}
Event: 3.542 GC heap after
{Heap after GC invocations=2 (full 0):
 garbage-first heap   total 65536K, used 5685K [0x00000000e0000000, 0x0000000100000000)
  region size 1024K, 1 young (1024K), 1 survivors (1024K)
 Metaspace       used 8488K, committed 8704K, reserved 1114112K
  class space    used 779K, committed 896K, reserved 1048576K
}
Event: 6.928 GC heap before
{Heap before GC invocations=2 (full 0):
 garbage-first heap   total 65536K, used 11829K [0x00000000e0000000, 0x0000000100000000)
  region size 1024K, 7 young (7168K), 1 survivors (1024K)
 Metaspace       used 12314K, committed 12480K, reserved 1114112K
  class space    used 1255K, committed 1344K, reserved 1048576K
}
Event: 6.942 GC heap after
{Heap after GC invocations=3 (full 0):
 garbage-first heap   total 65536K, used 8145K [0x00000000e0000000, 0x0000000100000000)
  region size 1024K, 1 young (1024K), 1 survivors (1024K)
 Metaspace       used 12314K, committed 12480K, reserved 1114112K
  class space    used 1255K, committed 1344K, reserved 1048576K
}
Event: 15.098 GC heap before
{Heap before GC invocations=3 (full 0):
 garbage-first heap   total 65536K, used 18385K [0x00000000e0000000, 0x0000000100000000)
  region size 1024K, 11 young (11264K), 1 survivors (1024K)
 Metaspace       used 15798K, committed 16000K, reserved 1114112K
  class space    used 1738K, committed 1856K, reserved 1048576K
}
Event: 15.114 GC heap after
{Heap after GC invocations=4 (full 0):
 garbage-first heap   total 65536K, used 9216K [0x00000000e0000000, 0x0000000100000000)
  region size 1024K, 2 young (2048K), 2 survivors (2048K)
 Metaspace       used 15798K, committed 16000K, reserved 1114112K
  class space    used 1738K, committed 1856K, reserved 1048576K
}
Event: 22.777 GC heap before
{Heap before GC invocations=4 (full 0):
 garbage-first heap   total 65536K, used 29696K [0x00000000e0000000, 0x0000000100000000)
  region size 1024K, 23 young (23552K), 2 survivors (2048K)
 Metaspace       used 21223K, committed 21504K, reserved 1114112K
  class space    used 2472K, committed 2624K, reserved 1048576K
}
Event: 22.790 GC heap after
{Heap after GC invocations=5 (full 0):
 garbage-first heap   total 65536K, used 10895K [0x00000000e0000000, 0x0000000100000000)
  region size 1024K, 4 young (4096K), 4 survivors (4096K)
 Metaspace       used 21223K, committed 21504K, reserved 1114112K
  class space    used 2472K, committed 2624K, reserved 1048576K
}
Event: 40.069 GC heap before
{Heap before GC invocations=6 (full 0):
 garbage-first heap   total 40960K, used 31375K [0x00000000e0000000, 0x0000000100000000)
  region size 1024K, 24 young (24576K), 4 survivors (4096K)
 Metaspace       used 25040K, committed 25344K, reserved 1114112K
  class space    used 3043K, committed 3200K, reserved 1048576K
}
Event: 40.087 GC heap after
{Heap after GC invocations=7 (full 0):
 garbage-first heap   total 40960K, used 12229K [0x00000000e0000000, 0x0000000100000000)
  region size 1024K, 3 young (3072K), 3 survivors (3072K)
 Metaspace       used 25040K, committed 25344K, reserved 1114112K
  class space    used 3043K, committed 3200K, reserved 1048576K
}
Event: 40.588 GC heap before
{Heap before GC invocations=7 (full 0):
 garbage-first heap   total 40960K, used 13253K [0x00000000e0000000, 0x0000000100000000)
  region size 1024K, 4 young (4096K), 3 survivors (3072K)
 Metaspace       used 25255K, committed 25536K, reserved 1114112K
  class space    used 3068K, committed 3200K, reserved 1048576K
}
Event: 40.600 GC heap after
{Heap after GC invocations=8 (full 0):
 garbage-first heap   total 40960K, used 12368K [0x00000000e0000000, 0x0000000100000000)
  region size 1024K, 1 young (1024K), 1 survivors (1024K)
 Metaspace       used 25255K, committed 25536K, reserved 1114112K
  class space    used 3068K, committed 3200K, reserved 1048576K
}
Event: 56.283 GC heap before
{Heap before GC invocations=8 (full 0):
 garbage-first heap   total 40960K, used 27728K [0x00000000e0000000, 0x0000000100000000)
  region size 1024K, 16 young (16384K), 1 survivors (1024K)
 Metaspace       used 28228K, committed 28544K, reserved 1114112K
  class space    used 3500K, committed 3648K, reserved 1048576K
}
Event: 56.300 GC heap after
{Heap after GC invocations=9 (full 0):
 garbage-first heap   total 40960K, used 12720K [0x00000000e0000000, 0x0000000100000000)
  region size 1024K, 1 young (1024K), 1 survivors (1024K)
 Metaspace       used 28228K, committed 28544K, reserved 1114112K
  class space    used 3500K, committed 3648K, reserved 1048576K
}
Event: 70.055 GC heap before
{Heap before GC invocations=9 (full 0):
 garbage-first heap   total 40960K, used 29104K [0x00000000e0000000, 0x0000000100000000)
  region size 1024K, 17 young (17408K), 1 survivors (1024K)
 Metaspace       used 31016K, committed 31360K, reserved 1114112K
  class space    used 3978K, committed 4160K, reserved 1048576K
}
Event: 70.072 GC heap after
{Heap after GC invocations=10 (full 0):
 garbage-first heap   total 40960K, used 13560K [0x00000000e0000000, 0x0000000100000000)
  region size 1024K, 2 young (2048K), 2 survivors (2048K)
 Metaspace       used 31016K, committed 31360K, reserved 1114112K
  class space    used 3978K, committed 4160K, reserved 1048576K
}

Dll operation events (3 events):
Event: 0.090 Loaded shared library C:\Users\ÉJÉãÉxÅ@ÉiÉcÉ~\.jdks\jbrsdk_jcef-17.0.7\bin\java.dll
Event: 0.213 Loaded shared library C:\Users\ÉJÉãÉxÅ@ÉiÉcÉ~\.jdks\jbrsdk_jcef-17.0.7\bin\jsvml.dll
Event: 2.280 Loaded shared library C:\Users\ÉJÉãÉxÅ@ÉiÉcÉ~\.jdks\jbrsdk_jcef-17.0.7\bin\verify.dll

Deoptimization events (20 events):
Event: 72.315 Thread 0x000001ffadcca4d0 DEOPT PACKING pc=0x000001ffb1953fce sp=0x00000007afafab40
Event: 72.315 Thread 0x000001ffadcca4d0 DEOPT UNPACKING pc=0x000001ffb8dc7124 sp=0x00000007afafa008 mode 0
Event: 72.316 Thread 0x000001ffadcca4d0 DEOPT PACKING pc=0x000001ffb1a4ef59 sp=0x00000007afafab10
Event: 72.316 Thread 0x000001ffadcca4d0 DEOPT UNPACKING pc=0x000001ffb8dc7124 sp=0x00000007afafa000 mode 0
Event: 72.320 Thread 0x000001ffadcca4d0 DEOPT PACKING pc=0x000001ffb1953fce sp=0x00000007afafab40
Event: 72.320 Thread 0x000001ffadcca4d0 DEOPT UNPACKING pc=0x000001ffb8dc7124 sp=0x00000007afafa008 mode 0
Event: 72.320 Thread 0x000001ffadcca4d0 DEOPT PACKING pc=0x000001ffb1a4ef59 sp=0x00000007afafab10
Event: 72.320 Thread 0x000001ffadcca4d0 DEOPT UNPACKING pc=0x000001ffb8dc7124 sp=0x00000007afafa000 mode 0
Event: 72.321 Thread 0x000001ffadcca4d0 DEOPT PACKING pc=0x000001ffb1953fce sp=0x00000007afafab40
Event: 72.321 Thread 0x000001ffadcca4d0 DEOPT UNPACKING pc=0x000001ffb8dc7124 sp=0x00000007afafa008 mode 0
Event: 72.367 Thread 0x000001ffadcca4d0 DEOPT PACKING pc=0x000001ffb1953fce sp=0x00000007afafab40
Event: 72.367 Thread 0x000001ffadcca4d0 DEOPT UNPACKING pc=0x000001ffb8dc7124 sp=0x00000007afafa008 mode 0
Event: 72.368 Thread 0x000001ffadcca4d0 DEOPT PACKING pc=0x000001ffb1953fce sp=0x00000007afafab40
Event: 72.368 Thread 0x000001ffadcca4d0 DEOPT UNPACKING pc=0x000001ffb8dc7124 sp=0x00000007afafa008 mode 0
Event: 72.369 Thread 0x000001ffadcca4d0 DEOPT PACKING pc=0x000001ffb1953fce sp=0x00000007afafab40
Event: 72.369 Thread 0x000001ffadcca4d0 DEOPT UNPACKING pc=0x000001ffb8dc7124 sp=0x00000007afafa008 mode 0
Event: 72.383 Thread 0x000001ffadcca4d0 DEOPT PACKING pc=0x000001ffb1953fce sp=0x00000007afafab40
Event: 72.383 Thread 0x000001ffadcca4d0 DEOPT UNPACKING pc=0x000001ffb8dc7124 sp=0x00000007afafa008 mode 0
Event: 73.306 Thread 0x000001ffadcca4d0 DEOPT PACKING pc=0x000001ffb1dfc9a1 sp=0x00000007afafad50
Event: 73.306 Thread 0x000001ffadcca4d0 DEOPT UNPACKING pc=0x000001ffb8dc7124 sp=0x00000007afafa208 mode 0

Classes unloaded (0 events):
No events

Classes redefined (0 events):
No events

Internal exceptions (20 events):
Event: 34.717 Thread 0x000001ffadcca4d0 Exception <a 'java/lang/IncompatibleClassChangeError'{0x00000000e181e410}: Found class java.lang.Object, but interface was expected> (0x00000000e181e410) 
thrown [s\src\hotspot\share\interpreter\linkResolver.cpp, line 838]
Event: 38.814 Thread 0x000001ffadcca4d0 Exception <a 'java/lang/IncompatibleClassChangeError'{0x00000000e14563a8}: Found class java.lang.Object, but interface was expected> (0x00000000e14563a8) 
thrown [s\src\hotspot\share\interpreter\linkResolver.cpp, line 838]
Event: 40.833 Thread 0x000001ffadcca4d0 Implicit null exception at 0x000001ffb938948c to 0x000001ffb93896d4
Event: 41.257 Thread 0x000001ffadcca4d0 Exception <a 'java/lang/NoSuchMethodError'{0x00000000e270b600}: 'java.lang.Object java.lang.invoke.DirectMethodHandle$Holder.invokeSpecial(java.lang.Object, java.lang.Object, java.lang.Object, java.lang.Object, java.lang.Object, java.lang.Object, int)'> (0x00000000e270b600) 
thrown [s\src\hotspot\share\interpreter\linkResolver.cpp, line 771]
Event: 41.260 Thread 0x000001ffadcca4d0 Exception <a 'java/lang/NoSuchMethodError'{0x00000000e27160b8}: 'java.lang.Object java.lang.invoke.DirectMethodHandle$Holder.newInvokeSpecial(java.lang.Object, java.lang.Object, java.lang.Object, java.lang.Object, java.lang.Object, java.lang.Object, int)'> (0x00000000e27160b8) 
thrown [s\src\hotspot\share\interpreter\linkResolver.cpp, line 771]
Event: 41.260 Thread 0x000001ffadcca4d0 Exception <a 'java/lang/NoSuchMethodError'{0x00000000e271b8f0}: 'java.lang.Object java.lang.invoke.DirectMethodHandle$Holder.invokeSpecial(java.lang.Object, java.lang.Object, java.lang.Object, java.lang.Object, java.lang.Object, java.lang.Object, java.lang.Object, int)'> (0x00000000e271b8f0) 
thrown [s\src\hotspot\share\interpreter\linkResolver.cpp, line 771]
Event: 41.485 Thread 0x000001ffadcca4d0 Implicit null exception at 0x000001ffb93bcaef to 0x000001ffb93c2a0c
Event: 41.997 Thread 0x000001ffadcca4d0 Exception <a 'java/lang/NoSuchMethodError'{0x00000000e2686478}: 'void java.lang.invoke.DirectMethodHandle$Holder.invokeStatic(java.lang.Object, java.lang.Object, java.lang.Object, java.lang.Object, java.lang.Object, java.lang.Object)'> (0x00000000e2686478) 
thrown [s\src\hotspot\share\interpreter\linkResolver.cpp, line 771]
Event: 42.226 Thread 0x000001ffadcca4d0 Implicit null exception at 0x000001ffb934812f to 0x000001ffb93483d4
Event: 42.332 Thread 0x000001ffadcca4d0 Exception <a 'java/lang/NoSuchMethodError'{0x00000000e2589620}: 'java.lang.Object java.lang.invoke.DirectMethodHandle$Holder.invokeSpecial(java.lang.Object, java.lang.Object, java.lang.Object, int, java.lang.Object)'> (0x00000000e2589620) 
thrown [s\src\hotspot\share\interpreter\linkResolver.cpp, line 771]
Event: 42.335 Thread 0x000001ffadcca4d0 Exception <a 'java/lang/NoSuchMethodError'{0x00000000e2591f48}: 'java.lang.Object java.lang.invoke.DirectMethodHandle$Holder.newInvokeSpecial(java.lang.Object, java.lang.Object, java.lang.Object, int, java.lang.Object)'> (0x00000000e2591f48) 
thrown [s\src\hotspot\share\interpreter\linkResolver.cpp, line 771]
Event: 42.341 Thread 0x000001ffadcca4d0 Exception <a 'java/lang/NoSuchMethodError'{0x00000000e25a99d8}: 'java.lang.Object java.lang.invoke.DirectMethodHandle$Holder.newInvokeSpecial(java.lang.Object, int, java.lang.Object)'> (0x00000000e25a99d8) 
thrown [s\src\hotspot\share\interpreter\linkResolver.cpp, line 771]
Event: 42.927 Thread 0x000001ffadcca4d0 Exception <a 'java/lang/NoSuchMethodError'{0x00000000e2184f78}: 'java.lang.Object java.lang.invoke.DirectMethodHandle$Holder.invokeStatic(java.lang.Object, java.lang.Object, long, java.lang.Object)'> (0x00000000e2184f78) 
thrown [s\src\hotspot\share\interpreter\linkResolver.cpp, line 771]
Event: 42.929 Thread 0x000001ffadcca4d0 Exception <a 'java/lang/NoSuchMethodError'{0x00000000e2189208}: 'java.lang.Object java.lang.invoke.DirectMethodHandle$Holder.invokeStaticInit(java.lang.Object, java.lang.Object, long, java.lang.Object)'> (0x00000000e2189208) 
thrown [s\src\hotspot\share\interpreter\linkResolver.cpp, line 771]
Event: 42.936 Thread 0x000001ffadcca4d0 Exception <a 'java/lang/NoSuchMethodError'{0x00000000e2190010}: 'java.lang.Object java.lang.invoke.DirectMethodHandle$Holder.newInvokeSpecial(java.lang.Object, java.lang.Object, long)'> (0x00000000e2190010) 
thrown [s\src\hotspot\share\interpreter\linkResolver.cpp, line 771]
Event: 42.938 Thread 0x000001ffadcca4d0 Exception <a 'java/lang/NoSuchMethodError'{0x00000000e2194378}: 'java.lang.Object java.lang.invoke.Invokers$Holder.linkToTargetMethod(java.lang.Object, long, java.lang.Object)'> (0x00000000e2194378) 
thrown [s\src\hotspot\share\interpreter\linkResolver.cpp, line 771]
Event: 43.093 Thread 0x000001ffadcca4d0 Exception <a 'java/lang/NoSuchMethodError'{0x00000000e21fde50}: 'void java.lang.invoke.DirectMethodHandle$Holder.invokeVirtual(java.lang.Object, java.lang.Object, java.lang.Object, java.lang.Object)'> (0x00000000e21fde50) 
thrown [s\src\hotspot\share\interpreter\linkResolver.cpp, line 771]
Event: 44.314 Thread 0x000001ffadcca4d0 Exception <a 'java/lang/IncompatibleClassChangeError'{0x00000000e1e0ad70}: Found class java.lang.Object, but interface was expected> (0x00000000e1e0ad70) 
thrown [s\src\hotspot\share\interpreter\linkResolver.cpp, line 838]
Event: 68.050 Thread 0x000001ffadcca4d0 Exception <a 'sun/nio/fs/WindowsException'{0x00000000e1a0f0b0}> (0x00000000e1a0f0b0) 
thrown [s\src\hotspot\share\prims\jni.cpp, line 517]
Event: 68.067 Thread 0x000001ffadcca4d0 Exception <a 'sun/nio/fs/WindowsException'{0x00000000e1a1be18}> (0x00000000e1a1be18) 
thrown [s\src\hotspot\share\prims\jni.cpp, line 517]

VM Operations (20 events):
Event: 64.406 Executing VM operation: Cleanup
Event: 64.523 Executing VM operation: Cleanup done
Event: 65.219 Executing VM operation: HandshakeAllThreads
Event: 65.219 Executing VM operation: HandshakeAllThreads done
Event: 66.227 Executing VM operation: Cleanup
Event: 66.229 Executing VM operation: Cleanup done
Event: 67.246 Executing VM operation: Cleanup
Event: 67.484 Executing VM operation: Cleanup done
Event: 68.520 Executing VM operation: Cleanup
Event: 68.837 Executing VM operation: Cleanup done
Event: 69.851 Executing VM operation: Cleanup
Event: 69.851 Executing VM operation: Cleanup done
Event: 70.055 Executing VM operation: G1CollectForAllocation
Event: 70.072 Executing VM operation: G1CollectForAllocation done
Event: 71.082 Executing VM operation: Cleanup
Event: 71.154 Executing VM operation: Cleanup done
Event: 72.178 Executing VM operation: Cleanup
Event: 72.283 Executing VM operation: Cleanup done
Event: 73.288 Executing VM operation: Cleanup
Event: 73.317 Executing VM operation: Cleanup done

Events (20 events):
Event: 70.961 loading class com/sun/org/apache/xalan/internal/utils/XMLSecurityPropertyManager
Event: 70.962 loading class com/sun/org/apache/xalan/internal/utils/FeaturePropertyBase
Event: 70.963 loading class com/sun/org/apache/xalan/internal/utils/FeaturePropertyBase done
Event: 70.963 loading class com/sun/org/apache/xalan/internal/utils/XMLSecurityPropertyManager done
Event: 70.963 loading class com/sun/org/apache/xalan/internal/utils/FeaturePropertyBase$State
Event: 70.963 loading class com/sun/org/apache/xalan/internal/utils/FeaturePropertyBase$State done
Event: 70.963 loading class com/sun/org/apache/xalan/internal/utils/XMLSecurityPropertyManager$Property
Event: 70.964 loading class com/sun/org/apache/xalan/internal/utils/XMLSecurityPropertyManager$Property done
Event: 70.964 loading class jdk/xml/internal/XMLSecurityManager
Event: 71.115 loading class jdk/xml/internal/XMLSecurityManager done
Event: 71.153 loading class jdk/xml/internal/XMLSecurityManager$Limit
Event: 71.153 loading class jdk/xml/internal/XMLSecurityManager$Limit done
Event: 71.154 loading class jdk/xml/internal/XMLSecurityManager$Processor
Event: 71.154 loading class jdk/xml/internal/XMLSecurityManager$Processor done
Event: 71.154 loading class jdk/xml/internal/XMLSecurityManager$NameMap
Event: 71.155 loading class jdk/xml/internal/XMLSecurityManager$NameMap done
Event: 71.156 loading class jdk/xml/internal/JdkProperty
Event: 71.156 loading class jdk/xml/internal/JdkProperty done
Event: 72.487 Thread 0x000001ffcc945c70 Thread added: 0x000001ffcc945c70
Event: 73.134 Thread 0x000001ffcc945c70 Thread exited: 0x000001ffcc945c70


Dynamic libraries:
0x00007ff7722c0000 - 0x00007ff7722ca000 	C:\Users\ÉJÉãÉxÅ@ÉiÉcÉ~\.jdks\jbrsdk_jcef-17.0.7\bin\java.exe
0x00007fff599d0000 - 0x00007fff59bc8000 	C:\WINDOWS\SYSTEM32\ntdll.dll
0x00007fff59720000 - 0x00007fff597e1000 	C:\WINDOWS\System32\KERNEL32.DLL
0x00007fff57110000 - 0x00007fff5740d000 	C:\WINDOWS\System32\KERNELBASE.dll
0x0000000063f10000 - 0x0000000064242000 	C:\Program Files\Norton Security\NortonData\22.14.2.13\Definitions\IPSDefs\20240916.064\IPSEng64.dll
0x00007fff57f20000 - 0x00007fff57fd0000 	C:\WINDOWS\System32\ADVAPI32.dll
0x00007fff57df0000 - 0x00007fff57e8e000 	C:\WINDOWS\System32\msvcrt.dll
0x00007fff57a00000 - 0x00007fff57aa0000 	C:\WINDOWS\System32\sechost.dll
0x00007fff59150000 - 0x00007fff59273000 	C:\WINDOWS\System32\RPCRT4.dll
0x00007fff57690000 - 0x00007fff576b7000 	C:\WINDOWS\System32\bcrypt.dll
0x00007fff58ec0000 - 0x00007fff58ec8000 	C:\WINDOWS\System32\PSAPI.DLL
0x00007fff576c0000 - 0x00007fff577c0000 	C:\WINDOWS\System32\ucrtbase.dll
0x00007fff4add0000 - 0x00007fff4ade7000 	C:\Users\ÉJÉãÉxÅ@ÉiÉcÉ~\.jdks\jbrsdk_jcef-17.0.7\bin\jli.dll
0x00007fff507a0000 - 0x00007fff507bb000 	C:\Users\ÉJÉãÉxÅ@ÉiÉcÉ~\.jdks\jbrsdk_jcef-17.0.7\bin\VCRUNTIME140.dll
0x00007fff3d0a0000 - 0x00007fff3d33a000 	C:\WINDOWS\WinSxS\amd64_microsoft.windows.common-controls_6595b64144ccf1df_6.0.19041.4355_none_60b8b9eb71f62e16\COMCTL32.dll
0x00007fff596f0000 - 0x00007fff5971b000 	C:\WINDOWS\System32\GDI32.dll
0x00007fff57860000 - 0x00007fff57882000 	C:\WINDOWS\System32\win32u.dll
0x00007fff57410000 - 0x00007fff57527000 	C:\WINDOWS\System32\gdi32full.dll
0x00007fff577c0000 - 0x00007fff5785d000 	C:\WINDOWS\System32\msvcp_win.dll
0x00007fff597f0000 - 0x00007fff5998d000 	C:\WINDOWS\System32\USER32.dll
0x00007fff57fd0000 - 0x00007fff57fff000 	C:\WINDOWS\System32\IMM32.DLL
0x00007fff4a760000 - 0x00007fff4a76c000 	C:\Users\ÉJÉãÉxÅ@ÉiÉcÉ~\.jdks\jbrsdk_jcef-17.0.7\bin\vcruntime140_1.dll
0x00007fff2a970000 - 0x00007fff2a9fd000 	C:\Users\ÉJÉãÉxÅ@ÉiÉcÉ~\.jdks\jbrsdk_jcef-17.0.7\bin\msvcp140.dll
0x00007ffef6880000 - 0x00007ffef7500000 	C:\Users\ÉJÉãÉxÅ@ÉiÉcÉ~\.jdks\jbrsdk_jcef-17.0.7\bin\server\jvm.dll
0x00007fff47100000 - 0x00007fff47109000 	C:\WINDOWS\SYSTEM32\WSOCK32.dll
0x00007fff57d80000 - 0x00007fff57deb000 	C:\WINDOWS\System32\WS2_32.dll
0x00007fff553d0000 - 0x00007fff553f7000 	C:\WINDOWS\SYSTEM32\WINMM.dll
0x00007fff4af60000 - 0x00007fff4af6a000 	C:\WINDOWS\SYSTEM32\VERSION.dll
0x00007fff558b0000 - 0x00007fff558c2000 	C:\WINDOWS\SYSTEM32\kernel.appcore.dll
0x00007fff4a6d0000 - 0x00007fff4a6da000 	C:\Users\ÉJÉãÉxÅ@ÉiÉcÉ~\.jdks\jbrsdk_jcef-17.0.7\bin\jimage.dll
0x00007fff55530000 - 0x00007fff55714000 	C:\WINDOWS\SYSTEM32\DBGHELP.DLL
0x00007fff41890000 - 0x00007fff418c4000 	C:\WINDOWS\SYSTEM32\dbgcore.DLL
0x00007fff57080000 - 0x00007fff57102000 	C:\WINDOWS\System32\bcryptPrimitives.dll
0x00007fff39360000 - 0x00007fff39385000 	C:\Users\ÉJÉãÉxÅ@ÉiÉcÉ~\.jdks\jbrsdk_jcef-17.0.7\bin\java.dll
0x00007fff44430000 - 0x00007fff44448000 	C:\Users\ÉJÉãÉxÅ@ÉiÉcÉ~\.jdks\jbrsdk_jcef-17.0.7\bin\zip.dll
0x00007fff2a010000 - 0x00007fff2a0e7000 	C:\Users\ÉJÉãÉxÅ@ÉiÉcÉ~\.jdks\jbrsdk_jcef-17.0.7\bin\jsvml.dll
0x00007fff58000000 - 0x00007fff5876f000 	C:\WINDOWS\System32\SHELL32.dll
0x00007fff54c10000 - 0x00007fff553b3000 	C:\WINDOWS\SYSTEM32\windows.storage.dll
0x00007fff58b60000 - 0x00007fff58eb3000 	C:\WINDOWS\System32\combase.dll
0x00007fff569e0000 - 0x00007fff56a0e000 	C:\WINDOWS\SYSTEM32\Wldp.dll
0x00007fff58ed0000 - 0x00007fff58f9d000 	C:\WINDOWS\System32\OLEAUT32.dll
0x00007fff589e0000 - 0x00007fff58a8d000 	C:\WINDOWS\System32\SHCORE.dll
0x00007fff57d20000 - 0x00007fff57d75000 	C:\WINDOWS\System32\shlwapi.dll
0x00007fff56fb0000 - 0x00007fff56fd4000 	C:\WINDOWS\SYSTEM32\profapi.dll
0x00007fff39340000 - 0x00007fff39359000 	C:\Users\ÉJÉãÉxÅ@ÉiÉcÉ~\.jdks\jbrsdk_jcef-17.0.7\bin\net.dll
0x00007fff45190000 - 0x00007fff4529d000 	C:\WINDOWS\SYSTEM32\WINHTTP.dll
0x00007fff56740000 - 0x00007fff567aa000 	C:\WINDOWS\system32\mswsock.dll
0x00007fff315f0000 - 0x00007fff31606000 	C:\Users\ÉJÉãÉxÅ@ÉiÉcÉ~\.jdks\jbrsdk_jcef-17.0.7\bin\nio.dll
0x00007fff47b60000 - 0x00007fff47b70000 	C:\Users\ÉJÉãÉxÅ@ÉiÉcÉ~\.jdks\jbrsdk_jcef-17.0.7\bin\verify.dll
0x00007fff39330000 - 0x00007fff3933e000 	C:\Users\ÉJÉãÉxÅ@ÉiÉcÉ~\.jdks\jbrsdk_jcef-17.0.7\bin\sunmscapi.dll
0x00007fff57530000 - 0x00007fff5768c000 	C:\WINDOWS\System32\CRYPT32.dll
0x00007fff56a50000 - 0x00007fff56a79000 	C:\WINDOWS\SYSTEM32\ncrypt.dll
0x00007fff56a10000 - 0x00007fff56a4b000 	C:\WINDOWS\SYSTEM32\NTASN1.dll
0x00007fff35a20000 - 0x00007fff35a27000 	C:\WINDOWS\system32\wshunix.dll
0x00007fff56930000 - 0x00007fff56948000 	C:\WINDOWS\SYSTEM32\CRYPTSP.dll
0x00007fff56030000 - 0x00007fff56064000 	C:\WINDOWS\system32\rsaenh.dll
0x00007fff56f30000 - 0x00007fff56f5e000 	C:\WINDOWS\SYSTEM32\USERENV.dll
0x00007fff56950000 - 0x00007fff5695c000 	C:\WINDOWS\SYSTEM32\CRYPTBASE.dll
0x00007fff56420000 - 0x00007fff5645b000 	C:\WINDOWS\SYSTEM32\IPHLPAPI.DLL
0x00007fff58af0000 - 0x00007fff58af8000 	C:\WINDOWS\System32\NSI.dll
0x00007fff4fa50000 - 0x00007fff4fa67000 	C:\WINDOWS\SYSTEM32\dhcpcsvc6.DLL
0x00007fff4f1e0000 - 0x00007fff4f1fd000 	C:\WINDOWS\SYSTEM32\dhcpcsvc.DLL
0x00007fff56470000 - 0x00007fff5653a000 	C:\WINDOWS\SYSTEM32\DNSAPI.dll

dbghelp: loaded successfully - version: 4.0.5 - missing functions: none
symbol engine: initialized successfully - sym options: 0x614 - pdb path: .;C:\Users\ÉJÉãÉxÅ@ÉiÉcÉ~\.jdks\jbrsdk_jcef-17.0.7\bin;C:\WINDOWS\SYSTEM32;C:\Program Files\Norton Security\NortonData\22.14.2.13\Definitions\IPSDefs\20240916.064;C:\WINDOWS\WinSxS\amd64_microsoft.windows.common-controls_6595b64144ccf1df_6.0.19041.4355_none_60b8b9eb71f62e16;C:\Users\ÉJÉãÉxÅ@ÉiÉcÉ~\.jdks\jbrsdk_jcef-17.;C:\Users\ÉJÉãÉxÅ@ÉiÉcÉ~\.jdks\jbrsdk_j;C:\Users\ÉJÉãÉxÅ@ÉiÉcÉ~\.jdks\j;C:\Users\ÉJÉãÉxÅ@ÉiÉcÉ~\;C:\Users\ÉJÉãÉxÅ@;C:\Users\ÉJÉã;C:\Users\ÉJ;C:\Users\É

VM Arguments:
jvm_args: -Dorg.gradle.internal.worker.tmpdir=C:\petmanagment\build\tmp\test\work -Xmx512m -Dfile.encoding=UTF-8 -Duser.country=JP -Duser.language=ja -Duser.variant -ea 
java_command: worker.org.gradle.process.internal.worker.GradleWorkerMain 'Gradle Test Executor 2'
java_class_path (initial): C:\\demo\\gradle\\caches\\8.8\\workerMain\\gradle-worker.jar;C:\\petmanagment\\build\\classes\\java\\test;C:\\petmanagment\\build\\resources\\test;C:\\petmanagment\\build\\classes\\java\\main;C:\\petmanagment\\build\\resources\\main;C:\\demo\\gradle\\caches\\modules-2\\files-2.1\\org.springframework.boot\\spring-boot-starter-web\\3.3.2\\720418538668a8742d0ae24097811d5250cf5c32\\spring-boot-starter-web-3.3.2.jar;C:\\demo\\gradle\\caches\\modules-2\\files-2.1\\org.mybatis.spring.boot\\mybatis-spring-boot-starter\\3.0.3\\19528356bf8bad2be5f8bf796dfc30bcc4996054\\mybatis-spring-boot-starter-3.0.3.jar;C:\\demo\\gradle\\caches\\modules-2\\files-2.1\\org.springframework.boot\\spring-boot-starter-validation\\3.3.2\\81ee06b318ed35c2a3f4882a0f7b9946a39e1b39\\spring-boot-starter-validation-3.3.2.jar;C:\\demo\\gradle\\caches\\modules-2\\files-2.1\\javax.persistence\\javax.persistence-api\\2.2\\25665ac8c0b62f50e6488173233239120fc52c96\\javax.persistence-api-2.2.jar;C:\\demo\\gradle\\caches\\modules-2\\files-2.1\\com.github.database-rider\\rider-spring\\1.44.0\\4adee0601951ee858b2f8450f9d2ffdc553e9722\\rider-spring-1.44.0.jar;C:\\demo\\gradle\\caches\\modules-2\\files-2.1\\com.mysql\\mysql-connector-j\\8.3.0\\1cc7fa5d61f4bbc113531a4ba6d85d41cf3d57e1\\mysql-connector-j-8.3.0.jar;C:\\demo\\gradle\\caches\\modules-2\\files-2.1\\org.mybatis.spring.boot\\mybatis-spring-boot-starter-test\\3.0.3\\b1ad9be6dce278ad0587e473342b0396881de49c\\mybatis-spring-boot-starter-test-3.0.3.jar;C:\\demo\\gradle\\caches\\modules-2\\files-2.1\\org.springframework.boot\\spring-boot-starter-test\\3.3.2\\7b4eb23bcd42b088b8a03088ff8e54c194f34240\\spring-boot-starter-test-3.3.2.jar;C:\\demo\\gradle\\caches\\modules-2\\files-2.1\\org.junit.jupiter\\junit-jupiter\\5.10.3\\6686d8fbf251f9bf8ecba413cab57b9e00f9134d\\junit-jupiter-5.10.3.jar;C:\\demo\\gradle\\caches\\modules-2\\files-2.1\\org.junit.jupiter\\junit-jupiter-engine\\5.10.3\\48c14e866bb1a87ca35d24ff068463bb202ada24\\junit-j
Launcher Type: SUN_STANDARD

[Global flags]
     intx CICompilerCount                          = 2                                         {product} {ergonomic}
     uint ConcGCThreads                            = 1                                         {product} {ergonomic}
     uint G1ConcRefinementThreads                  = 2                                         {product} {ergonomic}
   size_t G1HeapRegionSize                         = 1048576                                   {product} {ergonomic}
    uintx GCDrainStackTargetSize                   = 64                                        {product} {ergonomic}
   size_t InitialHeapSize                          = 67108864                                  {product} {ergonomic}
   size_t MarkStackSize                            = 4194304                                   {product} {ergonomic}
   size_t MaxHeapSize                              = 536870912                                 {product} {command line}
   size_t MaxNewSize                               = 321912832                                 {product} {ergonomic}
   size_t MinHeapDeltaBytes                        = 1048576                                   {product} {ergonomic}
   size_t MinHeapSize                              = 8388608                                   {product} {ergonomic}
    uintx NonNMethodCodeHeapSize                   = 5826188                                {pd product} {ergonomic}
    uintx NonProfiledCodeHeapSize                  = 122916026                              {pd product} {ergonomic}
    uintx ProfiledCodeHeapSize                     = 122916026                              {pd product} {ergonomic}
    uintx ReservedCodeCacheSize                    = 251658240                              {pd product} {ergonomic}
     bool SegmentedCodeCache                       = true                                      {product} {ergonomic}
   size_t SoftMaxHeapSize                          = 536870912                              {manageable} {ergonomic}
     bool UseCompressedClassPointers               = true                           {product lp64_product} {ergonomic}
     bool UseCompressedOops                        = true                           {product lp64_product} {ergonomic}
     bool UseG1GC                                  = true                                      {product} {ergonomic}
     bool UseLargePagesIndividualAllocation        = false                                  {pd product} {ergonomic}

Logging:
Log output configuration:
 #0: stdout all=warning uptime,level,tags
 #1: stderr all=off uptime,level,tags

Environment Variables:
PATH=C:\Program Files (x86)\Common Files\Oracle\Java\javapath;C:\Program Files (x86)\Intel\iCLS Client\;C:\Program Files\Intel\iCLS Client\;C:\WINDOWS\system32;C:\WINDOWS;C:\WINDOWS\System32\Wbem;C:\WINDOWS\System32\WindowsPowerShell\v1.0\;C:\Program Files (x86)\Intel\Intel(R) Management Engine Components\DAL;C:\Program Files\Intel\Intel(R) Management Engine Components\DAL;C:\Program Files (x86)\Intel\Intel(R) Management Engine Components\IPT;C:\Program Files\Intel\Intel(R) Management Engine Components\IPT;C:\WINDOWS\System32\OpenSSH\;C:\Program Files\Git LFS;C:\Program Files\Docker\Docker\resources\bin;C:\Program Files\Git\cmd;C:\Users\ÉJÉãÉxÅ@ÉiÉcÉ~\AppData\Local\Microsoft\WindowsApps;;C:\Program Files\JetBrains\IntelliJ IDEA 2023.1.3\bin;
USERNAME=ÉJÉãÉxÅ@ÉiÉcÉ~
OS=Windows_NT
PROCESSOR_IDENTIFIER=Intel64 Family 6 Model 142 Stepping 9, GenuineIntel
TMP=C:\Users\ÉJÉãÉx~1\AppData\Local\Temp
TEMP=C:\Users\ÉJÉãÉx~1\AppData\Local\Temp


JNI global refs:
JNI global refs: 16, weak refs: 0

JNI global refs memory usage: 843, weak refs: 209

OOME stack traces (most recent first):
Classloader memory used:
Loader bootstrap                                                                       : 2058K
Loader jdk.internal.loader.ClassLoaders$AppClassLoader                                 : 1788K
Loader java.net.URLClassLoader                                                         : 219K
Loader jdk.internal.loader.ClassLoaders$PlatformClassLoader                            : 20900B
Loader jdk.internal.reflect.DelegatingClassLoader                                      : 8496B

Classes loaded by more than one classloader:
Class org.slf4j.event.LoggingEvent                                                    : loaded 2 times (x 68B)
Class org.slf4j.helpers.Util                                                          : loaded 2 times (x 69B)
Class org.slf4j.ILoggerFactory                                                        : loaded 2 times (x 68B)
Class org.slf4j.LoggerFactory                                                         : loaded 2 times (x 69B)
Class org.slf4j.helpers.SubstituteLoggerFactory                                       : loaded 2 times (x 79B)
Class org.slf4j.bridge.SLF4JBridgeHandler                                             : loaded 2 times (x 89B)
Class org.slf4j.helpers.NOPLoggerFactory                                              : loaded 2 times (x 73B)
Class org.slf4j.Logger                                                                : loaded 2 times (x 68B)


---------------  S Y S T E M  ---------------

OS:
 Windows 10 , 64 bit Build 19041 (10.0.19041.4842)
OS uptime: 3 days 22:39 hours
Hyper-V role detected

CPU: total 2 (initial active 2) (2 cores per cpu, 1 threads per core) family 6 model 142 stepping 9 microcode 0xb4, cx8, cmov, fxsr, mmx, 3dnowpref, sse, sse2, sse3, ssse3, sse4.1, sse4.2, popcnt, lzcnt, tsc, tscinvbit, aes, erms, clmul, clflush, clflushopt, hv

Memory: 4k page, system-wide physical 4009M (129M free)
TotalPageFile size 16297M (AvailPageFile size 203M)
current process WorkingSet (physical memory assigned to process): 147M, peak: 147M
current process commit charge ("private bytes"): 174M, peak: 175M

vm_info: OpenJDK 64-Bit Server VM (17.0.7+7-b1000.6) for windows-amd64 JRE (17.0.7+7-b1000.6), built on 2023-07-07 by "builduser" with MS VC++ 16.10 / 16.11 (VS2019)

END.
